<?xml version="1.0" encoding="UTF-8"?>
<testng-results skipped="13" failed="15" total="47" passed="19">
  <reporter-output>
  </reporter-output>
  <suite name="Suite" duration-ms="890656" started-at="2014-11-24T13:09:15Z" finished-at="2014-11-24T13:24:06Z">
    <groups>
    </groups>
    <test name="chrome kask6intundubkorras" duration-ms="890491" started-at="2014-11-24T13:09:15Z" finished-at="2014-11-24T13:24:06Z">
      <class name="Survey.AnswerSurvey">
        <test-method status="PASS" signature="beforeTest(java.lang.String)[pri:0, instance:Survey.AnswerSurvey@3f2a3a5]" name="beforeTest" is-config="true" duration-ms="2531" started-at="2014-11-24T15:22:33Z" finished-at="2014-11-24T15:22:36Z">
          <params>
            <param index="0">
              <value>
                <![CDATA[chromekorras]]>
              </value>
            </param>
          </params>
          <reporter-output>
          </reporter-output>
        </test-method> <!-- beforeTest -->
        <test-method status="FAIL" signature="TestSurveyAnswer(java.lang.String, java.lang.String, java.lang.String, java.lang.String, java.lang.String, java.lang.String, java.lang.String, java.lang.String, java.lang.String, java.lang.String, java.lang.String, java.lang.String, java.lang.String)[pri:0, instance:Survey.AnswerSurvey@3f2a3a5]" name="TestSurveyAnswer" duration-ms="32108" started-at="2014-11-24T15:22:36Z" data-provider="AnsweringSurvey" finished-at="2014-11-24T15:23:08Z">
          <params>
            <param index="0">
              <value>
                <![CDATA[tavalinetont27]]>
              </value>
            </param>
            <param index="1">
              <value>
                <![CDATA[testime11]]>
              </value>
            </param>
            <param index="2">
              <value>
                <![CDATA[Tavaline]]>
              </value>
            </param>
            <param index="3">
              <value>
                <![CDATA[Kas see on tavaline küsitlius]]>
              </value>
            </param>
            <param index="4">
              <value>
                <![CDATA[Tundub täiesti tavaline]]>
              </value>
            </param>
            <param index="5">
              <value>
                <![CDATA[Mis meeldib mulle]]>
              </value>
            </param>
            <param index="6">
              <value>
                <![CDATA[Tavalised asjad]]>
              </value>
            </param>
            <param index="7">
              <value>
                <![CDATA[Action]]>
              </value>
            </param>
            <param index="8">
              <value>
                <![CDATA[Draama]]>
              </value>
            </param>
            <param index="9">
              <value>
                <![CDATA[Õnnenumbrid on mul]]>
              </value>
            </param>
            <param index="10">
              <value>
                <![CDATA[Kolmteist]]>
              </value>
            </param>
            <param index="11">
              <value>
                <![CDATA[Seitse]]>
              </value>
            </param>
            <param index="12">
              <value>
                <![CDATA[Üks]]>
              </value>
            </param>
          </params>
          <exception class="org.openqa.selenium.NoSuchElementException">
            <message>
              <![CDATA[no such element
  (Session info: chrome=38.0.2125.111)
  (Driver info: chromedriver=2.8.241075,platform=Windows NT 6.1 SP1 x86_64) (WARNING: The server did not provide any stacktrace information)
Command duration or timeout: 30.02 seconds
For documentation on this error, please visit: http://seleniumhq.org/exceptions/no_such_element.html
Build info: version: '2.43.1', revision: '5163bceef1bc36d43f3dc0b83c88998168a363a0', time: '2014-09-10 09:43:55'
System info: host: 'Madis-PC', ip: '192.168.0.109', os.name: 'Windows 7', os.arch: 'amd64', os.version: '6.1', java.version: '1.8.0_20'
Driver info: org.openqa.selenium.chrome.ChromeDriver
Capabilities [{applicationCacheEnabled=false, rotatable=false, chrome={userDataDir=C:\Users\Madis\AppData\Local\Temp\scoped_dir3432_31414}, takesHeapSnapshot=true, databaseEnabled=false, handlesAlerts=true, version=38.0.2125.111, platform=XP, browserConnectionEnabled=false, nativeEvents=true, acceptSslCerts=true, locationContextEnabled=true, webStorageEnabled=true, browserName=chrome, takesScreenshot=true, javascriptEnabled=true, cssSelectorsEnabled=true}]
Session ID: 985ec88ba43fefc1e02065319cf3d2d9]]>
            </message>
            <full-stacktrace>
              <![CDATA[org.openqa.selenium.NoSuchElementException: no such element
  (Session info: chrome=38.0.2125.111)
  (Driver info: chromedriver=2.8.241075,platform=Windows NT 6.1 SP1 x86_64) (WARNING: The server did not provide any stacktrace information)
Command duration or timeout: 30.02 seconds
For documentation on this error, please visit: http://seleniumhq.org/exceptions/no_such_element.html
Build info: version: '2.43.1', revision: '5163bceef1bc36d43f3dc0b83c88998168a363a0', time: '2014-09-10 09:43:55'
System info: host: 'Madis-PC', ip: '192.168.0.109', os.name: 'Windows 7', os.arch: 'amd64', os.version: '6.1', java.version: '1.8.0_20'
Driver info: org.openqa.selenium.chrome.ChromeDriver
Capabilities [{applicationCacheEnabled=false, rotatable=false, chrome={userDataDir=C:\Users\Madis\AppData\Local\Temp\scoped_dir3432_31414}, takesHeapSnapshot=true, databaseEnabled=false, handlesAlerts=true, version=38.0.2125.111, platform=XP, browserConnectionEnabled=false, nativeEvents=true, acceptSslCerts=true, locationContextEnabled=true, webStorageEnabled=true, browserName=chrome, takesScreenshot=true, javascriptEnabled=true, cssSelectorsEnabled=true}]
Session ID: 985ec88ba43fefc1e02065319cf3d2d9
	at sun.reflect.NativeConstructorAccessorImpl.newInstance0(Native Method)
	at sun.reflect.NativeConstructorAccessorImpl.newInstance(Unknown Source)
	at sun.reflect.DelegatingConstructorAccessorImpl.newInstance(Unknown Source)
	at java.lang.reflect.Constructor.newInstance(Unknown Source)
	at org.openqa.selenium.remote.ErrorHandler.createThrowable(ErrorHandler.java:204)
	at org.openqa.selenium.remote.ErrorHandler.throwIfResponseFailed(ErrorHandler.java:156)
	at org.openqa.selenium.remote.RemoteWebDriver.execute(RemoteWebDriver.java:599)
	at org.openqa.selenium.remote.RemoteWebDriver.findElement(RemoteWebDriver.java:352)
	at org.openqa.selenium.remote.RemoteWebDriver.findElementByCssSelector(RemoteWebDriver.java:441)
	at org.openqa.selenium.By$ByCssSelector.findElement(By.java:425)
	at org.openqa.selenium.remote.RemoteWebDriver.findElement(RemoteWebDriver.java:344)
	at PageObjects.Profile.ProfileKysitlused(Profile.java:147)
	at Survey.AnswerSurvey.TestSurveyAnswer(AnswerSurvey.java:19)
	at sun.reflect.NativeMethodAccessorImpl.invoke0(Native Method)
	at sun.reflect.NativeMethodAccessorImpl.invoke(Unknown Source)
	at sun.reflect.DelegatingMethodAccessorImpl.invoke(Unknown Source)
	at java.lang.reflect.Method.invoke(Unknown Source)
	at org.testng.internal.MethodInvocationHelper.invokeMethod(MethodInvocationHelper.java:84)
	at org.testng.internal.Invoker.invokeMethod(Invoker.java:714)
	at org.testng.internal.Invoker.invokeTestMethod(Invoker.java:901)
	at org.testng.internal.Invoker.invokeTestMethods(Invoker.java:1231)
	at org.testng.internal.TestMethodWorker.invokeTestMethods(TestMethodWorker.java:127)
	at org.testng.internal.TestMethodWorker.run(TestMethodWorker.java:111)
	at org.testng.TestRunner.privateRun(TestRunner.java:767)
	at org.testng.TestRunner.run(TestRunner.java:617)
	at org.testng.SuiteRunner.runTest(SuiteRunner.java:348)
	at org.testng.SuiteRunner.runSequentially(SuiteRunner.java:343)
	at org.testng.SuiteRunner.privateRun(SuiteRunner.java:305)
	at org.testng.SuiteRunner.run(SuiteRunner.java:254)
	at org.testng.SuiteRunnerWorker.runSuite(SuiteRunnerWorker.java:52)
	at org.testng.SuiteRunnerWorker.run(SuiteRunnerWorker.java:86)
	at org.testng.TestNG.runSuitesSequentially(TestNG.java:1224)
	at org.testng.TestNG.runSuitesLocally(TestNG.java:1149)
	at org.testng.TestNG.run(TestNG.java:1057)
	at org.apache.maven.surefire.testng.TestNGExecutor.run(TestNGExecutor.java:295)
	at org.apache.maven.surefire.testng.TestNGXmlTestSuite.execute(TestNGXmlTestSuite.java:84)
	at org.apache.maven.surefire.testng.TestNGProvider.invoke(TestNGProvider.java:90)
	at org.apache.maven.surefire.booter.ForkedBooter.invokeProviderInSameClassLoader(ForkedBooter.java:203)
	at org.apache.maven.surefire.booter.ForkedBooter.runSuitesInProcess(ForkedBooter.java:155)
	at org.apache.maven.surefire.booter.ForkedBooter.main(ForkedBooter.java:103)
]]>
            </full-stacktrace>
          </exception> <!-- org.openqa.selenium.NoSuchElementException -->
          <reporter-output>
          </reporter-output>
        </test-method> <!-- TestSurveyAnswer -->
        <test-method status="PASS" signature="closeBrowser()[pri:0, instance:Survey.AnswerSurvey@3f2a3a5]" name="closeBrowser" is-config="true" duration-ms="2490" started-at="2014-11-24T15:23:08Z" finished-at="2014-11-24T15:23:10Z">
          <reporter-output>
          </reporter-output>
        </test-method> <!-- closeBrowser -->
        <test-method status="PASS" signature="beforeTest(java.lang.String)[pri:0, instance:Survey.AnswerSurvey@3f2a3a5]" name="beforeTest" is-config="true" duration-ms="2750" started-at="2014-11-24T15:23:10Z" finished-at="2014-11-24T15:23:13Z">
          <params>
            <param index="0">
              <value>
                <![CDATA[chromekorras]]>
              </value>
            </param>
          </params>
          <reporter-output>
          </reporter-output>
        </test-method> <!-- beforeTest -->
        <test-method status="FAIL" signature="TestSurveyAnswer(java.lang.String, java.lang.String, java.lang.String, java.lang.String, java.lang.String, java.lang.String, java.lang.String, java.lang.String, java.lang.String, java.lang.String, java.lang.String, java.lang.String, java.lang.String)[pri:0, instance:Survey.AnswerSurvey@3f2a3a5]" name="TestSurveyAnswer" duration-ms="31992" started-at="2014-11-24T15:23:13Z" data-provider="AnsweringSurvey" finished-at="2014-11-24T15:23:45Z">
          <params>
            <param index="0">
              <value>
                <![CDATA[puhtaloom27]]>
              </value>
            </param>
            <param index="1">
              <value>
                <![CDATA[testime11]]>
              </value>
            </param>
            <param index="2">
              <value>
                <![CDATA[Loomaed]]>
              </value>
            </param>
            <param index="3">
              <value>
                <![CDATA[Kas Loomaias on loomi? Põhjenda?]]>
              </value>
            </param>
            <param index="4">
              <value>
                <![CDATA[Jah. Sest seda kutsutakse aiaks kus elavad loomad]]>
              </value>
            </param>
            <param index="5">
              <value>
                <![CDATA[Keda leidub loomaaias]]>
              </value>
            </param>
            <param index="6">
              <value>
                <![CDATA[gorilla]]>
              </value>
            </param>
            <param index="7">
              <value>
                <![CDATA[mammut]]>
              </value>
            </param>
            <param index="8">
              <value>
                <![CDATA[yeti]]>
              </value>
            </param>
            <param index="9">
              <value>
                <![CDATA[Mis loomad on mul kodus elanud]]>
              </value>
            </param>
            <param index="10">
              <value>
                <![CDATA[kassid]]>
              </value>
            </param>
            <param index="11">
              <value>
                <![CDATA[tsintsilja]]>
              </value>
            </param>
            <param index="12">
              <value>
                <![CDATA[tiiger]]>
              </value>
            </param>
          </params>
          <exception class="org.openqa.selenium.NoSuchElementException">
            <message>
              <![CDATA[no such element
  (Session info: chrome=38.0.2125.111)
  (Driver info: chromedriver=2.8.241075,platform=Windows NT 6.1 SP1 x86_64) (WARNING: The server did not provide any stacktrace information)
Command duration or timeout: 30.06 seconds
For documentation on this error, please visit: http://seleniumhq.org/exceptions/no_such_element.html
Build info: version: '2.43.1', revision: '5163bceef1bc36d43f3dc0b83c88998168a363a0', time: '2014-09-10 09:43:55'
System info: host: 'Madis-PC', ip: '192.168.0.109', os.name: 'Windows 7', os.arch: 'amd64', os.version: '6.1', java.version: '1.8.0_20'
Driver info: org.openqa.selenium.chrome.ChromeDriver
Capabilities [{applicationCacheEnabled=false, rotatable=false, chrome={userDataDir=C:\Users\Madis\AppData\Local\Temp\scoped_dir10288_24591}, takesHeapSnapshot=true, databaseEnabled=false, handlesAlerts=true, version=38.0.2125.111, platform=XP, browserConnectionEnabled=false, nativeEvents=true, acceptSslCerts=true, locationContextEnabled=true, webStorageEnabled=true, browserName=chrome, takesScreenshot=true, javascriptEnabled=true, cssSelectorsEnabled=true}]
Session ID: f7fab88ec3c9166e1814bf885d60fd11]]>
            </message>
            <full-stacktrace>
              <![CDATA[org.openqa.selenium.NoSuchElementException: no such element
  (Session info: chrome=38.0.2125.111)
  (Driver info: chromedriver=2.8.241075,platform=Windows NT 6.1 SP1 x86_64) (WARNING: The server did not provide any stacktrace information)
Command duration or timeout: 30.06 seconds
For documentation on this error, please visit: http://seleniumhq.org/exceptions/no_such_element.html
Build info: version: '2.43.1', revision: '5163bceef1bc36d43f3dc0b83c88998168a363a0', time: '2014-09-10 09:43:55'
System info: host: 'Madis-PC', ip: '192.168.0.109', os.name: 'Windows 7', os.arch: 'amd64', os.version: '6.1', java.version: '1.8.0_20'
Driver info: org.openqa.selenium.chrome.ChromeDriver
Capabilities [{applicationCacheEnabled=false, rotatable=false, chrome={userDataDir=C:\Users\Madis\AppData\Local\Temp\scoped_dir10288_24591}, takesHeapSnapshot=true, databaseEnabled=false, handlesAlerts=true, version=38.0.2125.111, platform=XP, browserConnectionEnabled=false, nativeEvents=true, acceptSslCerts=true, locationContextEnabled=true, webStorageEnabled=true, browserName=chrome, takesScreenshot=true, javascriptEnabled=true, cssSelectorsEnabled=true}]
Session ID: f7fab88ec3c9166e1814bf885d60fd11
	at sun.reflect.NativeConstructorAccessorImpl.newInstance0(Native Method)
	at sun.reflect.NativeConstructorAccessorImpl.newInstance(Unknown Source)
	at sun.reflect.DelegatingConstructorAccessorImpl.newInstance(Unknown Source)
	at java.lang.reflect.Constructor.newInstance(Unknown Source)
	at org.openqa.selenium.remote.ErrorHandler.createThrowable(ErrorHandler.java:204)
	at org.openqa.selenium.remote.ErrorHandler.throwIfResponseFailed(ErrorHandler.java:156)
	at org.openqa.selenium.remote.RemoteWebDriver.execute(RemoteWebDriver.java:599)
	at org.openqa.selenium.remote.RemoteWebDriver.findElement(RemoteWebDriver.java:352)
	at org.openqa.selenium.remote.RemoteWebDriver.findElementByCssSelector(RemoteWebDriver.java:441)
	at org.openqa.selenium.By$ByCssSelector.findElement(By.java:425)
	at org.openqa.selenium.remote.RemoteWebDriver.findElement(RemoteWebDriver.java:344)
	at PageObjects.Profile.ProfileKysitlused(Profile.java:147)
	at Survey.AnswerSurvey.TestSurveyAnswer(AnswerSurvey.java:19)
	at sun.reflect.NativeMethodAccessorImpl.invoke0(Native Method)
	at sun.reflect.NativeMethodAccessorImpl.invoke(Unknown Source)
	at sun.reflect.DelegatingMethodAccessorImpl.invoke(Unknown Source)
	at java.lang.reflect.Method.invoke(Unknown Source)
	at org.testng.internal.MethodInvocationHelper.invokeMethod(MethodInvocationHelper.java:84)
	at org.testng.internal.Invoker.invokeMethod(Invoker.java:714)
	at org.testng.internal.Invoker.invokeTestMethod(Invoker.java:901)
	at org.testng.internal.Invoker.invokeTestMethods(Invoker.java:1231)
	at org.testng.internal.TestMethodWorker.invokeTestMethods(TestMethodWorker.java:127)
	at org.testng.internal.TestMethodWorker.run(TestMethodWorker.java:111)
	at org.testng.TestRunner.privateRun(TestRunner.java:767)
	at org.testng.TestRunner.run(TestRunner.java:617)
	at org.testng.SuiteRunner.runTest(SuiteRunner.java:348)
	at org.testng.SuiteRunner.runSequentially(SuiteRunner.java:343)
	at org.testng.SuiteRunner.privateRun(SuiteRunner.java:305)
	at org.testng.SuiteRunner.run(SuiteRunner.java:254)
	at org.testng.SuiteRunnerWorker.runSuite(SuiteRunnerWorker.java:52)
	at org.testng.SuiteRunnerWorker.run(SuiteRunnerWorker.java:86)
	at org.testng.TestNG.runSuitesSequentially(TestNG.java:1224)
	at org.testng.TestNG.runSuitesLocally(TestNG.java:1149)
	at org.testng.TestNG.run(TestNG.java:1057)
	at org.apache.maven.surefire.testng.TestNGExecutor.run(TestNGExecutor.java:295)
	at org.apache.maven.surefire.testng.TestNGXmlTestSuite.execute(TestNGXmlTestSuite.java:84)
	at org.apache.maven.surefire.testng.TestNGProvider.invoke(TestNGProvider.java:90)
	at org.apache.maven.surefire.booter.ForkedBooter.invokeProviderInSameClassLoader(ForkedBooter.java:203)
	at org.apache.maven.surefire.booter.ForkedBooter.runSuitesInProcess(ForkedBooter.java:155)
	at org.apache.maven.surefire.booter.ForkedBooter.main(ForkedBooter.java:103)
]]>
            </full-stacktrace>
          </exception> <!-- org.openqa.selenium.NoSuchElementException -->
          <reporter-output>
          </reporter-output>
        </test-method> <!-- TestSurveyAnswer -->
        <test-method status="PASS" signature="closeBrowser()[pri:0, instance:Survey.AnswerSurvey@3f2a3a5]" name="closeBrowser" is-config="true" duration-ms="2486" started-at="2014-11-24T15:23:45Z" finished-at="2014-11-24T15:23:48Z">
          <reporter-output>
          </reporter-output>
        </test-method> <!-- closeBrowser -->
        <test-method status="PASS" signature="beforeTest(java.lang.String)[pri:0, instance:Survey.AnswerSurvey@3f2a3a5]" name="beforeTest" is-config="true" duration-ms="2576" started-at="2014-11-24T15:23:48Z" finished-at="2014-11-24T15:23:50Z">
          <params>
            <param index="0">
              <value>
                <![CDATA[chromekorras]]>
              </value>
            </param>
          </params>
          <reporter-output>
          </reporter-output>
        </test-method> <!-- beforeTest -->
        <test-method status="FAIL" signature="TestSurveyAnswer(java.lang.String, java.lang.String, java.lang.String, java.lang.String, java.lang.String, java.lang.String, java.lang.String, java.lang.String, java.lang.String, java.lang.String, java.lang.String, java.lang.String, java.lang.String)[pri:0, instance:Survey.AnswerSurvey@3f2a3a5]" name="TestSurveyAnswer" duration-ms="14960" started-at="2014-11-24T15:23:50Z" data-provider="AnsweringSurvey" finished-at="2014-11-24T15:24:05Z">
          <params>
            <param index="0">
              <value>
                <![CDATA[filmweird27]]>
              </value>
            </param>
            <param index="1">
              <value>
                <![CDATA[testime11]]>
              </value>
            </param>
            <param index="2">
              <value>
                <![CDATA[Filmid]]>
              </value>
            </param>
            <param index="3">
              <value>
                <![CDATA[Kas liiga palju järge on halb?]]>
              </value>
            </param>
            <param index="4">
              <value>
                <![CDATA[Kahjuks küll, kuid raha toovad nad sisse]]>
              </value>
            </param>
            <param index="5">
              <value>
                <![CDATA[Minu lemmikfilmi zanr]]>
              </value>
            </param>
            <param index="6">
              <value>
                <![CDATA[Comedy]]>
              </value>
            </param>
            <param index="7">
              <value>
                <![CDATA[Action]]>
              </value>
            </param>
            <param index="8">
              <value>
                <![CDATA[Draama]]>
              </value>
            </param>
            <param index="9">
              <value>
                <![CDATA[Minu lemmik filmid]]>
              </value>
            </param>
            <param index="10">
              <value>
                <![CDATA[Chinese Odyssey]]>
              </value>
            </param>
            <param index="11">
              <value>
                <![CDATA[Clerks]]>
              </value>
            </param>
            <param index="12">
              <value>
                <![CDATA[Tulnukas]]>
              </value>
            </param>
          </params>
          <exception class="java.lang.NullPointerException">
            <full-stacktrace>
              <![CDATA[java.lang.NullPointerException
	at Survey.AnswerSurvey.TestSurveyAnswer(AnswerSurvey.java:19)
	at sun.reflect.NativeMethodAccessorImpl.invoke0(Native Method)
	at sun.reflect.NativeMethodAccessorImpl.invoke(Unknown Source)
	at sun.reflect.DelegatingMethodAccessorImpl.invoke(Unknown Source)
	at java.lang.reflect.Method.invoke(Unknown Source)
	at org.testng.internal.MethodInvocationHelper.invokeMethod(MethodInvocationHelper.java:84)
	at org.testng.internal.Invoker.invokeMethod(Invoker.java:714)
	at org.testng.internal.Invoker.invokeTestMethod(Invoker.java:901)
	at org.testng.internal.Invoker.invokeTestMethods(Invoker.java:1231)
	at org.testng.internal.TestMethodWorker.invokeTestMethods(TestMethodWorker.java:127)
	at org.testng.internal.TestMethodWorker.run(TestMethodWorker.java:111)
	at org.testng.TestRunner.privateRun(TestRunner.java:767)
	at org.testng.TestRunner.run(TestRunner.java:617)
	at org.testng.SuiteRunner.runTest(SuiteRunner.java:348)
	at org.testng.SuiteRunner.runSequentially(SuiteRunner.java:343)
	at org.testng.SuiteRunner.privateRun(SuiteRunner.java:305)
	at org.testng.SuiteRunner.run(SuiteRunner.java:254)
	at org.testng.SuiteRunnerWorker.runSuite(SuiteRunnerWorker.java:52)
	at org.testng.SuiteRunnerWorker.run(SuiteRunnerWorker.java:86)
	at org.testng.TestNG.runSuitesSequentially(TestNG.java:1224)
	at org.testng.TestNG.runSuitesLocally(TestNG.java:1149)
	at org.testng.TestNG.run(TestNG.java:1057)
	at org.apache.maven.surefire.testng.TestNGExecutor.run(TestNGExecutor.java:295)
	at org.apache.maven.surefire.testng.TestNGXmlTestSuite.execute(TestNGXmlTestSuite.java:84)
	at org.apache.maven.surefire.testng.TestNGProvider.invoke(TestNGProvider.java:90)
	at org.apache.maven.surefire.booter.ForkedBooter.invokeProviderInSameClassLoader(ForkedBooter.java:203)
	at org.apache.maven.surefire.booter.ForkedBooter.runSuitesInProcess(ForkedBooter.java:155)
	at org.apache.maven.surefire.booter.ForkedBooter.main(ForkedBooter.java:103)
]]>
            </full-stacktrace>
          </exception> <!-- java.lang.NullPointerException -->
          <reporter-output>
          </reporter-output>
        </test-method> <!-- TestSurveyAnswer -->
        <test-method status="FAIL" signature="closeBrowser()[pri:0, instance:Survey.AnswerSurvey@3f2a3a5]" name="closeBrowser" is-config="true" duration-ms="0" started-at="2014-11-24T15:24:05Z" finished-at="2014-11-24T15:24:05Z">
          <exception class="org.openqa.selenium.WebDriverException">
            <message>
              <![CDATA[chrome not reachable
  (Session info: chrome=38.0.2125.111)
  (Driver info: chromedriver=2.8.241075,platform=Windows NT 6.1 SP1 x86_64) (WARNING: The server did not provide any stacktrace information)
Command duration or timeout: 260 milliseconds
Build info: version: '2.43.1', revision: '5163bceef1bc36d43f3dc0b83c88998168a363a0', time: '2014-09-10 09:43:55'
System info: host: 'Madis-PC', ip: '192.168.0.109', os.name: 'Windows 7', os.arch: 'amd64', os.version: '6.1', java.version: '1.8.0_20'
Driver info: org.openqa.selenium.chrome.ChromeDriver
Capabilities [{applicationCacheEnabled=false, rotatable=false, chrome={userDataDir=C:\Users\Madis\AppData\Local\Temp\scoped_dir11848_519}, takesHeapSnapshot=true, databaseEnabled=false, handlesAlerts=true, version=38.0.2125.111, platform=XP, browserConnectionEnabled=false, nativeEvents=true, acceptSslCerts=true, locationContextEnabled=true, webStorageEnabled=true, browserName=chrome, takesScreenshot=true, javascriptEnabled=true, cssSelectorsEnabled=true}]
Session ID: fabb13b57152c79a5cfb6b79e2936044]]>
            </message>
            <full-stacktrace>
              <![CDATA[org.openqa.selenium.WebDriverException: chrome not reachable
  (Session info: chrome=38.0.2125.111)
  (Driver info: chromedriver=2.8.241075,platform=Windows NT 6.1 SP1 x86_64) (WARNING: The server did not provide any stacktrace information)
Command duration or timeout: 260 milliseconds
Build info: version: '2.43.1', revision: '5163bceef1bc36d43f3dc0b83c88998168a363a0', time: '2014-09-10 09:43:55'
System info: host: 'Madis-PC', ip: '192.168.0.109', os.name: 'Windows 7', os.arch: 'amd64', os.version: '6.1', java.version: '1.8.0_20'
Driver info: org.openqa.selenium.chrome.ChromeDriver
Capabilities [{applicationCacheEnabled=false, rotatable=false, chrome={userDataDir=C:\Users\Madis\AppData\Local\Temp\scoped_dir11848_519}, takesHeapSnapshot=true, databaseEnabled=false, handlesAlerts=true, version=38.0.2125.111, platform=XP, browserConnectionEnabled=false, nativeEvents=true, acceptSslCerts=true, locationContextEnabled=true, webStorageEnabled=true, browserName=chrome, takesScreenshot=true, javascriptEnabled=true, cssSelectorsEnabled=true}]
Session ID: fabb13b57152c79a5cfb6b79e2936044
	at sun.reflect.NativeConstructorAccessorImpl.newInstance0(Native Method)
	at sun.reflect.NativeConstructorAccessorImpl.newInstance(Unknown Source)
	at sun.reflect.DelegatingConstructorAccessorImpl.newInstance(Unknown Source)
	at java.lang.reflect.Constructor.newInstance(Unknown Source)
	at org.openqa.selenium.remote.ErrorHandler.createThrowable(ErrorHandler.java:204)
	at org.openqa.selenium.remote.ErrorHandler.throwIfResponseFailed(ErrorHandler.java:156)
	at org.openqa.selenium.remote.RemoteWebDriver.execute(RemoteWebDriver.java:599)
	at org.openqa.selenium.remote.RemoteWebDriver.execute(RemoteWebDriver.java:614)
	at org.openqa.selenium.remote.RemoteWebDriver.close(RemoteWebDriver.java:463)
	at Utils.Browser.closeBrowser(Browser.java:174)
	at sun.reflect.GeneratedMethodAccessor12.invoke(Unknown Source)
	at sun.reflect.DelegatingMethodAccessorImpl.invoke(Unknown Source)
	at java.lang.reflect.Method.invoke(Unknown Source)
	at org.testng.internal.MethodInvocationHelper.invokeMethod(MethodInvocationHelper.java:84)
	at org.testng.internal.Invoker.invokeConfigurationMethod(Invoker.java:564)
	at org.testng.internal.Invoker.invokeConfigurations(Invoker.java:213)
	at org.testng.internal.Invoker.invokeMethod(Invoker.java:786)
	at org.testng.internal.Invoker.invokeTestMethod(Invoker.java:901)
	at org.testng.internal.Invoker.invokeTestMethods(Invoker.java:1231)
	at org.testng.internal.TestMethodWorker.invokeTestMethods(TestMethodWorker.java:127)
	at org.testng.internal.TestMethodWorker.run(TestMethodWorker.java:111)
	at org.testng.TestRunner.privateRun(TestRunner.java:767)
	at org.testng.TestRunner.run(TestRunner.java:617)
	at org.testng.SuiteRunner.runTest(SuiteRunner.java:348)
	at org.testng.SuiteRunner.runSequentially(SuiteRunner.java:343)
	at org.testng.SuiteRunner.privateRun(SuiteRunner.java:305)
	at org.testng.SuiteRunner.run(SuiteRunner.java:254)
	at org.testng.SuiteRunnerWorker.runSuite(SuiteRunnerWorker.java:52)
	at org.testng.SuiteRunnerWorker.run(SuiteRunnerWorker.java:86)
	at org.testng.TestNG.runSuitesSequentially(TestNG.java:1224)
	at org.testng.TestNG.runSuitesLocally(TestNG.java:1149)
	at org.testng.TestNG.run(TestNG.java:1057)
	at org.apache.maven.surefire.testng.TestNGExecutor.run(TestNGExecutor.java:295)
	at org.apache.maven.surefire.testng.TestNGXmlTestSuite.execute(TestNGXmlTestSuite.java:84)
	at org.apache.maven.surefire.testng.TestNGProvider.invoke(TestNGProvider.java:90)
	at org.apache.maven.surefire.booter.ForkedBooter.invokeProviderInSameClassLoader(ForkedBooter.java:203)
	at org.apache.maven.surefire.booter.ForkedBooter.runSuitesInProcess(ForkedBooter.java:155)
	at org.apache.maven.surefire.booter.ForkedBooter.main(ForkedBooter.java:103)
]]>
            </full-stacktrace>
          </exception> <!-- org.openqa.selenium.WebDriverException -->
          <reporter-output>
          </reporter-output>
        </test-method> <!-- closeBrowser -->
      </class> <!-- Survey.AnswerSurvey -->
      <class name="Feedback.AnswerPrivateFeedback">
        <test-method status="PASS" signature="beforeTest(java.lang.String)[pri:0, instance:Feedback.AnswerPrivateFeedback@77b52d12]" name="beforeTest" is-config="true" duration-ms="3095" started-at="2014-11-24T15:11:49Z" finished-at="2014-11-24T15:11:52Z">
          <params>
            <param index="0">
              <value>
                <![CDATA[chromekorras]]>
              </value>
            </param>
          </params>
          <reporter-output>
          </reporter-output>
        </test-method> <!-- beforeTest -->
        <test-method status="PASS" signature="Test(java.lang.String, java.lang.String, java.lang.String, java.lang.String, java.lang.String, java.lang.String, java.lang.String)[pri:0, instance:Feedback.AnswerPrivateFeedback@77b52d12]" name="Test" duration-ms="7220" started-at="2014-11-24T15:11:52Z" data-provider="CommentData" finished-at="2014-11-24T15:11:59Z">
          <params>
            <param index="0">
              <value>
                <![CDATA[tavalinetont27]]>
              </value>
            </param>
            <param index="1">
              <value>
                <![CDATA[puhtaloom27]]>
              </value>
            </param>
            <param index="2">
              <value>
                <![CDATA[testime11]]>
              </value>
            </param>
            <param index="3">
              <value>
                <![CDATA[Jalgpall on elu]]>
              </value>
            </param>
            <param index="4">
              <value>
                <![CDATA[Sinu jaoks jah]]>
              </value>
            </param>
            <param index="5">
              <value>
                <![CDATA[Väravaid oskab lüüa, kuid kaitsa ei oska]]>
              </value>
            </param>
            <param index="6">
              <value>
                <![CDATA[Jalgpalliäss]]>
              </value>
            </param>
          </params>
          <reporter-output>
          </reporter-output>
        </test-method> <!-- Test -->
        <test-method status="PASS" signature="closeBrowser()[pri:0, instance:Feedback.AnswerPrivateFeedback@77b52d12]" name="closeBrowser" is-config="true" duration-ms="2445" started-at="2014-11-24T15:11:59Z" finished-at="2014-11-24T15:12:02Z">
          <reporter-output>
          </reporter-output>
        </test-method> <!-- closeBrowser -->
        <test-method status="PASS" signature="beforeTest(java.lang.String)[pri:0, instance:Feedback.AnswerPrivateFeedback@77b52d12]" name="beforeTest" is-config="true" duration-ms="3037" started-at="2014-11-24T15:12:02Z" finished-at="2014-11-24T15:12:05Z">
          <params>
            <param index="0">
              <value>
                <![CDATA[chromekorras]]>
              </value>
            </param>
          </params>
          <reporter-output>
          </reporter-output>
        </test-method> <!-- beforeTest -->
        <test-method status="PASS" signature="Test(java.lang.String, java.lang.String, java.lang.String, java.lang.String, java.lang.String, java.lang.String, java.lang.String)[pri:0, instance:Feedback.AnswerPrivateFeedback@77b52d12]" name="Test" duration-ms="6522" started-at="2014-11-24T15:12:05Z" data-provider="CommentData" finished-at="2014-11-24T15:12:11Z">
          <params>
            <param index="0">
              <value>
                <![CDATA[puhtaloom27]]>
              </value>
            </param>
            <param index="1">
              <value>
                <![CDATA[filmweird27]]>
              </value>
            </param>
            <param index="2">
              <value>
                <![CDATA[testime11]]>
              </value>
            </param>
            <param index="3">
              <value>
                <![CDATA[Eks me kõik oleme natuke imelikud]]>
              </value>
            </param>
            <param index="4">
              <value>
                <![CDATA[Eks ta ole jah nii]]>
              </value>
            </param>
            <param index="5">
              <value>
                <![CDATA[Teab palju imelike filme]]>
              </value>
            </param>
            <param index="6">
              <value>
                <![CDATA[We meet again. Weirdo]]>
              </value>
            </param>
          </params>
          <reporter-output>
          </reporter-output>
        </test-method> <!-- Test -->
        <test-method status="PASS" signature="closeBrowser()[pri:0, instance:Feedback.AnswerPrivateFeedback@77b52d12]" name="closeBrowser" is-config="true" duration-ms="2464" started-at="2014-11-24T15:12:11Z" finished-at="2014-11-24T15:12:14Z">
          <reporter-output>
          </reporter-output>
        </test-method> <!-- closeBrowser -->
        <test-method status="PASS" signature="beforeTest(java.lang.String)[pri:0, instance:Feedback.AnswerPrivateFeedback@77b52d12]" name="beforeTest" is-config="true" duration-ms="2430" started-at="2014-11-24T15:12:14Z" finished-at="2014-11-24T15:12:16Z">
          <params>
            <param index="0">
              <value>
                <![CDATA[chromekorras]]>
              </value>
            </param>
          </params>
          <reporter-output>
          </reporter-output>
        </test-method> <!-- beforeTest -->
        <test-method status="PASS" signature="Test(java.lang.String, java.lang.String, java.lang.String, java.lang.String, java.lang.String, java.lang.String, java.lang.String)[pri:0, instance:Feedback.AnswerPrivateFeedback@77b52d12]" name="Test" duration-ms="8756" started-at="2014-11-24T15:12:16Z" data-provider="CommentData" finished-at="2014-11-24T15:12:25Z">
          <params>
            <param index="0">
              <value>
                <![CDATA[filmweird27]]>
              </value>
            </param>
            <param index="1">
              <value>
                <![CDATA[tavalinetont27]]>
              </value>
            </param>
            <param index="2">
              <value>
                <![CDATA[testime11]]>
              </value>
            </param>
            <param index="3">
              <value>
                <![CDATA[Asja tuleb rahulikult v6tta]]>
              </value>
            </param>
            <param index="4">
              <value>
                <![CDATA[Oleks ma nii rahulik]]>
              </value>
            </param>
            <param index="5">
              <value>
                <![CDATA[Teda ei häiri miski]]>
              </value>
            </param>
            <param index="6">
              <value>
                <![CDATA[Vaikne Vend]]>
              </value>
            </param>
          </params>
          <reporter-output>
          </reporter-output>
        </test-method> <!-- Test -->
        <test-method status="PASS" signature="closeBrowser()[pri:0, instance:Feedback.AnswerPrivateFeedback@77b52d12]" name="closeBrowser" is-config="true" duration-ms="2443" started-at="2014-11-24T15:12:25Z" finished-at="2014-11-24T15:12:27Z">
          <reporter-output>
          </reporter-output>
        </test-method> <!-- closeBrowser -->
      </class> <!-- Feedback.AnswerPrivateFeedback -->
      <class name="Feedback.FeedbackVal">
        <test-method status="PASS" signature="beforeTest(java.lang.String)[pri:0, instance:Feedback.FeedbackVal@2ed94a8b]" name="beforeTest" is-config="true" duration-ms="3316" started-at="2014-11-24T15:10:33Z" finished-at="2014-11-24T15:10:36Z">
          <params>
            <param index="0">
              <value>
                <![CDATA[chromekorras]]>
              </value>
            </param>
          </params>
          <reporter-output>
          </reporter-output>
        </test-method> <!-- beforeTest -->
        <test-method status="FAIL" signature="testFeedbackVal(java.lang.String, java.lang.String, java.lang.String, java.lang.String, java.lang.String, java.lang.String, java.lang.String, java.lang.String, java.lang.String, java.lang.String, java.lang.String)[pri:0, instance:Feedback.FeedbackVal@2ed94a8b]" name="testFeedbackVal" duration-ms="11198" started-at="2014-11-24T15:10:36Z" data-provider="Feedbackval" finished-at="2014-11-24T15:10:47Z">
          <params>
            <param index="0">
              <value>
                <![CDATA[tavalinetont27]]>
              </value>
            </param>
            <param index="1">
              <value>
                <![CDATA[puhtaloom27]]>
              </value>
            </param>
            <param index="2">
              <value>
                <![CDATA[filmweird27]]>
              </value>
            </param>
            <param index="3">
              <value>
                <![CDATA[testime11]]>
              </value>
            </param>
            <param index="4">
              <value>
                <![CDATA[Anon kiidab sind]]>
              </value>
            </param>
            <param index="5">
              <value>
                <![CDATA[Oma küla vana]]>
              </value>
            </param>
            <param index="6">
              <value>
                <![CDATA[Jalgpalliäss]]>
              </value>
            </param>
            <param index="7">
              <value>
                <![CDATA[Eks sa tea paremini]]>
              </value>
            </param>
            <param index="8">
              <value>
                <![CDATA[selentest13@mailinator.com]]>
              </value>
            </param>
            <param index="9">
              <value>
                <![CDATA[selentest@hotmail.com]]>
              </value>
            </param>
            <param index="10">
              <value>
                <![CDATA[1]]>
              </value>
            </param>
          </params>
          <exception class="java.lang.AssertionError">
            <message>
              <![CDATA[expected [true] but found [false]]]>
            </message>
            <full-stacktrace>
              <![CDATA[java.lang.AssertionError: expected [true] but found [false]
	at org.testng.Assert.fail(Assert.java:94)
	at org.testng.Assert.failNotEquals(Assert.java:494)
	at org.testng.Assert.assertTrue(Assert.java:42)
	at org.testng.Assert.assertTrue(Assert.java:52)
	at Feedback.FeedbackVal.testFeedbackVal(FeedbackVal.java:56)
	at sun.reflect.NativeMethodAccessorImpl.invoke0(Native Method)
	at sun.reflect.NativeMethodAccessorImpl.invoke(Unknown Source)
	at sun.reflect.DelegatingMethodAccessorImpl.invoke(Unknown Source)
	at java.lang.reflect.Method.invoke(Unknown Source)
	at org.testng.internal.MethodInvocationHelper.invokeMethod(MethodInvocationHelper.java:84)
	at org.testng.internal.Invoker.invokeMethod(Invoker.java:714)
	at org.testng.internal.Invoker.invokeTestMethod(Invoker.java:901)
	at org.testng.internal.Invoker.invokeTestMethods(Invoker.java:1231)
	at org.testng.internal.TestMethodWorker.invokeTestMethods(TestMethodWorker.java:127)
	at org.testng.internal.TestMethodWorker.run(TestMethodWorker.java:111)
	at org.testng.TestRunner.privateRun(TestRunner.java:767)
	at org.testng.TestRunner.run(TestRunner.java:617)
	at org.testng.SuiteRunner.runTest(SuiteRunner.java:348)
	at org.testng.SuiteRunner.runSequentially(SuiteRunner.java:343)
	at org.testng.SuiteRunner.privateRun(SuiteRunner.java:305)
	at org.testng.SuiteRunner.run(SuiteRunner.java:254)
	at org.testng.SuiteRunnerWorker.runSuite(SuiteRunnerWorker.java:52)
	at org.testng.SuiteRunnerWorker.run(SuiteRunnerWorker.java:86)
	at org.testng.TestNG.runSuitesSequentially(TestNG.java:1224)
	at org.testng.TestNG.runSuitesLocally(TestNG.java:1149)
	at org.testng.TestNG.run(TestNG.java:1057)
	at org.apache.maven.surefire.testng.TestNGExecutor.run(TestNGExecutor.java:295)
	at org.apache.maven.surefire.testng.TestNGXmlTestSuite.execute(TestNGXmlTestSuite.java:84)
	at org.apache.maven.surefire.testng.TestNGProvider.invoke(TestNGProvider.java:90)
	at org.apache.maven.surefire.booter.ForkedBooter.invokeProviderInSameClassLoader(ForkedBooter.java:203)
	at org.apache.maven.surefire.booter.ForkedBooter.runSuitesInProcess(ForkedBooter.java:155)
	at org.apache.maven.surefire.booter.ForkedBooter.main(ForkedBooter.java:103)
]]>
            </full-stacktrace>
          </exception> <!-- java.lang.AssertionError -->
          <reporter-output>
          </reporter-output>
        </test-method> <!-- testFeedbackVal -->
        <test-method status="PASS" signature="closeBrowser()[pri:0, instance:Feedback.FeedbackVal@2ed94a8b]" name="closeBrowser" is-config="true" duration-ms="2475" started-at="2014-11-24T15:10:47Z" finished-at="2014-11-24T15:10:50Z">
          <reporter-output>
          </reporter-output>
        </test-method> <!-- closeBrowser -->
        <test-method status="PASS" signature="beforeTest(java.lang.String)[pri:0, instance:Feedback.FeedbackVal@2ed94a8b]" name="beforeTest" is-config="true" duration-ms="3411" started-at="2014-11-24T15:10:50Z" finished-at="2014-11-24T15:10:53Z">
          <params>
            <param index="0">
              <value>
                <![CDATA[chromekorras]]>
              </value>
            </param>
          </params>
          <reporter-output>
          </reporter-output>
        </test-method> <!-- beforeTest -->
        <test-method status="FAIL" signature="testFeedbackVal(java.lang.String, java.lang.String, java.lang.String, java.lang.String, java.lang.String, java.lang.String, java.lang.String, java.lang.String, java.lang.String, java.lang.String, java.lang.String)[pri:0, instance:Feedback.FeedbackVal@2ed94a8b]" name="testFeedbackVal" duration-ms="36287" started-at="2014-11-24T15:10:53Z" data-provider="Feedbackval" finished-at="2014-11-24T15:11:29Z">
          <params>
            <param index="0">
              <value>
                <![CDATA[puhtaloom27]]>
              </value>
            </param>
            <param index="1">
              <value>
                <![CDATA[filmweird27]]>
              </value>
            </param>
            <param index="2">
              <value>
                <![CDATA[tavalinetont27]]>
              </value>
            </param>
            <param index="3">
              <value>
                <![CDATA[testime11]]>
              </value>
            </param>
            <param index="4">
              <value>
                <![CDATA[Veits imelik]]>
              </value>
            </param>
            <param index="5">
              <value>
                <![CDATA[Omamoodi]]>
              </value>
            </param>
            <param index="6">
              <value>
                <![CDATA[We meet again. Weirdo]]>
              </value>
            </param>
            <param index="7">
              <value>
                <![CDATA[Eks kaitsetöö ole kah tähtis]]>
              </value>
            </param>
            <param index="8">
              <value>
                <![CDATA[testimeauto12@mailinator.com]]>
              </value>
            </param>
            <param index="9">
              <value>
                <![CDATA[selentest@hotmail.com]]>
              </value>
            </param>
            <param index="10">
              <value>
                <![CDATA[2]]>
              </value>
            </param>
          </params>
          <exception class="org.openqa.selenium.NoSuchElementException">
            <message>
              <![CDATA[no such element
  (Session info: chrome=38.0.2125.111)
  (Driver info: chromedriver=2.8.241075,platform=Windows NT 6.1 SP1 x86_64) (WARNING: The server did not provide any stacktrace information)
Command duration or timeout: 30.06 seconds
For documentation on this error, please visit: http://seleniumhq.org/exceptions/no_such_element.html
Build info: version: '2.43.1', revision: '5163bceef1bc36d43f3dc0b83c88998168a363a0', time: '2014-09-10 09:43:55'
System info: host: 'Madis-PC', ip: '192.168.0.109', os.name: 'Windows 7', os.arch: 'amd64', os.version: '6.1', java.version: '1.8.0_20'
Driver info: org.openqa.selenium.chrome.ChromeDriver
Capabilities [{applicationCacheEnabled=false, rotatable=false, chrome={userDataDir=C:\Users\Madis\AppData\Local\Temp\scoped_dir7868_26139}, takesHeapSnapshot=true, databaseEnabled=false, handlesAlerts=true, version=38.0.2125.111, platform=XP, browserConnectionEnabled=false, nativeEvents=true, acceptSslCerts=true, locationContextEnabled=true, webStorageEnabled=true, browserName=chrome, takesScreenshot=true, javascriptEnabled=true, cssSelectorsEnabled=true}]
Session ID: a4b36dc3ad60bb61ceb3229db41ca9ca]]>
            </message>
            <full-stacktrace>
              <![CDATA[org.openqa.selenium.NoSuchElementException: no such element
  (Session info: chrome=38.0.2125.111)
  (Driver info: chromedriver=2.8.241075,platform=Windows NT 6.1 SP1 x86_64) (WARNING: The server did not provide any stacktrace information)
Command duration or timeout: 30.06 seconds
For documentation on this error, please visit: http://seleniumhq.org/exceptions/no_such_element.html
Build info: version: '2.43.1', revision: '5163bceef1bc36d43f3dc0b83c88998168a363a0', time: '2014-09-10 09:43:55'
System info: host: 'Madis-PC', ip: '192.168.0.109', os.name: 'Windows 7', os.arch: 'amd64', os.version: '6.1', java.version: '1.8.0_20'
Driver info: org.openqa.selenium.chrome.ChromeDriver
Capabilities [{applicationCacheEnabled=false, rotatable=false, chrome={userDataDir=C:\Users\Madis\AppData\Local\Temp\scoped_dir7868_26139}, takesHeapSnapshot=true, databaseEnabled=false, handlesAlerts=true, version=38.0.2125.111, platform=XP, browserConnectionEnabled=false, nativeEvents=true, acceptSslCerts=true, locationContextEnabled=true, webStorageEnabled=true, browserName=chrome, takesScreenshot=true, javascriptEnabled=true, cssSelectorsEnabled=true}]
Session ID: a4b36dc3ad60bb61ceb3229db41ca9ca
	at sun.reflect.NativeConstructorAccessorImpl.newInstance0(Native Method)
	at sun.reflect.NativeConstructorAccessorImpl.newInstance(Unknown Source)
	at sun.reflect.DelegatingConstructorAccessorImpl.newInstance(Unknown Source)
	at java.lang.reflect.Constructor.newInstance(Unknown Source)
	at org.openqa.selenium.remote.ErrorHandler.createThrowable(ErrorHandler.java:204)
	at org.openqa.selenium.remote.ErrorHandler.throwIfResponseFailed(ErrorHandler.java:156)
	at org.openqa.selenium.remote.RemoteWebDriver.execute(RemoteWebDriver.java:599)
	at org.openqa.selenium.remote.RemoteWebDriver.findElement(RemoteWebDriver.java:352)
	at org.openqa.selenium.remote.RemoteWebDriver.findElementByCssSelector(RemoteWebDriver.java:441)
	at org.openqa.selenium.By$ByCssSelector.findElement(By.java:425)
	at org.openqa.selenium.remote.RemoteWebDriver.findElement(RemoteWebDriver.java:344)
	at PageObjects.LoggedIn.Friends(LoggedIn.java:259)
	at Feedback.FeedbackVal.testFeedbackVal(FeedbackVal.java:49)
	at sun.reflect.NativeMethodAccessorImpl.invoke0(Native Method)
	at sun.reflect.NativeMethodAccessorImpl.invoke(Unknown Source)
	at sun.reflect.DelegatingMethodAccessorImpl.invoke(Unknown Source)
	at java.lang.reflect.Method.invoke(Unknown Source)
	at org.testng.internal.MethodInvocationHelper.invokeMethod(MethodInvocationHelper.java:84)
	at org.testng.internal.Invoker.invokeMethod(Invoker.java:714)
	at org.testng.internal.Invoker.invokeTestMethod(Invoker.java:901)
	at org.testng.internal.Invoker.invokeTestMethods(Invoker.java:1231)
	at org.testng.internal.TestMethodWorker.invokeTestMethods(TestMethodWorker.java:127)
	at org.testng.internal.TestMethodWorker.run(TestMethodWorker.java:111)
	at org.testng.TestRunner.privateRun(TestRunner.java:767)
	at org.testng.TestRunner.run(TestRunner.java:617)
	at org.testng.SuiteRunner.runTest(SuiteRunner.java:348)
	at org.testng.SuiteRunner.runSequentially(SuiteRunner.java:343)
	at org.testng.SuiteRunner.privateRun(SuiteRunner.java:305)
	at org.testng.SuiteRunner.run(SuiteRunner.java:254)
	at org.testng.SuiteRunnerWorker.runSuite(SuiteRunnerWorker.java:52)
	at org.testng.SuiteRunnerWorker.run(SuiteRunnerWorker.java:86)
	at org.testng.TestNG.runSuitesSequentially(TestNG.java:1224)
	at org.testng.TestNG.runSuitesLocally(TestNG.java:1149)
	at org.testng.TestNG.run(TestNG.java:1057)
	at org.apache.maven.surefire.testng.TestNGExecutor.run(TestNGExecutor.java:295)
	at org.apache.maven.surefire.testng.TestNGXmlTestSuite.execute(TestNGXmlTestSuite.java:84)
	at org.apache.maven.surefire.testng.TestNGProvider.invoke(TestNGProvider.java:90)
	at org.apache.maven.surefire.booter.ForkedBooter.invokeProviderInSameClassLoader(ForkedBooter.java:203)
	at org.apache.maven.surefire.booter.ForkedBooter.runSuitesInProcess(ForkedBooter.java:155)
	at org.apache.maven.surefire.booter.ForkedBooter.main(ForkedBooter.java:103)
]]>
            </full-stacktrace>
          </exception> <!-- org.openqa.selenium.NoSuchElementException -->
          <reporter-output>
          </reporter-output>
        </test-method> <!-- testFeedbackVal -->
        <test-method status="PASS" signature="closeBrowser()[pri:0, instance:Feedback.FeedbackVal@2ed94a8b]" name="closeBrowser" is-config="true" duration-ms="2673" started-at="2014-11-24T15:11:29Z" finished-at="2014-11-24T15:11:32Z">
          <reporter-output>
          </reporter-output>
        </test-method> <!-- closeBrowser -->
        <test-method status="PASS" signature="beforeTest(java.lang.String)[pri:0, instance:Feedback.FeedbackVal@2ed94a8b]" name="beforeTest" is-config="true" duration-ms="3282" started-at="2014-11-24T15:11:32Z" finished-at="2014-11-24T15:11:35Z">
          <params>
            <param index="0">
              <value>
                <![CDATA[chromekorras]]>
              </value>
            </param>
          </params>
          <reporter-output>
          </reporter-output>
        </test-method> <!-- beforeTest -->
        <test-method status="FAIL" signature="testFeedbackVal(java.lang.String, java.lang.String, java.lang.String, java.lang.String, java.lang.String, java.lang.String, java.lang.String, java.lang.String, java.lang.String, java.lang.String, java.lang.String)[pri:0, instance:Feedback.FeedbackVal@2ed94a8b]" name="testFeedbackVal" duration-ms="10600" started-at="2014-11-24T15:11:35Z" data-provider="Feedbackval" finished-at="2014-11-24T15:11:46Z">
          <params>
            <param index="0">
              <value>
                <![CDATA[filmweird27]]>
              </value>
            </param>
            <param index="1">
              <value>
                <![CDATA[tavalinetont27]]>
              </value>
            </param>
            <param index="2">
              <value>
                <![CDATA[puhtaloom27]]>
              </value>
            </param>
            <param index="3">
              <value>
                <![CDATA[testime11]]>
              </value>
            </param>
            <param index="4">
              <value>
                <![CDATA[Sa ei tea kes ma olen]]>
              </value>
            </param>
            <param index="5">
              <value>
                <![CDATA[Ma tunnen vist sind]]>
              </value>
            </param>
            <param index="6">
              <value>
                <![CDATA[Vaikne Vend]]>
              </value>
            </param>
            <param index="7">
              <value>
                <![CDATA[Indeed]]>
              </value>
            </param>
            <param index="8">
              <value>
                <![CDATA[vahekonto11@mailinator.com]]>
              </value>
            </param>
            <param index="9">
              <value>
                <![CDATA[selentest@hotmail.com]]>
              </value>
            </param>
            <param index="10">
              <value>
                <![CDATA[3]]>
              </value>
            </param>
          </params>
          <exception class="java.lang.AssertionError">
            <message>
              <![CDATA[expected [true] but found [false]]]>
            </message>
            <full-stacktrace>
              <![CDATA[java.lang.AssertionError: expected [true] but found [false]
	at org.testng.Assert.fail(Assert.java:94)
	at org.testng.Assert.failNotEquals(Assert.java:494)
	at org.testng.Assert.assertTrue(Assert.java:42)
	at org.testng.Assert.assertTrue(Assert.java:52)
	at Feedback.FeedbackVal.testFeedbackVal(FeedbackVal.java:56)
	at sun.reflect.NativeMethodAccessorImpl.invoke0(Native Method)
	at sun.reflect.NativeMethodAccessorImpl.invoke(Unknown Source)
	at sun.reflect.DelegatingMethodAccessorImpl.invoke(Unknown Source)
	at java.lang.reflect.Method.invoke(Unknown Source)
	at org.testng.internal.MethodInvocationHelper.invokeMethod(MethodInvocationHelper.java:84)
	at org.testng.internal.Invoker.invokeMethod(Invoker.java:714)
	at org.testng.internal.Invoker.invokeTestMethod(Invoker.java:901)
	at org.testng.internal.Invoker.invokeTestMethods(Invoker.java:1231)
	at org.testng.internal.TestMethodWorker.invokeTestMethods(TestMethodWorker.java:127)
	at org.testng.internal.TestMethodWorker.run(TestMethodWorker.java:111)
	at org.testng.TestRunner.privateRun(TestRunner.java:767)
	at org.testng.TestRunner.run(TestRunner.java:617)
	at org.testng.SuiteRunner.runTest(SuiteRunner.java:348)
	at org.testng.SuiteRunner.runSequentially(SuiteRunner.java:343)
	at org.testng.SuiteRunner.privateRun(SuiteRunner.java:305)
	at org.testng.SuiteRunner.run(SuiteRunner.java:254)
	at org.testng.SuiteRunnerWorker.runSuite(SuiteRunnerWorker.java:52)
	at org.testng.SuiteRunnerWorker.run(SuiteRunnerWorker.java:86)
	at org.testng.TestNG.runSuitesSequentially(TestNG.java:1224)
	at org.testng.TestNG.runSuitesLocally(TestNG.java:1149)
	at org.testng.TestNG.run(TestNG.java:1057)
	at org.apache.maven.surefire.testng.TestNGExecutor.run(TestNGExecutor.java:295)
	at org.apache.maven.surefire.testng.TestNGXmlTestSuite.execute(TestNGXmlTestSuite.java:84)
	at org.apache.maven.surefire.testng.TestNGProvider.invoke(TestNGProvider.java:90)
	at org.apache.maven.surefire.booter.ForkedBooter.invokeProviderInSameClassLoader(ForkedBooter.java:203)
	at org.apache.maven.surefire.booter.ForkedBooter.runSuitesInProcess(ForkedBooter.java:155)
	at org.apache.maven.surefire.booter.ForkedBooter.main(ForkedBooter.java:103)
]]>
            </full-stacktrace>
          </exception> <!-- java.lang.AssertionError -->
          <reporter-output>
          </reporter-output>
        </test-method> <!-- testFeedbackVal -->
        <test-method status="PASS" signature="closeBrowser()[pri:0, instance:Feedback.FeedbackVal@2ed94a8b]" name="closeBrowser" is-config="true" duration-ms="2987" started-at="2014-11-24T15:11:46Z" finished-at="2014-11-24T15:11:49Z">
          <reporter-output>
          </reporter-output>
        </test-method> <!-- closeBrowser -->
      </class> <!-- Feedback.FeedbackVal -->
      <class name="Survey.SurveywithInvalidData">
        <test-method status="PASS" signature="beforeTest(java.lang.String)[pri:0, instance:Survey.SurveywithInvalidData@62043840]" name="beforeTest" is-config="true" duration-ms="3113" started-at="2014-11-24T15:19:41Z" finished-at="2014-11-24T15:19:44Z">
          <params>
            <param index="0">
              <value>
                <![CDATA[chromekorras]]>
              </value>
            </param>
          </params>
          <reporter-output>
          </reporter-output>
        </test-method> <!-- beforeTest -->
        <test-method status="FAIL" signature="TestSurveywithInvalid(java.lang.String, java.lang.String, java.lang.String, java.lang.String, java.lang.String, java.lang.String, java.lang.String, java.lang.String, java.lang.String, java.lang.String, java.lang.String)[pri:0, instance:Survey.SurveywithInvalidData@62043840]" name="TestSurveywithInvalid" duration-ms="9973" started-at="2014-11-24T15:19:44Z" data-provider="Surveywithinvalid" finished-at="2014-11-24T15:19:54Z">
          <params>
            <param index="0">
              <value>
                <![CDATA[tavalinetont27]]>
              </value>
            </param>
            <param index="1">
              <value>
                <![CDATA[puhtaloom27]]>
              </value>
            </param>
            <param index="2">
              <value>
                <![CDATA[filmweird27]]>
              </value>
            </param>
            <param index="3">
              <value>
                <![CDATA[testime11]]>
              </value>
            </param>
            <param index="4">
              <value>
                <![CDATA[Anon kiidab sind]]>
              </value>
            </param>
            <param index="5">
              <value>
                <![CDATA[Oma küla vana]]>
              </value>
            </param>
            <param index="6">
              <value>
                <![CDATA[Jalgpalliäss]]>
              </value>
            </param>
            <param index="7">
              <value>
                <![CDATA[Eks sa tea paremini]]>
              </value>
            </param>
            <param index="8">
              <value>
                <![CDATA[selentest13@mailinator.com]]>
              </value>
            </param>
            <param index="9">
              <value>
                <![CDATA[selentest@hotmail.com]]>
              </value>
            </param>
            <param index="10">
              <value>
                <![CDATA[1]]>
              </value>
            </param>
          </params>
          <exception class="org.openqa.selenium.WebDriverException">
            <message>
              <![CDATA[unknown error: Element is not clickable at point (363, 446). Other element would receive the click: <div id="container_new_survey" class="modal fade" tabindex="-1" data-backdrop="static" aria-hidden="true" style="display: block;">...</div>
  (Session info: chrome=38.0.2125.111)
  (Driver info: chromedriver=2.8.241075,platform=Windows NT 6.1 SP1 x86_64) (WARNING: The server did not provide any stacktrace information)
Command duration or timeout: 49 milliseconds
Build info: version: '2.43.1', revision: '5163bceef1bc36d43f3dc0b83c88998168a363a0', time: '2014-09-10 09:43:55'
System info: host: 'Madis-PC', ip: '192.168.0.109', os.name: 'Windows 7', os.arch: 'amd64', os.version: '6.1', java.version: '1.8.0_20'
Driver info: org.openqa.selenium.chrome.ChromeDriver
Capabilities [{applicationCacheEnabled=false, rotatable=false, chrome={userDataDir=C:\Users\Madis\AppData\Local\Temp\scoped_dir6288_7061}, takesHeapSnapshot=true, databaseEnabled=false, handlesAlerts=true, version=38.0.2125.111, platform=XP, browserConnectionEnabled=false, nativeEvents=true, acceptSslCerts=true, locationContextEnabled=true, webStorageEnabled=true, browserName=chrome, takesScreenshot=true, javascriptEnabled=true, cssSelectorsEnabled=true}]
Session ID: a9a37ae38915dbd333b7686d2287e30c]]>
            </message>
            <full-stacktrace>
              <![CDATA[org.openqa.selenium.WebDriverException: unknown error: Element is not clickable at point (363, 446). Other element would receive the click: <div id="container_new_survey" class="modal fade" tabindex="-1" data-backdrop="static" aria-hidden="true" style="display: block;">...</div>
  (Session info: chrome=38.0.2125.111)
  (Driver info: chromedriver=2.8.241075,platform=Windows NT 6.1 SP1 x86_64) (WARNING: The server did not provide any stacktrace information)
Command duration or timeout: 49 milliseconds
Build info: version: '2.43.1', revision: '5163bceef1bc36d43f3dc0b83c88998168a363a0', time: '2014-09-10 09:43:55'
System info: host: 'Madis-PC', ip: '192.168.0.109', os.name: 'Windows 7', os.arch: 'amd64', os.version: '6.1', java.version: '1.8.0_20'
Driver info: org.openqa.selenium.chrome.ChromeDriver
Capabilities [{applicationCacheEnabled=false, rotatable=false, chrome={userDataDir=C:\Users\Madis\AppData\Local\Temp\scoped_dir6288_7061}, takesHeapSnapshot=true, databaseEnabled=false, handlesAlerts=true, version=38.0.2125.111, platform=XP, browserConnectionEnabled=false, nativeEvents=true, acceptSslCerts=true, locationContextEnabled=true, webStorageEnabled=true, browserName=chrome, takesScreenshot=true, javascriptEnabled=true, cssSelectorsEnabled=true}]
Session ID: a9a37ae38915dbd333b7686d2287e30c
	at sun.reflect.NativeConstructorAccessorImpl.newInstance0(Native Method)
	at sun.reflect.NativeConstructorAccessorImpl.newInstance(Unknown Source)
	at sun.reflect.DelegatingConstructorAccessorImpl.newInstance(Unknown Source)
	at java.lang.reflect.Constructor.newInstance(Unknown Source)
	at org.openqa.selenium.remote.ErrorHandler.createThrowable(ErrorHandler.java:204)
	at org.openqa.selenium.remote.ErrorHandler.throwIfResponseFailed(ErrorHandler.java:156)
	at org.openqa.selenium.remote.RemoteWebDriver.execute(RemoteWebDriver.java:599)
	at org.openqa.selenium.remote.RemoteWebElement.execute(RemoteWebElement.java:268)
	at org.openqa.selenium.remote.RemoteWebElement.click(RemoteWebElement.java:79)
	at Survey.SurveywithInvalidData.TestSurveywithInvalid(SurveywithInvalidData.java:38)
	at sun.reflect.NativeMethodAccessorImpl.invoke0(Native Method)
	at sun.reflect.NativeMethodAccessorImpl.invoke(Unknown Source)
	at sun.reflect.DelegatingMethodAccessorImpl.invoke(Unknown Source)
	at java.lang.reflect.Method.invoke(Unknown Source)
	at org.testng.internal.MethodInvocationHelper.invokeMethod(MethodInvocationHelper.java:84)
	at org.testng.internal.Invoker.invokeMethod(Invoker.java:714)
	at org.testng.internal.Invoker.invokeTestMethod(Invoker.java:901)
	at org.testng.internal.Invoker.invokeTestMethods(Invoker.java:1231)
	at org.testng.internal.TestMethodWorker.invokeTestMethods(TestMethodWorker.java:127)
	at org.testng.internal.TestMethodWorker.run(TestMethodWorker.java:111)
	at org.testng.TestRunner.privateRun(TestRunner.java:767)
	at org.testng.TestRunner.run(TestRunner.java:617)
	at org.testng.SuiteRunner.runTest(SuiteRunner.java:348)
	at org.testng.SuiteRunner.runSequentially(SuiteRunner.java:343)
	at org.testng.SuiteRunner.privateRun(SuiteRunner.java:305)
	at org.testng.SuiteRunner.run(SuiteRunner.java:254)
	at org.testng.SuiteRunnerWorker.runSuite(SuiteRunnerWorker.java:52)
	at org.testng.SuiteRunnerWorker.run(SuiteRunnerWorker.java:86)
	at org.testng.TestNG.runSuitesSequentially(TestNG.java:1224)
	at org.testng.TestNG.runSuitesLocally(TestNG.java:1149)
	at org.testng.TestNG.run(TestNG.java:1057)
	at org.apache.maven.surefire.testng.TestNGExecutor.run(TestNGExecutor.java:295)
	at org.apache.maven.surefire.testng.TestNGXmlTestSuite.execute(TestNGXmlTestSuite.java:84)
	at org.apache.maven.surefire.testng.TestNGProvider.invoke(TestNGProvider.java:90)
	at org.apache.maven.surefire.booter.ForkedBooter.invokeProviderInSameClassLoader(ForkedBooter.java:203)
	at org.apache.maven.surefire.booter.ForkedBooter.runSuitesInProcess(ForkedBooter.java:155)
	at org.apache.maven.surefire.booter.ForkedBooter.main(ForkedBooter.java:103)
]]>
            </full-stacktrace>
          </exception> <!-- org.openqa.selenium.WebDriverException -->
          <reporter-output>
          </reporter-output>
        </test-method> <!-- TestSurveywithInvalid -->
        <test-method status="PASS" signature="closeBrowser()[pri:0, instance:Survey.SurveywithInvalidData@62043840]" name="closeBrowser" is-config="true" duration-ms="2425" started-at="2014-11-24T15:19:54Z" finished-at="2014-11-24T15:19:56Z">
          <reporter-output>
          </reporter-output>
        </test-method> <!-- closeBrowser -->
        <test-method status="PASS" signature="beforeTest(java.lang.String)[pri:0, instance:Survey.SurveywithInvalidData@62043840]" name="beforeTest" is-config="true" duration-ms="3296" started-at="2014-11-24T15:19:56Z" finished-at="2014-11-24T15:20:00Z">
          <params>
            <param index="0">
              <value>
                <![CDATA[chromekorras]]>
              </value>
            </param>
          </params>
          <reporter-output>
          </reporter-output>
        </test-method> <!-- beforeTest -->
        <test-method status="FAIL" signature="TestSurveywithInvalid(java.lang.String, java.lang.String, java.lang.String, java.lang.String, java.lang.String, java.lang.String, java.lang.String, java.lang.String, java.lang.String, java.lang.String, java.lang.String)[pri:0, instance:Survey.SurveywithInvalidData@62043840]" name="TestSurveywithInvalid" duration-ms="14573" started-at="2014-11-24T15:20:00Z" data-provider="Surveywithinvalid" finished-at="2014-11-24T15:20:14Z">
          <params>
            <param index="0">
              <value>
                <![CDATA[puhtaloom27]]>
              </value>
            </param>
            <param index="1">
              <value>
                <![CDATA[filmweird27]]>
              </value>
            </param>
            <param index="2">
              <value>
                <![CDATA[tavalinetont27]]>
              </value>
            </param>
            <param index="3">
              <value>
                <![CDATA[testime11]]>
              </value>
            </param>
            <param index="4">
              <value>
                <![CDATA[Veits imelik]]>
              </value>
            </param>
            <param index="5">
              <value>
                <![CDATA[Omamoodi]]>
              </value>
            </param>
            <param index="6">
              <value>
                <![CDATA[We meet again. Weirdo]]>
              </value>
            </param>
            <param index="7">
              <value>
                <![CDATA[Eks kaitsetöö ole kah tähtis]]>
              </value>
            </param>
            <param index="8">
              <value>
                <![CDATA[testimeauto12@mailinator.com]]>
              </value>
            </param>
            <param index="9">
              <value>
                <![CDATA[selentest@hotmail.com]]>
              </value>
            </param>
            <param index="10">
              <value>
                <![CDATA[2]]>
              </value>
            </param>
          </params>
          <exception class="org.openqa.selenium.WebDriverException">
            <message>
              <![CDATA[unknown error: Element is not clickable at point (363, 446). Other element would receive the click: <div id="container_new_survey" class="modal fade" tabindex="-1" data-backdrop="static" aria-hidden="true" style="display: block;">...</div>
  (Session info: chrome=38.0.2125.111)
  (Driver info: chromedriver=2.8.241075,platform=Windows NT 6.1 SP1 x86_64) (WARNING: The server did not provide any stacktrace information)
Command duration or timeout: 35 milliseconds
Build info: version: '2.43.1', revision: '5163bceef1bc36d43f3dc0b83c88998168a363a0', time: '2014-09-10 09:43:55'
System info: host: 'Madis-PC', ip: '192.168.0.109', os.name: 'Windows 7', os.arch: 'amd64', os.version: '6.1', java.version: '1.8.0_20'
Driver info: org.openqa.selenium.chrome.ChromeDriver
Capabilities [{applicationCacheEnabled=false, rotatable=false, chrome={userDataDir=C:\Users\Madis\AppData\Local\Temp\scoped_dir7968_2336}, takesHeapSnapshot=true, databaseEnabled=false, handlesAlerts=true, version=38.0.2125.111, platform=XP, browserConnectionEnabled=false, nativeEvents=true, acceptSslCerts=true, locationContextEnabled=true, webStorageEnabled=true, browserName=chrome, takesScreenshot=true, javascriptEnabled=true, cssSelectorsEnabled=true}]
Session ID: e9ac869bf0b37901b2d52dffe84ff7e7]]>
            </message>
            <full-stacktrace>
              <![CDATA[org.openqa.selenium.WebDriverException: unknown error: Element is not clickable at point (363, 446). Other element would receive the click: <div id="container_new_survey" class="modal fade" tabindex="-1" data-backdrop="static" aria-hidden="true" style="display: block;">...</div>
  (Session info: chrome=38.0.2125.111)
  (Driver info: chromedriver=2.8.241075,platform=Windows NT 6.1 SP1 x86_64) (WARNING: The server did not provide any stacktrace information)
Command duration or timeout: 35 milliseconds
Build info: version: '2.43.1', revision: '5163bceef1bc36d43f3dc0b83c88998168a363a0', time: '2014-09-10 09:43:55'
System info: host: 'Madis-PC', ip: '192.168.0.109', os.name: 'Windows 7', os.arch: 'amd64', os.version: '6.1', java.version: '1.8.0_20'
Driver info: org.openqa.selenium.chrome.ChromeDriver
Capabilities [{applicationCacheEnabled=false, rotatable=false, chrome={userDataDir=C:\Users\Madis\AppData\Local\Temp\scoped_dir7968_2336}, takesHeapSnapshot=true, databaseEnabled=false, handlesAlerts=true, version=38.0.2125.111, platform=XP, browserConnectionEnabled=false, nativeEvents=true, acceptSslCerts=true, locationContextEnabled=true, webStorageEnabled=true, browserName=chrome, takesScreenshot=true, javascriptEnabled=true, cssSelectorsEnabled=true}]
Session ID: e9ac869bf0b37901b2d52dffe84ff7e7
	at sun.reflect.NativeConstructorAccessorImpl.newInstance0(Native Method)
	at sun.reflect.NativeConstructorAccessorImpl.newInstance(Unknown Source)
	at sun.reflect.DelegatingConstructorAccessorImpl.newInstance(Unknown Source)
	at java.lang.reflect.Constructor.newInstance(Unknown Source)
	at org.openqa.selenium.remote.ErrorHandler.createThrowable(ErrorHandler.java:204)
	at org.openqa.selenium.remote.ErrorHandler.throwIfResponseFailed(ErrorHandler.java:156)
	at org.openqa.selenium.remote.RemoteWebDriver.execute(RemoteWebDriver.java:599)
	at org.openqa.selenium.remote.RemoteWebElement.execute(RemoteWebElement.java:268)
	at org.openqa.selenium.remote.RemoteWebElement.click(RemoteWebElement.java:79)
	at Survey.SurveywithInvalidData.TestSurveywithInvalid(SurveywithInvalidData.java:38)
	at sun.reflect.NativeMethodAccessorImpl.invoke0(Native Method)
	at sun.reflect.NativeMethodAccessorImpl.invoke(Unknown Source)
	at sun.reflect.DelegatingMethodAccessorImpl.invoke(Unknown Source)
	at java.lang.reflect.Method.invoke(Unknown Source)
	at org.testng.internal.MethodInvocationHelper.invokeMethod(MethodInvocationHelper.java:84)
	at org.testng.internal.Invoker.invokeMethod(Invoker.java:714)
	at org.testng.internal.Invoker.invokeTestMethod(Invoker.java:901)
	at org.testng.internal.Invoker.invokeTestMethods(Invoker.java:1231)
	at org.testng.internal.TestMethodWorker.invokeTestMethods(TestMethodWorker.java:127)
	at org.testng.internal.TestMethodWorker.run(TestMethodWorker.java:111)
	at org.testng.TestRunner.privateRun(TestRunner.java:767)
	at org.testng.TestRunner.run(TestRunner.java:617)
	at org.testng.SuiteRunner.runTest(SuiteRunner.java:348)
	at org.testng.SuiteRunner.runSequentially(SuiteRunner.java:343)
	at org.testng.SuiteRunner.privateRun(SuiteRunner.java:305)
	at org.testng.SuiteRunner.run(SuiteRunner.java:254)
	at org.testng.SuiteRunnerWorker.runSuite(SuiteRunnerWorker.java:52)
	at org.testng.SuiteRunnerWorker.run(SuiteRunnerWorker.java:86)
	at org.testng.TestNG.runSuitesSequentially(TestNG.java:1224)
	at org.testng.TestNG.runSuitesLocally(TestNG.java:1149)
	at org.testng.TestNG.run(TestNG.java:1057)
	at org.apache.maven.surefire.testng.TestNGExecutor.run(TestNGExecutor.java:295)
	at org.apache.maven.surefire.testng.TestNGXmlTestSuite.execute(TestNGXmlTestSuite.java:84)
	at org.apache.maven.surefire.testng.TestNGProvider.invoke(TestNGProvider.java:90)
	at org.apache.maven.surefire.booter.ForkedBooter.invokeProviderInSameClassLoader(ForkedBooter.java:203)
	at org.apache.maven.surefire.booter.ForkedBooter.runSuitesInProcess(ForkedBooter.java:155)
	at org.apache.maven.surefire.booter.ForkedBooter.main(ForkedBooter.java:103)
]]>
            </full-stacktrace>
          </exception> <!-- org.openqa.selenium.WebDriverException -->
          <reporter-output>
          </reporter-output>
        </test-method> <!-- TestSurveywithInvalid -->
        <test-method status="PASS" signature="closeBrowser()[pri:0, instance:Survey.SurveywithInvalidData@62043840]" name="closeBrowser" is-config="true" duration-ms="2432" started-at="2014-11-24T15:20:14Z" finished-at="2014-11-24T15:20:17Z">
          <reporter-output>
          </reporter-output>
        </test-method> <!-- closeBrowser -->
        <test-method status="PASS" signature="beforeTest(java.lang.String)[pri:0, instance:Survey.SurveywithInvalidData@62043840]" name="beforeTest" is-config="true" duration-ms="2731" started-at="2014-11-24T15:20:17Z" finished-at="2014-11-24T15:20:19Z">
          <params>
            <param index="0">
              <value>
                <![CDATA[chromekorras]]>
              </value>
            </param>
          </params>
          <reporter-output>
          </reporter-output>
        </test-method> <!-- beforeTest -->
        <test-method status="FAIL" signature="TestSurveywithInvalid(java.lang.String, java.lang.String, java.lang.String, java.lang.String, java.lang.String, java.lang.String, java.lang.String, java.lang.String, java.lang.String, java.lang.String, java.lang.String)[pri:0, instance:Survey.SurveywithInvalidData@62043840]" name="TestSurveywithInvalid" duration-ms="7819" started-at="2014-11-24T15:20:19Z" data-provider="Surveywithinvalid" finished-at="2014-11-24T15:20:27Z">
          <params>
            <param index="0">
              <value>
                <![CDATA[filmweird27]]>
              </value>
            </param>
            <param index="1">
              <value>
                <![CDATA[tavalinetont27]]>
              </value>
            </param>
            <param index="2">
              <value>
                <![CDATA[puhtaloom27]]>
              </value>
            </param>
            <param index="3">
              <value>
                <![CDATA[testime11]]>
              </value>
            </param>
            <param index="4">
              <value>
                <![CDATA[Sa ei tea kes ma olen]]>
              </value>
            </param>
            <param index="5">
              <value>
                <![CDATA[Ma tunnen vist sind]]>
              </value>
            </param>
            <param index="6">
              <value>
                <![CDATA[Vaikne Vend]]>
              </value>
            </param>
            <param index="7">
              <value>
                <![CDATA[Indeed]]>
              </value>
            </param>
            <param index="8">
              <value>
                <![CDATA[vahekonto11@mailinator.com]]>
              </value>
            </param>
            <param index="9">
              <value>
                <![CDATA[selentest@hotmail.com]]>
              </value>
            </param>
            <param index="10">
              <value>
                <![CDATA[3]]>
              </value>
            </param>
          </params>
          <exception class="org.openqa.selenium.WebDriverException">
            <message>
              <![CDATA[unknown error: Element is not clickable at point (363, 446). Other element would receive the click: <div id="container_new_survey" class="modal fade" tabindex="-1" data-backdrop="static" aria-hidden="true" style="display: block;">...</div>
  (Session info: chrome=38.0.2125.111)
  (Driver info: chromedriver=2.8.241075,platform=Windows NT 6.1 SP1 x86_64) (WARNING: The server did not provide any stacktrace information)
Command duration or timeout: 31 milliseconds
Build info: version: '2.43.1', revision: '5163bceef1bc36d43f3dc0b83c88998168a363a0', time: '2014-09-10 09:43:55'
System info: host: 'Madis-PC', ip: '192.168.0.109', os.name: 'Windows 7', os.arch: 'amd64', os.version: '6.1', java.version: '1.8.0_20'
Driver info: org.openqa.selenium.chrome.ChromeDriver
Capabilities [{applicationCacheEnabled=false, rotatable=false, chrome={userDataDir=C:\Users\Madis\AppData\Local\Temp\scoped_dir9168_26471}, takesHeapSnapshot=true, databaseEnabled=false, handlesAlerts=true, version=38.0.2125.111, platform=XP, browserConnectionEnabled=false, nativeEvents=true, acceptSslCerts=true, locationContextEnabled=true, webStorageEnabled=true, browserName=chrome, takesScreenshot=true, javascriptEnabled=true, cssSelectorsEnabled=true}]
Session ID: 591294e129777d4d2d0c1a3f2b260e0f]]>
            </message>
            <full-stacktrace>
              <![CDATA[org.openqa.selenium.WebDriverException: unknown error: Element is not clickable at point (363, 446). Other element would receive the click: <div id="container_new_survey" class="modal fade" tabindex="-1" data-backdrop="static" aria-hidden="true" style="display: block;">...</div>
  (Session info: chrome=38.0.2125.111)
  (Driver info: chromedriver=2.8.241075,platform=Windows NT 6.1 SP1 x86_64) (WARNING: The server did not provide any stacktrace information)
Command duration or timeout: 31 milliseconds
Build info: version: '2.43.1', revision: '5163bceef1bc36d43f3dc0b83c88998168a363a0', time: '2014-09-10 09:43:55'
System info: host: 'Madis-PC', ip: '192.168.0.109', os.name: 'Windows 7', os.arch: 'amd64', os.version: '6.1', java.version: '1.8.0_20'
Driver info: org.openqa.selenium.chrome.ChromeDriver
Capabilities [{applicationCacheEnabled=false, rotatable=false, chrome={userDataDir=C:\Users\Madis\AppData\Local\Temp\scoped_dir9168_26471}, takesHeapSnapshot=true, databaseEnabled=false, handlesAlerts=true, version=38.0.2125.111, platform=XP, browserConnectionEnabled=false, nativeEvents=true, acceptSslCerts=true, locationContextEnabled=true, webStorageEnabled=true, browserName=chrome, takesScreenshot=true, javascriptEnabled=true, cssSelectorsEnabled=true}]
Session ID: 591294e129777d4d2d0c1a3f2b260e0f
	at sun.reflect.NativeConstructorAccessorImpl.newInstance0(Native Method)
	at sun.reflect.NativeConstructorAccessorImpl.newInstance(Unknown Source)
	at sun.reflect.DelegatingConstructorAccessorImpl.newInstance(Unknown Source)
	at java.lang.reflect.Constructor.newInstance(Unknown Source)
	at org.openqa.selenium.remote.ErrorHandler.createThrowable(ErrorHandler.java:204)
	at org.openqa.selenium.remote.ErrorHandler.throwIfResponseFailed(ErrorHandler.java:156)
	at org.openqa.selenium.remote.RemoteWebDriver.execute(RemoteWebDriver.java:599)
	at org.openqa.selenium.remote.RemoteWebElement.execute(RemoteWebElement.java:268)
	at org.openqa.selenium.remote.RemoteWebElement.click(RemoteWebElement.java:79)
	at Survey.SurveywithInvalidData.TestSurveywithInvalid(SurveywithInvalidData.java:38)
	at sun.reflect.NativeMethodAccessorImpl.invoke0(Native Method)
	at sun.reflect.NativeMethodAccessorImpl.invoke(Unknown Source)
	at sun.reflect.DelegatingMethodAccessorImpl.invoke(Unknown Source)
	at java.lang.reflect.Method.invoke(Unknown Source)
	at org.testng.internal.MethodInvocationHelper.invokeMethod(MethodInvocationHelper.java:84)
	at org.testng.internal.Invoker.invokeMethod(Invoker.java:714)
	at org.testng.internal.Invoker.invokeTestMethod(Invoker.java:901)
	at org.testng.internal.Invoker.invokeTestMethods(Invoker.java:1231)
	at org.testng.internal.TestMethodWorker.invokeTestMethods(TestMethodWorker.java:127)
	at org.testng.internal.TestMethodWorker.run(TestMethodWorker.java:111)
	at org.testng.TestRunner.privateRun(TestRunner.java:767)
	at org.testng.TestRunner.run(TestRunner.java:617)
	at org.testng.SuiteRunner.runTest(SuiteRunner.java:348)
	at org.testng.SuiteRunner.runSequentially(SuiteRunner.java:343)
	at org.testng.SuiteRunner.privateRun(SuiteRunner.java:305)
	at org.testng.SuiteRunner.run(SuiteRunner.java:254)
	at org.testng.SuiteRunnerWorker.runSuite(SuiteRunnerWorker.java:52)
	at org.testng.SuiteRunnerWorker.run(SuiteRunnerWorker.java:86)
	at org.testng.TestNG.runSuitesSequentially(TestNG.java:1224)
	at org.testng.TestNG.runSuitesLocally(TestNG.java:1149)
	at org.testng.TestNG.run(TestNG.java:1057)
	at org.apache.maven.surefire.testng.TestNGExecutor.run(TestNGExecutor.java:295)
	at org.apache.maven.surefire.testng.TestNGXmlTestSuite.execute(TestNGXmlTestSuite.java:84)
	at org.apache.maven.surefire.testng.TestNGProvider.invoke(TestNGProvider.java:90)
	at org.apache.maven.surefire.booter.ForkedBooter.invokeProviderInSameClassLoader(ForkedBooter.java:203)
	at org.apache.maven.surefire.booter.ForkedBooter.runSuitesInProcess(ForkedBooter.java:155)
	at org.apache.maven.surefire.booter.ForkedBooter.main(ForkedBooter.java:103)
]]>
            </full-stacktrace>
          </exception> <!-- org.openqa.selenium.WebDriverException -->
          <reporter-output>
          </reporter-output>
        </test-method> <!-- TestSurveywithInvalid -->
        <test-method status="PASS" signature="closeBrowser()[pri:0, instance:Survey.SurveywithInvalidData@62043840]" name="closeBrowser" is-config="true" duration-ms="2668" started-at="2014-11-24T15:20:27Z" finished-at="2014-11-24T15:20:30Z">
          <reporter-output>
          </reporter-output>
        </test-method> <!-- closeBrowser -->
      </class> <!-- Survey.SurveywithInvalidData -->
      <class name="Friends.FriendsFeedback">
        <test-method status="SKIP" signature="beforeTest(java.lang.String)[pri:0, instance:Friends.FriendsFeedback@4cb2c100]" name="beforeTest" is-config="true" duration-ms="0" started-at="2014-11-24T15:24:06Z" finished-at="2014-11-24T15:24:06Z">
          <reporter-output>
          </reporter-output>
        </test-method> <!-- beforeTest -->
        <test-method status="SKIP" signature="closeBrowser()[pri:0, instance:Friends.FriendsFeedback@4cb2c100]" name="closeBrowser" is-config="true" duration-ms="0" started-at="2014-11-24T15:24:06Z" finished-at="2014-11-24T15:24:06Z">
          <reporter-output>
          </reporter-output>
        </test-method> <!-- closeBrowser -->
        <test-method status="SKIP" signature="beforeTest(java.lang.String)[pri:0, instance:Friends.FriendsFeedback@4cb2c100]" name="beforeTest" is-config="true" duration-ms="0" started-at="2014-11-24T15:24:06Z" finished-at="2014-11-24T15:24:06Z">
          <reporter-output>
          </reporter-output>
        </test-method> <!-- beforeTest -->
        <test-method status="SKIP" signature="TestFriendsFeedback(java.lang.String, java.lang.String, java.lang.String, java.lang.String, java.lang.String, java.lang.String, java.lang.String, java.lang.String, java.lang.String, java.lang.String, java.lang.String)[pri:0, instance:Friends.FriendsFeedback@4cb2c100]" name="TestFriendsFeedback" duration-ms="0" started-at="2014-11-24T15:24:06Z" data-provider="FriendsFeedbackVal" finished-at="2014-11-24T15:24:06Z">
          <params>
            <param index="0">
              <value>
                <![CDATA[tavalinetont27]]>
              </value>
            </param>
            <param index="1">
              <value>
                <![CDATA[puhtaloom27]]>
              </value>
            </param>
            <param index="2">
              <value>
                <![CDATA[filmweird27]]>
              </value>
            </param>
            <param index="3">
              <value>
                <![CDATA[testime11]]>
              </value>
            </param>
            <param index="4">
              <value>
                <![CDATA[Anon kiidab sind]]>
              </value>
            </param>
            <param index="5">
              <value>
                <![CDATA[Oma küla vana]]>
              </value>
            </param>
            <param index="6">
              <value>
                <![CDATA[Jalgpalliäss]]>
              </value>
            </param>
            <param index="7">
              <value>
                <![CDATA[Eks sa tea paremini]]>
              </value>
            </param>
            <param index="8">
              <value>
                <![CDATA[selentest13@mailinator.com]]>
              </value>
            </param>
            <param index="9">
              <value>
                <![CDATA[selentest@hotmail.com]]>
              </value>
            </param>
            <param index="10">
              <value>
                <![CDATA[1]]>
              </value>
            </param>
          </params>
          <reporter-output>
          </reporter-output>
        </test-method> <!-- TestFriendsFeedback -->
        <test-method status="SKIP" signature="beforeTest(java.lang.String)[pri:0, instance:Friends.FriendsFeedback@4cb2c100]" name="beforeTest" is-config="true" duration-ms="0" started-at="2014-11-24T15:24:06Z" finished-at="2014-11-24T15:24:06Z">
          <reporter-output>
          </reporter-output>
        </test-method> <!-- beforeTest -->
        <test-method status="SKIP" signature="TestFriendsFeedback(java.lang.String, java.lang.String, java.lang.String, java.lang.String, java.lang.String, java.lang.String, java.lang.String, java.lang.String, java.lang.String, java.lang.String, java.lang.String)[pri:0, instance:Friends.FriendsFeedback@4cb2c100]" name="TestFriendsFeedback" duration-ms="0" started-at="2014-11-24T15:24:06Z" data-provider="FriendsFeedbackVal" finished-at="2014-11-24T15:24:06Z">
          <params>
            <param index="0">
              <value>
                <![CDATA[filmweird27]]>
              </value>
            </param>
            <param index="1">
              <value>
                <![CDATA[tavalinetont27]]>
              </value>
            </param>
            <param index="2">
              <value>
                <![CDATA[puhtaloom27]]>
              </value>
            </param>
            <param index="3">
              <value>
                <![CDATA[testime11]]>
              </value>
            </param>
            <param index="4">
              <value>
                <![CDATA[Sa ei tea kes ma olen]]>
              </value>
            </param>
            <param index="5">
              <value>
                <![CDATA[Ma tunnen vist sind]]>
              </value>
            </param>
            <param index="6">
              <value>
                <![CDATA[Vaikne Vend]]>
              </value>
            </param>
            <param index="7">
              <value>
                <![CDATA[Indeed]]>
              </value>
            </param>
            <param index="8">
              <value>
                <![CDATA[vahekonto11@mailinator.com]]>
              </value>
            </param>
            <param index="9">
              <value>
                <![CDATA[selentest@hotmail.com]]>
              </value>
            </param>
            <param index="10">
              <value>
                <![CDATA[3]]>
              </value>
            </param>
          </params>
          <reporter-output>
          </reporter-output>
        </test-method> <!-- TestFriendsFeedback -->
        <test-method status="SKIP" signature="TestFriendsFeedback(java.lang.String, java.lang.String, java.lang.String, java.lang.String, java.lang.String, java.lang.String, java.lang.String, java.lang.String, java.lang.String, java.lang.String, java.lang.String)[pri:0, instance:Friends.FriendsFeedback@4cb2c100]" name="TestFriendsFeedback" duration-ms="0" started-at="2014-11-24T15:24:06Z" data-provider="FriendsFeedbackVal" finished-at="2014-11-24T15:24:06Z">
          <params>
            <param index="0">
              <value>
                <![CDATA[puhtaloom27]]>
              </value>
            </param>
            <param index="1">
              <value>
                <![CDATA[filmweird27]]>
              </value>
            </param>
            <param index="2">
              <value>
                <![CDATA[tavalinetont27]]>
              </value>
            </param>
            <param index="3">
              <value>
                <![CDATA[testime11]]>
              </value>
            </param>
            <param index="4">
              <value>
                <![CDATA[Veits imelik]]>
              </value>
            </param>
            <param index="5">
              <value>
                <![CDATA[Omamoodi]]>
              </value>
            </param>
            <param index="6">
              <value>
                <![CDATA[We meet again. Weirdo]]>
              </value>
            </param>
            <param index="7">
              <value>
                <![CDATA[Eks kaitsetöö ole kah tähtis]]>
              </value>
            </param>
            <param index="8">
              <value>
                <![CDATA[testimeauto12@mailinator.com]]>
              </value>
            </param>
            <param index="9">
              <value>
                <![CDATA[selentest@hotmail.com]]>
              </value>
            </param>
            <param index="10">
              <value>
                <![CDATA[2]]>
              </value>
            </param>
          </params>
          <reporter-output>
          </reporter-output>
        </test-method> <!-- TestFriendsFeedback -->
        <test-method status="SKIP" signature="closeBrowser()[pri:0, instance:Friends.FriendsFeedback@4cb2c100]" name="closeBrowser" is-config="true" duration-ms="0" started-at="2014-11-24T15:24:06Z" finished-at="2014-11-24T15:24:06Z">
          <reporter-output>
          </reporter-output>
        </test-method> <!-- closeBrowser -->
        <test-method status="SKIP" signature="closeBrowser()[pri:0, instance:Friends.FriendsFeedback@4cb2c100]" name="closeBrowser" is-config="true" duration-ms="0" started-at="2014-11-24T15:24:06Z" finished-at="2014-11-24T15:24:06Z">
          <reporter-output>
          </reporter-output>
        </test-method> <!-- closeBrowser -->
      </class> <!-- Friends.FriendsFeedback -->
      <class name="Login.LoginVal">
        <test-method status="PASS" signature="beforeTest(java.lang.String)[pri:0, instance:Login.LoginVal@246ae04d]" name="beforeTest" is-config="true" duration-ms="3993" started-at="2014-11-24T15:09:16Z" finished-at="2014-11-24T15:09:20Z">
          <params>
            <param index="0">
              <value>
                <![CDATA[chromekorras]]>
              </value>
            </param>
          </params>
          <reporter-output>
          </reporter-output>
        </test-method> <!-- beforeTest -->
        <test-method status="PASS" signature="testLoginVal(java.lang.String, java.lang.String, java.lang.String, java.lang.String)[pri:0, instance:Login.LoginVal@246ae04d]" name="testLoginVal" duration-ms="19740" started-at="2014-11-24T15:09:20Z" data-provider="Login" finished-at="2014-11-24T15:09:40Z">
          <params>
            <param index="0">
              <value>
                <![CDATA[tavalinetont27]]>
              </value>
            </param>
            <param index="1">
              <value>
                <![CDATA[testime11]]>
              </value>
            </param>
            <param index="2">
              <value>
                <![CDATA[Toivo Tavaline]]>
              </value>
            </param>
            <param index="3">
              <value>
                <![CDATA[valepass]]>
              </value>
            </param>
          </params>
          <reporter-output>
          </reporter-output>
        </test-method> <!-- testLoginVal -->
        <test-method status="PASS" signature="closeBrowser()[pri:0, instance:Login.LoginVal@246ae04d]" name="closeBrowser" is-config="true" duration-ms="2431" started-at="2014-11-24T15:09:40Z" finished-at="2014-11-24T15:09:42Z">
          <reporter-output>
          </reporter-output>
        </test-method> <!-- closeBrowser -->
        <test-method status="PASS" signature="beforeTest(java.lang.String)[pri:0, instance:Login.LoginVal@246ae04d]" name="beforeTest" is-config="true" duration-ms="2970" started-at="2014-11-24T15:09:42Z" finished-at="2014-11-24T15:09:45Z">
          <params>
            <param index="0">
              <value>
                <![CDATA[chromekorras]]>
              </value>
            </param>
          </params>
          <reporter-output>
          </reporter-output>
        </test-method> <!-- beforeTest -->
        <test-method status="PASS" signature="testLoginVal(java.lang.String, java.lang.String, java.lang.String, java.lang.String)[pri:0, instance:Login.LoginVal@246ae04d]" name="testLoginVal" duration-ms="28222" started-at="2014-11-24T15:09:45Z" data-provider="Login" finished-at="2014-11-24T15:10:14Z">
          <params>
            <param index="0">
              <value>
                <![CDATA[puhtaloom27]]>
              </value>
            </param>
            <param index="1">
              <value>
                <![CDATA[testime11]]>
              </value>
            </param>
            <param index="2">
              <value>
                <![CDATA[Martin Loom]]>
              </value>
            </param>
            <param index="3">
              <value>
                <![CDATA[valepass]]>
              </value>
            </param>
          </params>
          <reporter-output>
          </reporter-output>
        </test-method> <!-- testLoginVal -->
        <test-method status="PASS" signature="closeBrowser()[pri:0, instance:Login.LoginVal@246ae04d]" name="closeBrowser" is-config="true" duration-ms="2800" started-at="2014-11-24T15:10:14Z" finished-at="2014-11-24T15:10:16Z">
          <reporter-output>
          </reporter-output>
        </test-method> <!-- closeBrowser -->
        <test-method status="PASS" signature="beforeTest(java.lang.String)[pri:0, instance:Login.LoginVal@246ae04d]" name="beforeTest" is-config="true" duration-ms="3110" started-at="2014-11-24T15:10:16Z" finished-at="2014-11-24T15:10:20Z">
          <params>
            <param index="0">
              <value>
                <![CDATA[chromekorras]]>
              </value>
            </param>
          </params>
          <reporter-output>
          </reporter-output>
        </test-method> <!-- beforeTest -->
        <test-method status="PASS" signature="testLoginVal(java.lang.String, java.lang.String, java.lang.String, java.lang.String)[pri:0, instance:Login.LoginVal@246ae04d]" name="testLoginVal" duration-ms="10401" started-at="2014-11-24T15:10:20Z" data-provider="Login" finished-at="2014-11-24T15:10:30Z">
          <params>
            <param index="0">
              <value>
                <![CDATA[filmweird27]]>
              </value>
            </param>
            <param index="1">
              <value>
                <![CDATA[testime11]]>
              </value>
            </param>
            <param index="2">
              <value>
                <![CDATA[Toomas Film]]>
              </value>
            </param>
            <param index="3">
              <value>
                <![CDATA[valepass]]>
              </value>
            </param>
          </params>
          <reporter-output>
          </reporter-output>
        </test-method> <!-- testLoginVal -->
        <test-method status="PASS" signature="closeBrowser()[pri:0, instance:Login.LoginVal@246ae04d]" name="closeBrowser" is-config="true" duration-ms="2527" started-at="2014-11-24T15:10:30Z" finished-at="2014-11-24T15:10:32Z">
          <reporter-output>
          </reporter-output>
        </test-method> <!-- closeBrowser -->
      </class> <!-- Login.LoginVal -->
      <class name="GeneralFunctions.ChangeProfileInvalid">
        <test-method status="SKIP" signature="f()[pri:0, instance:GeneralFunctions.ChangeProfileInvalid@327471b5]" name="f" duration-ms="0" started-at="2014-11-24T15:24:05Z" finished-at="2014-11-24T15:24:05Z">
          <reporter-output>
          </reporter-output>
        </test-method> <!-- f -->
        <test-method status="SKIP" signature="beforeTest(java.lang.String)[pri:0, instance:GeneralFunctions.ChangeProfileInvalid@327471b5]" name="beforeTest" is-config="true" duration-ms="0" started-at="2014-11-24T15:24:05Z" finished-at="2014-11-24T15:24:05Z">
          <reporter-output>
          </reporter-output>
        </test-method> <!-- beforeTest -->
        <test-method status="SKIP" signature="closeBrowser()[pri:0, instance:GeneralFunctions.ChangeProfileInvalid@327471b5]" name="closeBrowser" is-config="true" duration-ms="0" started-at="2014-11-24T15:24:05Z" finished-at="2014-11-24T15:24:05Z">
          <reporter-output>
          </reporter-output>
        </test-method> <!-- closeBrowser -->
      </class> <!-- GeneralFunctions.ChangeProfileInvalid -->
      <class name="Feedback.CommentPublicFeedback">
        <test-method status="PASS" signature="beforeTest(java.lang.String)[pri:0, instance:Feedback.CommentPublicFeedback@614c5515]" name="beforeTest" is-config="true" duration-ms="2648" started-at="2014-11-24T15:13:39Z" finished-at="2014-11-24T15:13:42Z">
          <params>
            <param index="0">
              <value>
                <![CDATA[chromekorras]]>
              </value>
            </param>
          </params>
          <reporter-output>
          </reporter-output>
        </test-method> <!-- beforeTest -->
        <test-method status="PASS" signature="TestCommentPublicFeedback(java.lang.String, java.lang.String, java.lang.String, java.lang.String, java.lang.String, java.lang.String, java.lang.String)[pri:0, instance:Feedback.CommentPublicFeedback@614c5515]" name="TestCommentPublicFeedback" duration-ms="9435" started-at="2014-11-24T15:13:42Z" data-provider="CommentData" finished-at="2014-11-24T15:13:51Z">
          <params>
            <param index="0">
              <value>
                <![CDATA[tavalinetont27]]>
              </value>
            </param>
            <param index="1">
              <value>
                <![CDATA[puhtaloom27]]>
              </value>
            </param>
            <param index="2">
              <value>
                <![CDATA[testime11]]>
              </value>
            </param>
            <param index="3">
              <value>
                <![CDATA[Jalgpall on elu]]>
              </value>
            </param>
            <param index="4">
              <value>
                <![CDATA[Sinu jaoks jah]]>
              </value>
            </param>
            <param index="5">
              <value>
                <![CDATA[Väravaid oskab lüüa, kuid kaitsa ei oska]]>
              </value>
            </param>
            <param index="6">
              <value>
                <![CDATA[Jalgpalliäss]]>
              </value>
            </param>
          </params>
          <reporter-output>
          </reporter-output>
        </test-method> <!-- TestCommentPublicFeedback -->
        <test-method status="PASS" signature="closeBrowser()[pri:0, instance:Feedback.CommentPublicFeedback@614c5515]" name="closeBrowser" is-config="true" duration-ms="2440" started-at="2014-11-24T15:13:51Z" finished-at="2014-11-24T15:13:54Z">
          <reporter-output>
          </reporter-output>
        </test-method> <!-- closeBrowser -->
        <test-method status="PASS" signature="beforeTest(java.lang.String)[pri:0, instance:Feedback.CommentPublicFeedback@614c5515]" name="beforeTest" is-config="true" duration-ms="2889" started-at="2014-11-24T15:13:54Z" finished-at="2014-11-24T15:13:57Z">
          <params>
            <param index="0">
              <value>
                <![CDATA[chromekorras]]>
              </value>
            </param>
          </params>
          <reporter-output>
          </reporter-output>
        </test-method> <!-- beforeTest -->
        <test-method status="PASS" signature="TestCommentPublicFeedback(java.lang.String, java.lang.String, java.lang.String, java.lang.String, java.lang.String, java.lang.String, java.lang.String)[pri:0, instance:Feedback.CommentPublicFeedback@614c5515]" name="TestCommentPublicFeedback" duration-ms="7890" started-at="2014-11-24T15:13:57Z" data-provider="CommentData" finished-at="2014-11-24T15:14:05Z">
          <params>
            <param index="0">
              <value>
                <![CDATA[puhtaloom27]]>
              </value>
            </param>
            <param index="1">
              <value>
                <![CDATA[filmweird27]]>
              </value>
            </param>
            <param index="2">
              <value>
                <![CDATA[testime11]]>
              </value>
            </param>
            <param index="3">
              <value>
                <![CDATA[Eks me kõik oleme natuke imelikud]]>
              </value>
            </param>
            <param index="4">
              <value>
                <![CDATA[Eks ta ole jah nii]]>
              </value>
            </param>
            <param index="5">
              <value>
                <![CDATA[Teab palju imelike filme]]>
              </value>
            </param>
            <param index="6">
              <value>
                <![CDATA[We meet again. Weirdo]]>
              </value>
            </param>
          </params>
          <reporter-output>
          </reporter-output>
        </test-method> <!-- TestCommentPublicFeedback -->
        <test-method status="PASS" signature="closeBrowser()[pri:0, instance:Feedback.CommentPublicFeedback@614c5515]" name="closeBrowser" is-config="true" duration-ms="2699" started-at="2014-11-24T15:14:05Z" finished-at="2014-11-24T15:14:07Z">
          <reporter-output>
          </reporter-output>
        </test-method> <!-- closeBrowser -->
        <test-method status="PASS" signature="beforeTest(java.lang.String)[pri:0, instance:Feedback.CommentPublicFeedback@614c5515]" name="beforeTest" is-config="true" duration-ms="2959" started-at="2014-11-24T15:14:07Z" finished-at="2014-11-24T15:14:10Z">
          <params>
            <param index="0">
              <value>
                <![CDATA[chromekorras]]>
              </value>
            </param>
          </params>
          <reporter-output>
          </reporter-output>
        </test-method> <!-- beforeTest -->
        <test-method status="PASS" signature="TestCommentPublicFeedback(java.lang.String, java.lang.String, java.lang.String, java.lang.String, java.lang.String, java.lang.String, java.lang.String)[pri:0, instance:Feedback.CommentPublicFeedback@614c5515]" name="TestCommentPublicFeedback" duration-ms="7715" started-at="2014-11-24T15:14:10Z" data-provider="CommentData" finished-at="2014-11-24T15:14:18Z">
          <params>
            <param index="0">
              <value>
                <![CDATA[filmweird27]]>
              </value>
            </param>
            <param index="1">
              <value>
                <![CDATA[tavalinetont27]]>
              </value>
            </param>
            <param index="2">
              <value>
                <![CDATA[testime11]]>
              </value>
            </param>
            <param index="3">
              <value>
                <![CDATA[Asja tuleb rahulikult v6tta]]>
              </value>
            </param>
            <param index="4">
              <value>
                <![CDATA[Oleks ma nii rahulik]]>
              </value>
            </param>
            <param index="5">
              <value>
                <![CDATA[Teda ei häiri miski]]>
              </value>
            </param>
            <param index="6">
              <value>
                <![CDATA[Vaikne Vend]]>
              </value>
            </param>
          </params>
          <reporter-output>
          </reporter-output>
        </test-method> <!-- TestCommentPublicFeedback -->
        <test-method status="PASS" signature="closeBrowser()[pri:0, instance:Feedback.CommentPublicFeedback@614c5515]" name="closeBrowser" is-config="true" duration-ms="2462" started-at="2014-11-24T15:14:18Z" finished-at="2014-11-24T15:14:20Z">
          <reporter-output>
          </reporter-output>
        </test-method> <!-- closeBrowser -->
      </class> <!-- Feedback.CommentPublicFeedback -->
      <class name="Kysimus.Kysimused">
        <test-method status="PASS" signature="beforeTest(java.lang.String)[pri:0, instance:Kysimus.Kysimused@6fb554cc]" name="beforeTest" is-config="true" duration-ms="2977" started-at="2014-11-24T15:15:17Z" finished-at="2014-11-24T15:15:20Z">
          <params>
            <param index="0">
              <value>
                <![CDATA[chromekorras]]>
              </value>
            </param>
          </params>
          <reporter-output>
          </reporter-output>
        </test-method> <!-- beforeTest -->
        <test-method status="PASS" signature="TestKysimused()[pri:0, instance:Kysimus.Kysimused@6fb554cc]" name="TestKysimused" duration-ms="257932" started-at="2014-11-24T15:15:20Z" finished-at="2014-11-24T15:19:38Z">
          <reporter-output>
          </reporter-output>
        </test-method> <!-- TestKysimused -->
        <test-method status="PASS" signature="closeBrowser()[pri:0, instance:Kysimus.Kysimused@6fb554cc]" name="closeBrowser" is-config="true" duration-ms="2597" started-at="2014-11-24T15:19:38Z" finished-at="2014-11-24T15:19:41Z">
          <reporter-output>
          </reporter-output>
        </test-method> <!-- closeBrowser -->
      </class> <!-- Kysimus.Kysimused -->
      <class name="Feedback.MakeFeedbackPublic">
        <test-method status="PASS" signature="beforeTest(java.lang.String)[pri:0, instance:Feedback.MakeFeedbackPublic@68837a77]" name="beforeTest" is-config="true" duration-ms="2932" started-at="2014-11-24T15:13:10Z" finished-at="2014-11-24T15:13:13Z">
          <params>
            <param index="0">
              <value>
                <![CDATA[chromekorras]]>
              </value>
            </param>
          </params>
          <reporter-output>
          </reporter-output>
        </test-method> <!-- beforeTest -->
        <test-method status="FAIL" signature="TestFeedbackPublic(java.lang.String, java.lang.String, java.lang.String, java.lang.String, java.lang.String, java.lang.String, java.lang.String, java.lang.String, java.lang.String, java.lang.String, java.lang.String)[pri:0, instance:Feedback.MakeFeedbackPublic@68837a77]" name="TestFeedbackPublic" duration-ms="4112" started-at="2014-11-24T15:13:13Z" data-provider="FeedbackPublic" finished-at="2014-11-24T15:13:17Z">
          <params>
            <param index="0">
              <value>
                <![CDATA[tavalinetont27]]>
              </value>
            </param>
            <param index="1">
              <value>
                <![CDATA[puhtaloom27]]>
              </value>
            </param>
            <param index="2">
              <value>
                <![CDATA[filmweird27]]>
              </value>
            </param>
            <param index="3">
              <value>
                <![CDATA[testime11]]>
              </value>
            </param>
            <param index="4">
              <value>
                <![CDATA[Anon kiidab sind]]>
              </value>
            </param>
            <param index="5">
              <value>
                <![CDATA[Oma küla vana]]>
              </value>
            </param>
            <param index="6">
              <value>
                <![CDATA[Jalgpalliäss]]>
              </value>
            </param>
            <param index="7">
              <value>
                <![CDATA[Eks sa tea paremini]]>
              </value>
            </param>
            <param index="8">
              <value>
                <![CDATA[selentest13@mailinator.com]]>
              </value>
            </param>
            <param index="9">
              <value>
                <![CDATA[selentest@hotmail.com]]>
              </value>
            </param>
            <param index="10">
              <value>
                <![CDATA[1]]>
              </value>
            </param>
          </params>
          <exception class="java.lang.AssertionError">
            <message>
              <![CDATA[expected [true] but found [false]]]>
            </message>
            <full-stacktrace>
              <![CDATA[java.lang.AssertionError: expected [true] but found [false]
	at org.testng.Assert.fail(Assert.java:94)
	at org.testng.Assert.failNotEquals(Assert.java:494)
	at org.testng.Assert.assertTrue(Assert.java:42)
	at org.testng.Assert.assertTrue(Assert.java:52)
	at Feedback.MakeFeedbackPublic.TestFeedbackPublic(MakeFeedbackPublic.java:31)
	at sun.reflect.NativeMethodAccessorImpl.invoke0(Native Method)
	at sun.reflect.NativeMethodAccessorImpl.invoke(Unknown Source)
	at sun.reflect.DelegatingMethodAccessorImpl.invoke(Unknown Source)
	at java.lang.reflect.Method.invoke(Unknown Source)
	at org.testng.internal.MethodInvocationHelper.invokeMethod(MethodInvocationHelper.java:84)
	at org.testng.internal.Invoker.invokeMethod(Invoker.java:714)
	at org.testng.internal.Invoker.invokeTestMethod(Invoker.java:901)
	at org.testng.internal.Invoker.invokeTestMethods(Invoker.java:1231)
	at org.testng.internal.TestMethodWorker.invokeTestMethods(TestMethodWorker.java:127)
	at org.testng.internal.TestMethodWorker.run(TestMethodWorker.java:111)
	at org.testng.TestRunner.privateRun(TestRunner.java:767)
	at org.testng.TestRunner.run(TestRunner.java:617)
	at org.testng.SuiteRunner.runTest(SuiteRunner.java:348)
	at org.testng.SuiteRunner.runSequentially(SuiteRunner.java:343)
	at org.testng.SuiteRunner.privateRun(SuiteRunner.java:305)
	at org.testng.SuiteRunner.run(SuiteRunner.java:254)
	at org.testng.SuiteRunnerWorker.runSuite(SuiteRunnerWorker.java:52)
	at org.testng.SuiteRunnerWorker.run(SuiteRunnerWorker.java:86)
	at org.testng.TestNG.runSuitesSequentially(TestNG.java:1224)
	at org.testng.TestNG.runSuitesLocally(TestNG.java:1149)
	at org.testng.TestNG.run(TestNG.java:1057)
	at org.apache.maven.surefire.testng.TestNGExecutor.run(TestNGExecutor.java:295)
	at org.apache.maven.surefire.testng.TestNGXmlTestSuite.execute(TestNGXmlTestSuite.java:84)
	at org.apache.maven.surefire.testng.TestNGProvider.invoke(TestNGProvider.java:90)
	at org.apache.maven.surefire.booter.ForkedBooter.invokeProviderInSameClassLoader(ForkedBooter.java:203)
	at org.apache.maven.surefire.booter.ForkedBooter.runSuitesInProcess(ForkedBooter.java:155)
	at org.apache.maven.surefire.booter.ForkedBooter.main(ForkedBooter.java:103)
]]>
            </full-stacktrace>
          </exception> <!-- java.lang.AssertionError -->
          <reporter-output>
          </reporter-output>
        </test-method> <!-- TestFeedbackPublic -->
        <test-method status="PASS" signature="closeBrowser()[pri:0, instance:Feedback.MakeFeedbackPublic@68837a77]" name="closeBrowser" is-config="true" duration-ms="2682" started-at="2014-11-24T15:13:17Z" finished-at="2014-11-24T15:13:20Z">
          <reporter-output>
          </reporter-output>
        </test-method> <!-- closeBrowser -->
        <test-method status="PASS" signature="beforeTest(java.lang.String)[pri:0, instance:Feedback.MakeFeedbackPublic@68837a77]" name="beforeTest" is-config="true" duration-ms="2673" started-at="2014-11-24T15:13:20Z" finished-at="2014-11-24T15:13:22Z">
          <params>
            <param index="0">
              <value>
                <![CDATA[chromekorras]]>
              </value>
            </param>
          </params>
          <reporter-output>
          </reporter-output>
        </test-method> <!-- beforeTest -->
        <test-method status="FAIL" signature="TestFeedbackPublic(java.lang.String, java.lang.String, java.lang.String, java.lang.String, java.lang.String, java.lang.String, java.lang.String, java.lang.String, java.lang.String, java.lang.String, java.lang.String)[pri:0, instance:Feedback.MakeFeedbackPublic@68837a77]" name="TestFeedbackPublic" duration-ms="4434" started-at="2014-11-24T15:13:22Z" data-provider="FeedbackPublic" finished-at="2014-11-24T15:13:27Z">
          <params>
            <param index="0">
              <value>
                <![CDATA[puhtaloom27]]>
              </value>
            </param>
            <param index="1">
              <value>
                <![CDATA[filmweird27]]>
              </value>
            </param>
            <param index="2">
              <value>
                <![CDATA[tavalinetont27]]>
              </value>
            </param>
            <param index="3">
              <value>
                <![CDATA[testime11]]>
              </value>
            </param>
            <param index="4">
              <value>
                <![CDATA[Veits imelik]]>
              </value>
            </param>
            <param index="5">
              <value>
                <![CDATA[Omamoodi]]>
              </value>
            </param>
            <param index="6">
              <value>
                <![CDATA[We meet again. Weirdo]]>
              </value>
            </param>
            <param index="7">
              <value>
                <![CDATA[Eks kaitsetöö ole kah tähtis]]>
              </value>
            </param>
            <param index="8">
              <value>
                <![CDATA[testimeauto12@mailinator.com]]>
              </value>
            </param>
            <param index="9">
              <value>
                <![CDATA[selentest@hotmail.com]]>
              </value>
            </param>
            <param index="10">
              <value>
                <![CDATA[2]]>
              </value>
            </param>
          </params>
          <exception class="java.lang.AssertionError">
            <message>
              <![CDATA[expected [true] but found [false]]]>
            </message>
            <full-stacktrace>
              <![CDATA[java.lang.AssertionError: expected [true] but found [false]
	at org.testng.Assert.fail(Assert.java:94)
	at org.testng.Assert.failNotEquals(Assert.java:494)
	at org.testng.Assert.assertTrue(Assert.java:42)
	at org.testng.Assert.assertTrue(Assert.java:52)
	at Feedback.MakeFeedbackPublic.TestFeedbackPublic(MakeFeedbackPublic.java:31)
	at sun.reflect.NativeMethodAccessorImpl.invoke0(Native Method)
	at sun.reflect.NativeMethodAccessorImpl.invoke(Unknown Source)
	at sun.reflect.DelegatingMethodAccessorImpl.invoke(Unknown Source)
	at java.lang.reflect.Method.invoke(Unknown Source)
	at org.testng.internal.MethodInvocationHelper.invokeMethod(MethodInvocationHelper.java:84)
	at org.testng.internal.Invoker.invokeMethod(Invoker.java:714)
	at org.testng.internal.Invoker.invokeTestMethod(Invoker.java:901)
	at org.testng.internal.Invoker.invokeTestMethods(Invoker.java:1231)
	at org.testng.internal.TestMethodWorker.invokeTestMethods(TestMethodWorker.java:127)
	at org.testng.internal.TestMethodWorker.run(TestMethodWorker.java:111)
	at org.testng.TestRunner.privateRun(TestRunner.java:767)
	at org.testng.TestRunner.run(TestRunner.java:617)
	at org.testng.SuiteRunner.runTest(SuiteRunner.java:348)
	at org.testng.SuiteRunner.runSequentially(SuiteRunner.java:343)
	at org.testng.SuiteRunner.privateRun(SuiteRunner.java:305)
	at org.testng.SuiteRunner.run(SuiteRunner.java:254)
	at org.testng.SuiteRunnerWorker.runSuite(SuiteRunnerWorker.java:52)
	at org.testng.SuiteRunnerWorker.run(SuiteRunnerWorker.java:86)
	at org.testng.TestNG.runSuitesSequentially(TestNG.java:1224)
	at org.testng.TestNG.runSuitesLocally(TestNG.java:1149)
	at org.testng.TestNG.run(TestNG.java:1057)
	at org.apache.maven.surefire.testng.TestNGExecutor.run(TestNGExecutor.java:295)
	at org.apache.maven.surefire.testng.TestNGXmlTestSuite.execute(TestNGXmlTestSuite.java:84)
	at org.apache.maven.surefire.testng.TestNGProvider.invoke(TestNGProvider.java:90)
	at org.apache.maven.surefire.booter.ForkedBooter.invokeProviderInSameClassLoader(ForkedBooter.java:203)
	at org.apache.maven.surefire.booter.ForkedBooter.runSuitesInProcess(ForkedBooter.java:155)
	at org.apache.maven.surefire.booter.ForkedBooter.main(ForkedBooter.java:103)
]]>
            </full-stacktrace>
          </exception> <!-- java.lang.AssertionError -->
          <reporter-output>
          </reporter-output>
        </test-method> <!-- TestFeedbackPublic -->
        <test-method status="PASS" signature="closeBrowser()[pri:0, instance:Feedback.MakeFeedbackPublic@68837a77]" name="closeBrowser" is-config="true" duration-ms="2434" started-at="2014-11-24T15:13:27Z" finished-at="2014-11-24T15:13:29Z">
          <reporter-output>
          </reporter-output>
        </test-method> <!-- closeBrowser -->
        <test-method status="PASS" signature="beforeTest(java.lang.String)[pri:0, instance:Feedback.MakeFeedbackPublic@68837a77]" name="beforeTest" is-config="true" duration-ms="2555" started-at="2014-11-24T15:13:29Z" finished-at="2014-11-24T15:13:32Z">
          <params>
            <param index="0">
              <value>
                <![CDATA[chromekorras]]>
              </value>
            </param>
          </params>
          <reporter-output>
          </reporter-output>
        </test-method> <!-- beforeTest -->
        <test-method status="FAIL" signature="TestFeedbackPublic(java.lang.String, java.lang.String, java.lang.String, java.lang.String, java.lang.String, java.lang.String, java.lang.String, java.lang.String, java.lang.String, java.lang.String, java.lang.String)[pri:0, instance:Feedback.MakeFeedbackPublic@68837a77]" name="TestFeedbackPublic" duration-ms="5038" started-at="2014-11-24T15:13:32Z" data-provider="FeedbackPublic" finished-at="2014-11-24T15:13:37Z">
          <params>
            <param index="0">
              <value>
                <![CDATA[filmweird27]]>
              </value>
            </param>
            <param index="1">
              <value>
                <![CDATA[tavalinetont27]]>
              </value>
            </param>
            <param index="2">
              <value>
                <![CDATA[puhtaloom27]]>
              </value>
            </param>
            <param index="3">
              <value>
                <![CDATA[testime11]]>
              </value>
            </param>
            <param index="4">
              <value>
                <![CDATA[Sa ei tea kes ma olen]]>
              </value>
            </param>
            <param index="5">
              <value>
                <![CDATA[Ma tunnen vist sind]]>
              </value>
            </param>
            <param index="6">
              <value>
                <![CDATA[Vaikne Vend]]>
              </value>
            </param>
            <param index="7">
              <value>
                <![CDATA[Indeed]]>
              </value>
            </param>
            <param index="8">
              <value>
                <![CDATA[vahekonto11@mailinator.com]]>
              </value>
            </param>
            <param index="9">
              <value>
                <![CDATA[selentest@hotmail.com]]>
              </value>
            </param>
            <param index="10">
              <value>
                <![CDATA[3]]>
              </value>
            </param>
          </params>
          <exception class="java.lang.AssertionError">
            <message>
              <![CDATA[expected [true] but found [false]]]>
            </message>
            <full-stacktrace>
              <![CDATA[java.lang.AssertionError: expected [true] but found [false]
	at org.testng.Assert.fail(Assert.java:94)
	at org.testng.Assert.failNotEquals(Assert.java:494)
	at org.testng.Assert.assertTrue(Assert.java:42)
	at org.testng.Assert.assertTrue(Assert.java:52)
	at Feedback.MakeFeedbackPublic.TestFeedbackPublic(MakeFeedbackPublic.java:31)
	at sun.reflect.NativeMethodAccessorImpl.invoke0(Native Method)
	at sun.reflect.NativeMethodAccessorImpl.invoke(Unknown Source)
	at sun.reflect.DelegatingMethodAccessorImpl.invoke(Unknown Source)
	at java.lang.reflect.Method.invoke(Unknown Source)
	at org.testng.internal.MethodInvocationHelper.invokeMethod(MethodInvocationHelper.java:84)
	at org.testng.internal.Invoker.invokeMethod(Invoker.java:714)
	at org.testng.internal.Invoker.invokeTestMethod(Invoker.java:901)
	at org.testng.internal.Invoker.invokeTestMethods(Invoker.java:1231)
	at org.testng.internal.TestMethodWorker.invokeTestMethods(TestMethodWorker.java:127)
	at org.testng.internal.TestMethodWorker.run(TestMethodWorker.java:111)
	at org.testng.TestRunner.privateRun(TestRunner.java:767)
	at org.testng.TestRunner.run(TestRunner.java:617)
	at org.testng.SuiteRunner.runTest(SuiteRunner.java:348)
	at org.testng.SuiteRunner.runSequentially(SuiteRunner.java:343)
	at org.testng.SuiteRunner.privateRun(SuiteRunner.java:305)
	at org.testng.SuiteRunner.run(SuiteRunner.java:254)
	at org.testng.SuiteRunnerWorker.runSuite(SuiteRunnerWorker.java:52)
	at org.testng.SuiteRunnerWorker.run(SuiteRunnerWorker.java:86)
	at org.testng.TestNG.runSuitesSequentially(TestNG.java:1224)
	at org.testng.TestNG.runSuitesLocally(TestNG.java:1149)
	at org.testng.TestNG.run(TestNG.java:1057)
	at org.apache.maven.surefire.testng.TestNGExecutor.run(TestNGExecutor.java:295)
	at org.apache.maven.surefire.testng.TestNGXmlTestSuite.execute(TestNGXmlTestSuite.java:84)
	at org.apache.maven.surefire.testng.TestNGProvider.invoke(TestNGProvider.java:90)
	at org.apache.maven.surefire.booter.ForkedBooter.invokeProviderInSameClassLoader(ForkedBooter.java:203)
	at org.apache.maven.surefire.booter.ForkedBooter.runSuitesInProcess(ForkedBooter.java:155)
	at org.apache.maven.surefire.booter.ForkedBooter.main(ForkedBooter.java:103)
]]>
            </full-stacktrace>
          </exception> <!-- java.lang.AssertionError -->
          <reporter-output>
          </reporter-output>
        </test-method> <!-- TestFeedbackPublic -->
        <test-method status="PASS" signature="closeBrowser()[pri:0, instance:Feedback.MakeFeedbackPublic@68837a77]" name="closeBrowser" is-config="true" duration-ms="2393" started-at="2014-11-24T15:13:37Z" finished-at="2014-11-24T15:13:39Z">
          <reporter-output>
          </reporter-output>
        </test-method> <!-- closeBrowser -->
      </class> <!-- Feedback.MakeFeedbackPublic -->
      <class name="Feedback.CommentPublicFeedbackNotLoggedin">
        <test-method status="PASS" signature="beforeTest(java.lang.String)[pri:0, instance:Feedback.CommentPublicFeedbackNotLoggedin@2ef9b8bc]" name="beforeTest" is-config="true" duration-ms="2982" started-at="2014-11-24T15:14:20Z" finished-at="2014-11-24T15:14:23Z">
          <params>
            <param index="0">
              <value>
                <![CDATA[chromekorras]]>
              </value>
            </param>
          </params>
          <reporter-output>
          </reporter-output>
        </test-method> <!-- beforeTest -->
        <test-method status="PASS" signature="TestCommentPublicFeedbackNotLoggedin(java.lang.String, java.lang.String, java.lang.String, java.lang.String, java.lang.String, java.lang.String, java.lang.String, java.lang.String, java.lang.String, java.lang.String, java.lang.String)[pri:0, instance:Feedback.CommentPublicFeedbackNotLoggedin@2ef9b8bc]" name="TestCommentPublicFeedbackNotLoggedin" duration-ms="2079" started-at="2014-11-24T15:14:23Z" data-provider="CommentData" finished-at="2014-11-24T15:14:26Z">
          <params>
            <param index="0">
              <value>
                <![CDATA[tavalinetont27]]>
              </value>
            </param>
            <param index="1">
              <value>
                <![CDATA[puhtaloom27]]>
              </value>
            </param>
            <param index="2">
              <value>
                <![CDATA[filmweird27]]>
              </value>
            </param>
            <param index="3">
              <value>
                <![CDATA[testime11]]>
              </value>
            </param>
            <param index="4">
              <value>
                <![CDATA[Anon kiidab sind]]>
              </value>
            </param>
            <param index="5">
              <value>
                <![CDATA[Oma küla vana]]>
              </value>
            </param>
            <param index="6">
              <value>
                <![CDATA[Jalgpalliäss]]>
              </value>
            </param>
            <param index="7">
              <value>
                <![CDATA[Eks sa tea paremini]]>
              </value>
            </param>
            <param index="8">
              <value>
                <![CDATA[selentest13@mailinator.com]]>
              </value>
            </param>
            <param index="9">
              <value>
                <![CDATA[selentest@hotmail.com]]>
              </value>
            </param>
            <param index="10">
              <value>
                <![CDATA[1]]>
              </value>
            </param>
          </params>
          <reporter-output>
          </reporter-output>
        </test-method> <!-- TestCommentPublicFeedbackNotLoggedin -->
        <test-method status="PASS" signature="closeBrowser()[pri:0, instance:Feedback.CommentPublicFeedbackNotLoggedin@2ef9b8bc]" name="closeBrowser" is-config="true" duration-ms="2644" started-at="2014-11-24T15:14:26Z" finished-at="2014-11-24T15:14:28Z">
          <reporter-output>
          </reporter-output>
        </test-method> <!-- closeBrowser -->
        <test-method status="PASS" signature="beforeTest(java.lang.String)[pri:0, instance:Feedback.CommentPublicFeedbackNotLoggedin@2ef9b8bc]" name="beforeTest" is-config="true" duration-ms="2690" started-at="2014-11-24T15:14:28Z" finished-at="2014-11-24T15:14:31Z">
          <params>
            <param index="0">
              <value>
                <![CDATA[chromekorras]]>
              </value>
            </param>
          </params>
          <reporter-output>
          </reporter-output>
        </test-method> <!-- beforeTest -->
        <test-method status="PASS" signature="TestCommentPublicFeedbackNotLoggedin(java.lang.String, java.lang.String, java.lang.String, java.lang.String, java.lang.String, java.lang.String, java.lang.String, java.lang.String, java.lang.String, java.lang.String, java.lang.String)[pri:0, instance:Feedback.CommentPublicFeedbackNotLoggedin@2ef9b8bc]" name="TestCommentPublicFeedbackNotLoggedin" duration-ms="2043" started-at="2014-11-24T15:14:31Z" data-provider="CommentData" finished-at="2014-11-24T15:14:33Z">
          <params>
            <param index="0">
              <value>
                <![CDATA[puhtaloom27]]>
              </value>
            </param>
            <param index="1">
              <value>
                <![CDATA[filmweird27]]>
              </value>
            </param>
            <param index="2">
              <value>
                <![CDATA[tavalinetont27]]>
              </value>
            </param>
            <param index="3">
              <value>
                <![CDATA[testime11]]>
              </value>
            </param>
            <param index="4">
              <value>
                <![CDATA[Veits imelik]]>
              </value>
            </param>
            <param index="5">
              <value>
                <![CDATA[Omamoodi]]>
              </value>
            </param>
            <param index="6">
              <value>
                <![CDATA[We meet again. Weirdo]]>
              </value>
            </param>
            <param index="7">
              <value>
                <![CDATA[Eks kaitsetöö ole kah tähtis]]>
              </value>
            </param>
            <param index="8">
              <value>
                <![CDATA[testimeauto12@mailinator.com]]>
              </value>
            </param>
            <param index="9">
              <value>
                <![CDATA[selentest@hotmail.com]]>
              </value>
            </param>
            <param index="10">
              <value>
                <![CDATA[2]]>
              </value>
            </param>
          </params>
          <reporter-output>
          </reporter-output>
        </test-method> <!-- TestCommentPublicFeedbackNotLoggedin -->
        <test-method status="PASS" signature="closeBrowser()[pri:0, instance:Feedback.CommentPublicFeedbackNotLoggedin@2ef9b8bc]" name="closeBrowser" is-config="true" duration-ms="2363" started-at="2014-11-24T15:14:33Z" finished-at="2014-11-24T15:14:35Z">
          <reporter-output>
          </reporter-output>
        </test-method> <!-- closeBrowser -->
        <test-method status="PASS" signature="beforeTest(java.lang.String)[pri:0, instance:Feedback.CommentPublicFeedbackNotLoggedin@2ef9b8bc]" name="beforeTest" is-config="true" duration-ms="2661" started-at="2014-11-24T15:14:35Z" finished-at="2014-11-24T15:14:38Z">
          <params>
            <param index="0">
              <value>
                <![CDATA[chromekorras]]>
              </value>
            </param>
          </params>
          <reporter-output>
          </reporter-output>
        </test-method> <!-- beforeTest -->
        <test-method status="PASS" signature="TestCommentPublicFeedbackNotLoggedin(java.lang.String, java.lang.String, java.lang.String, java.lang.String, java.lang.String, java.lang.String, java.lang.String, java.lang.String, java.lang.String, java.lang.String, java.lang.String)[pri:0, instance:Feedback.CommentPublicFeedbackNotLoggedin@2ef9b8bc]" name="TestCommentPublicFeedbackNotLoggedin" duration-ms="2014" started-at="2014-11-24T15:14:38Z" data-provider="CommentData" finished-at="2014-11-24T15:14:40Z">
          <params>
            <param index="0">
              <value>
                <![CDATA[filmweird27]]>
              </value>
            </param>
            <param index="1">
              <value>
                <![CDATA[tavalinetont27]]>
              </value>
            </param>
            <param index="2">
              <value>
                <![CDATA[puhtaloom27]]>
              </value>
            </param>
            <param index="3">
              <value>
                <![CDATA[testime11]]>
              </value>
            </param>
            <param index="4">
              <value>
                <![CDATA[Sa ei tea kes ma olen]]>
              </value>
            </param>
            <param index="5">
              <value>
                <![CDATA[Ma tunnen vist sind]]>
              </value>
            </param>
            <param index="6">
              <value>
                <![CDATA[Vaikne Vend]]>
              </value>
            </param>
            <param index="7">
              <value>
                <![CDATA[Indeed]]>
              </value>
            </param>
            <param index="8">
              <value>
                <![CDATA[vahekonto11@mailinator.com]]>
              </value>
            </param>
            <param index="9">
              <value>
                <![CDATA[selentest@hotmail.com]]>
              </value>
            </param>
            <param index="10">
              <value>
                <![CDATA[3]]>
              </value>
            </param>
          </params>
          <reporter-output>
          </reporter-output>
        </test-method> <!-- TestCommentPublicFeedbackNotLoggedin -->
        <test-method status="PASS" signature="closeBrowser()[pri:0, instance:Feedback.CommentPublicFeedbackNotLoggedin@2ef9b8bc]" name="closeBrowser" is-config="true" duration-ms="2406" started-at="2014-11-24T15:14:40Z" finished-at="2014-11-24T15:14:42Z">
          <reporter-output>
          </reporter-output>
        </test-method> <!-- closeBrowser -->
      </class> <!-- Feedback.CommentPublicFeedbackNotLoggedin -->
      <class name="GeneralFunctions.ChangePw">
        <test-method status="SKIP" signature="closeBrowser()[pri:0, instance:GeneralFunctions.ChangePw@60addb54]" name="closeBrowser" is-config="true" duration-ms="0" started-at="2014-11-24T15:24:05Z" finished-at="2014-11-24T15:24:05Z">
          <reporter-output>
          </reporter-output>
        </test-method> <!-- closeBrowser -->
        <test-method status="SKIP" signature="beforeTest(java.lang.String)[pri:0, instance:GeneralFunctions.ChangePw@60addb54]" name="beforeTest" is-config="true" duration-ms="0" started-at="2014-11-24T15:24:05Z" finished-at="2014-11-24T15:24:05Z">
          <reporter-output>
          </reporter-output>
        </test-method> <!-- beforeTest -->
        <test-method status="SKIP" signature="TestChangePw(java.lang.String, java.lang.String, java.lang.String, java.lang.String, java.lang.String, java.lang.String, java.lang.String, java.lang.String, java.lang.String, java.lang.String, java.lang.String)[pri:0, instance:GeneralFunctions.ChangePw@60addb54]" name="TestChangePw" duration-ms="0" started-at="2014-11-24T15:24:05Z" data-provider="PWChange" finished-at="2014-11-24T15:24:05Z">
          <params>
            <param index="0">
              <value>
                <![CDATA[filmweird27]]>
              </value>
            </param>
            <param index="1">
              <value>
                <![CDATA[tavalinetont27]]>
              </value>
            </param>
            <param index="2">
              <value>
                <![CDATA[puhtaloom27]]>
              </value>
            </param>
            <param index="3">
              <value>
                <![CDATA[testime11]]>
              </value>
            </param>
            <param index="4">
              <value>
                <![CDATA[Sa ei tea kes ma olen]]>
              </value>
            </param>
            <param index="5">
              <value>
                <![CDATA[Ma tunnen vist sind]]>
              </value>
            </param>
            <param index="6">
              <value>
                <![CDATA[Vaikne Vend]]>
              </value>
            </param>
            <param index="7">
              <value>
                <![CDATA[Indeed]]>
              </value>
            </param>
            <param index="8">
              <value>
                <![CDATA[vahekonto11@mailinator.com]]>
              </value>
            </param>
            <param index="9">
              <value>
                <![CDATA[selentest@hotmail.com]]>
              </value>
            </param>
            <param index="10">
              <value>
                <![CDATA[3]]>
              </value>
            </param>
          </params>
          <reporter-output>
          </reporter-output>
        </test-method> <!-- TestChangePw -->
        <test-method status="SKIP" signature="beforeTest(java.lang.String)[pri:0, instance:GeneralFunctions.ChangePw@60addb54]" name="beforeTest" is-config="true" duration-ms="0" started-at="2014-11-24T15:24:05Z" finished-at="2014-11-24T15:24:05Z">
          <reporter-output>
          </reporter-output>
        </test-method> <!-- beforeTest -->
        <test-method status="SKIP" signature="beforeTest(java.lang.String)[pri:0, instance:GeneralFunctions.ChangePw@60addb54]" name="beforeTest" is-config="true" duration-ms="0" started-at="2014-11-24T15:24:05Z" finished-at="2014-11-24T15:24:05Z">
          <reporter-output>
          </reporter-output>
        </test-method> <!-- beforeTest -->
        <test-method status="SKIP" signature="TestChangePw(java.lang.String, java.lang.String, java.lang.String, java.lang.String, java.lang.String, java.lang.String, java.lang.String, java.lang.String, java.lang.String, java.lang.String, java.lang.String)[pri:0, instance:GeneralFunctions.ChangePw@60addb54]" name="TestChangePw" duration-ms="0" started-at="2014-11-24T15:24:05Z" data-provider="PWChange" finished-at="2014-11-24T15:24:05Z">
          <params>
            <param index="0">
              <value>
                <![CDATA[tavalinetont27]]>
              </value>
            </param>
            <param index="1">
              <value>
                <![CDATA[puhtaloom27]]>
              </value>
            </param>
            <param index="2">
              <value>
                <![CDATA[filmweird27]]>
              </value>
            </param>
            <param index="3">
              <value>
                <![CDATA[testime11]]>
              </value>
            </param>
            <param index="4">
              <value>
                <![CDATA[Anon kiidab sind]]>
              </value>
            </param>
            <param index="5">
              <value>
                <![CDATA[Oma küla vana]]>
              </value>
            </param>
            <param index="6">
              <value>
                <![CDATA[Jalgpalliäss]]>
              </value>
            </param>
            <param index="7">
              <value>
                <![CDATA[Eks sa tea paremini]]>
              </value>
            </param>
            <param index="8">
              <value>
                <![CDATA[selentest13@mailinator.com]]>
              </value>
            </param>
            <param index="9">
              <value>
                <![CDATA[selentest@hotmail.com]]>
              </value>
            </param>
            <param index="10">
              <value>
                <![CDATA[1]]>
              </value>
            </param>
          </params>
          <reporter-output>
          </reporter-output>
        </test-method> <!-- TestChangePw -->
        <test-method status="SKIP" signature="TestChangePw(java.lang.String, java.lang.String, java.lang.String, java.lang.String, java.lang.String, java.lang.String, java.lang.String, java.lang.String, java.lang.String, java.lang.String, java.lang.String)[pri:0, instance:GeneralFunctions.ChangePw@60addb54]" name="TestChangePw" duration-ms="0" started-at="2014-11-24T15:24:05Z" data-provider="PWChange" finished-at="2014-11-24T15:24:05Z">
          <params>
            <param index="0">
              <value>
                <![CDATA[puhtaloom27]]>
              </value>
            </param>
            <param index="1">
              <value>
                <![CDATA[filmweird27]]>
              </value>
            </param>
            <param index="2">
              <value>
                <![CDATA[tavalinetont27]]>
              </value>
            </param>
            <param index="3">
              <value>
                <![CDATA[testime11]]>
              </value>
            </param>
            <param index="4">
              <value>
                <![CDATA[Veits imelik]]>
              </value>
            </param>
            <param index="5">
              <value>
                <![CDATA[Omamoodi]]>
              </value>
            </param>
            <param index="6">
              <value>
                <![CDATA[We meet again. Weirdo]]>
              </value>
            </param>
            <param index="7">
              <value>
                <![CDATA[Eks kaitsetöö ole kah tähtis]]>
              </value>
            </param>
            <param index="8">
              <value>
                <![CDATA[testimeauto12@mailinator.com]]>
              </value>
            </param>
            <param index="9">
              <value>
                <![CDATA[selentest@hotmail.com]]>
              </value>
            </param>
            <param index="10">
              <value>
                <![CDATA[2]]>
              </value>
            </param>
          </params>
          <reporter-output>
          </reporter-output>
        </test-method> <!-- TestChangePw -->
        <test-method status="SKIP" signature="closeBrowser()[pri:0, instance:GeneralFunctions.ChangePw@60addb54]" name="closeBrowser" is-config="true" duration-ms="0" started-at="2014-11-24T15:24:05Z" finished-at="2014-11-24T15:24:05Z">
          <reporter-output>
          </reporter-output>
        </test-method> <!-- closeBrowser -->
        <test-method status="SKIP" signature="closeBrowser()[pri:0, instance:GeneralFunctions.ChangePw@60addb54]" name="closeBrowser" is-config="true" duration-ms="0" started-at="2014-11-24T15:24:05Z" finished-at="2014-11-24T15:24:05Z">
          <reporter-output>
          </reporter-output>
        </test-method> <!-- closeBrowser -->
      </class> <!-- GeneralFunctions.ChangePw -->
      <class name="GeneralFunctions.ChangeProfilePic2">
        <test-method status="SKIP" signature="AvalikultProfiililtpildivahetus()[pri:0, instance:GeneralFunctions.ChangeProfilePic2@2c6a3f77]" name="AvalikultProfiililtpildivahetus" duration-ms="0" started-at="2014-11-24T15:24:05Z" finished-at="2014-11-24T15:24:05Z">
          <reporter-output>
          </reporter-output>
        </test-method> <!-- AvalikultProfiililtpildivahetus -->
        <test-method status="SKIP" signature="closeBrowser()[pri:0, instance:GeneralFunctions.ChangeProfilePic2@2c6a3f77]" name="closeBrowser" is-config="true" duration-ms="0" started-at="2014-11-24T15:24:05Z" finished-at="2014-11-24T15:24:05Z">
          <reporter-output>
          </reporter-output>
        </test-method> <!-- closeBrowser -->
        <test-method status="SKIP" signature="beforeTest(java.lang.String)[pri:0, instance:GeneralFunctions.ChangeProfilePic2@2c6a3f77]" name="beforeTest" is-config="true" duration-ms="0" started-at="2014-11-24T15:24:05Z" finished-at="2014-11-24T15:24:05Z">
          <reporter-output>
          </reporter-output>
        </test-method> <!-- beforeTest -->
      </class> <!-- GeneralFunctions.ChangeProfilePic2 -->
      <class name="Survey.SurveyWithValidData">
        <test-method status="PASS" signature="beforeTest(java.lang.String)[pri:0, instance:Survey.SurveyWithValidData@6be46e8f]" name="beforeTest" is-config="true" duration-ms="2166" started-at="2014-11-24T15:20:30Z" finished-at="2014-11-24T15:20:32Z">
          <params>
            <param index="0">
              <value>
                <![CDATA[chromekorras]]>
              </value>
            </param>
          </params>
          <reporter-output>
          </reporter-output>
        </test-method> <!-- beforeTest -->
        <test-method status="FAIL" signature="TestSurveywithvalidData(java.lang.String, java.lang.String, java.lang.String, java.lang.String, java.lang.String, java.lang.String, java.lang.String, java.lang.String, java.lang.String, java.lang.String, java.lang.String, java.lang.String, java.lang.String)[pri:0, instance:Survey.SurveyWithValidData@6be46e8f]" name="TestSurveywithvalidData" duration-ms="34995" started-at="2014-11-24T15:20:32Z" data-provider="SurveywithValid" finished-at="2014-11-24T15:21:07Z">
          <params>
            <param index="0">
              <value>
                <![CDATA[tavalinetont27]]>
              </value>
            </param>
            <param index="1">
              <value>
                <![CDATA[testime11]]>
              </value>
            </param>
            <param index="2">
              <value>
                <![CDATA[Tavaline]]>
              </value>
            </param>
            <param index="3">
              <value>
                <![CDATA[Kas see on tavaline küsitlius]]>
              </value>
            </param>
            <param index="4">
              <value>
                <![CDATA[Tundub täiesti tavaline]]>
              </value>
            </param>
            <param index="5">
              <value>
                <![CDATA[Mis meeldib mulle]]>
              </value>
            </param>
            <param index="6">
              <value>
                <![CDATA[Tavalised asjad]]>
              </value>
            </param>
            <param index="7">
              <value>
                <![CDATA[Action]]>
              </value>
            </param>
            <param index="8">
              <value>
                <![CDATA[Draama]]>
              </value>
            </param>
            <param index="9">
              <value>
                <![CDATA[Õnnenumbrid on mul]]>
              </value>
            </param>
            <param index="10">
              <value>
                <![CDATA[Kolmteist]]>
              </value>
            </param>
            <param index="11">
              <value>
                <![CDATA[Seitse]]>
              </value>
            </param>
            <param index="12">
              <value>
                <![CDATA[Üks]]>
              </value>
            </param>
          </params>
          <exception class="org.openqa.selenium.NoSuchElementException">
            <message>
              <![CDATA[no such element
  (Session info: chrome=38.0.2125.111)
  (Driver info: chromedriver=2.8.241075,platform=Windows NT 6.1 SP1 x86_64) (WARNING: The server did not provide any stacktrace information)
Command duration or timeout: 30.03 seconds
For documentation on this error, please visit: http://seleniumhq.org/exceptions/no_such_element.html
Build info: version: '2.43.1', revision: '5163bceef1bc36d43f3dc0b83c88998168a363a0', time: '2014-09-10 09:43:55'
System info: host: 'Madis-PC', ip: '192.168.0.109', os.name: 'Windows 7', os.arch: 'amd64', os.version: '6.1', java.version: '1.8.0_20'
Driver info: org.openqa.selenium.chrome.ChromeDriver
Capabilities [{applicationCacheEnabled=false, rotatable=false, chrome={userDataDir=C:\Users\Madis\AppData\Local\Temp\scoped_dir10424_13315}, takesHeapSnapshot=true, databaseEnabled=false, handlesAlerts=true, version=38.0.2125.111, platform=XP, browserConnectionEnabled=false, nativeEvents=true, acceptSslCerts=true, locationContextEnabled=true, webStorageEnabled=true, browserName=chrome, takesScreenshot=true, javascriptEnabled=true, cssSelectorsEnabled=true}]
Session ID: f11a589c24c49a475c205a20cae61ad7]]>
            </message>
            <full-stacktrace>
              <![CDATA[org.openqa.selenium.NoSuchElementException: no such element
  (Session info: chrome=38.0.2125.111)
  (Driver info: chromedriver=2.8.241075,platform=Windows NT 6.1 SP1 x86_64) (WARNING: The server did not provide any stacktrace information)
Command duration or timeout: 30.03 seconds
For documentation on this error, please visit: http://seleniumhq.org/exceptions/no_such_element.html
Build info: version: '2.43.1', revision: '5163bceef1bc36d43f3dc0b83c88998168a363a0', time: '2014-09-10 09:43:55'
System info: host: 'Madis-PC', ip: '192.168.0.109', os.name: 'Windows 7', os.arch: 'amd64', os.version: '6.1', java.version: '1.8.0_20'
Driver info: org.openqa.selenium.chrome.ChromeDriver
Capabilities [{applicationCacheEnabled=false, rotatable=false, chrome={userDataDir=C:\Users\Madis\AppData\Local\Temp\scoped_dir10424_13315}, takesHeapSnapshot=true, databaseEnabled=false, handlesAlerts=true, version=38.0.2125.111, platform=XP, browserConnectionEnabled=false, nativeEvents=true, acceptSslCerts=true, locationContextEnabled=true, webStorageEnabled=true, browserName=chrome, takesScreenshot=true, javascriptEnabled=true, cssSelectorsEnabled=true}]
Session ID: f11a589c24c49a475c205a20cae61ad7
	at sun.reflect.NativeConstructorAccessorImpl.newInstance0(Native Method)
	at sun.reflect.NativeConstructorAccessorImpl.newInstance(Unknown Source)
	at sun.reflect.DelegatingConstructorAccessorImpl.newInstance(Unknown Source)
	at java.lang.reflect.Constructor.newInstance(Unknown Source)
	at org.openqa.selenium.remote.ErrorHandler.createThrowable(ErrorHandler.java:204)
	at org.openqa.selenium.remote.ErrorHandler.throwIfResponseFailed(ErrorHandler.java:156)
	at org.openqa.selenium.remote.RemoteWebDriver.execute(RemoteWebDriver.java:599)
	at org.openqa.selenium.remote.RemoteWebDriver.findElement(RemoteWebDriver.java:352)
	at org.openqa.selenium.remote.RemoteWebDriver.findElementByCssSelector(RemoteWebDriver.java:441)
	at org.openqa.selenium.By$ByCssSelector.findElement(By.java:425)
	at org.openqa.selenium.remote.RemoteWebDriver.findElement(RemoteWebDriver.java:344)
	at PageObjects.LoggedIn.UusKysitlusWhenExisting(LoggedIn.java:184)
	at Survey.SurveyWithValidData.TestSurveywithvalidData(SurveyWithValidData.java:33)
	at sun.reflect.NativeMethodAccessorImpl.invoke0(Native Method)
	at sun.reflect.NativeMethodAccessorImpl.invoke(Unknown Source)
	at sun.reflect.DelegatingMethodAccessorImpl.invoke(Unknown Source)
	at java.lang.reflect.Method.invoke(Unknown Source)
	at org.testng.internal.MethodInvocationHelper.invokeMethod(MethodInvocationHelper.java:84)
	at org.testng.internal.Invoker.invokeMethod(Invoker.java:714)
	at org.testng.internal.Invoker.invokeTestMethod(Invoker.java:901)
	at org.testng.internal.Invoker.invokeTestMethods(Invoker.java:1231)
	at org.testng.internal.TestMethodWorker.invokeTestMethods(TestMethodWorker.java:127)
	at org.testng.internal.TestMethodWorker.run(TestMethodWorker.java:111)
	at org.testng.TestRunner.privateRun(TestRunner.java:767)
	at org.testng.TestRunner.run(TestRunner.java:617)
	at org.testng.SuiteRunner.runTest(SuiteRunner.java:348)
	at org.testng.SuiteRunner.runSequentially(SuiteRunner.java:343)
	at org.testng.SuiteRunner.privateRun(SuiteRunner.java:305)
	at org.testng.SuiteRunner.run(SuiteRunner.java:254)
	at org.testng.SuiteRunnerWorker.runSuite(SuiteRunnerWorker.java:52)
	at org.testng.SuiteRunnerWorker.run(SuiteRunnerWorker.java:86)
	at org.testng.TestNG.runSuitesSequentially(TestNG.java:1224)
	at org.testng.TestNG.runSuitesLocally(TestNG.java:1149)
	at org.testng.TestNG.run(TestNG.java:1057)
	at org.apache.maven.surefire.testng.TestNGExecutor.run(TestNGExecutor.java:295)
	at org.apache.maven.surefire.testng.TestNGXmlTestSuite.execute(TestNGXmlTestSuite.java:84)
	at org.apache.maven.surefire.testng.TestNGProvider.invoke(TestNGProvider.java:90)
	at org.apache.maven.surefire.booter.ForkedBooter.invokeProviderInSameClassLoader(ForkedBooter.java:203)
	at org.apache.maven.surefire.booter.ForkedBooter.runSuitesInProcess(ForkedBooter.java:155)
	at org.apache.maven.surefire.booter.ForkedBooter.main(ForkedBooter.java:103)
]]>
            </full-stacktrace>
          </exception> <!-- org.openqa.selenium.NoSuchElementException -->
          <reporter-output>
          </reporter-output>
        </test-method> <!-- TestSurveywithvalidData -->
        <test-method status="PASS" signature="closeBrowser()[pri:0, instance:Survey.SurveyWithValidData@6be46e8f]" name="closeBrowser" is-config="true" duration-ms="2455" started-at="2014-11-24T15:21:07Z" finished-at="2014-11-24T15:21:10Z">
          <reporter-output>
          </reporter-output>
        </test-method> <!-- closeBrowser -->
        <test-method status="PASS" signature="beforeTest(java.lang.String)[pri:0, instance:Survey.SurveyWithValidData@6be46e8f]" name="beforeTest" is-config="true" duration-ms="2161" started-at="2014-11-24T15:21:10Z" finished-at="2014-11-24T15:21:12Z">
          <params>
            <param index="0">
              <value>
                <![CDATA[chromekorras]]>
              </value>
            </param>
          </params>
          <reporter-output>
          </reporter-output>
        </test-method> <!-- beforeTest -->
        <test-method status="FAIL" signature="TestSurveywithvalidData(java.lang.String, java.lang.String, java.lang.String, java.lang.String, java.lang.String, java.lang.String, java.lang.String, java.lang.String, java.lang.String, java.lang.String, java.lang.String, java.lang.String, java.lang.String)[pri:0, instance:Survey.SurveyWithValidData@6be46e8f]" name="TestSurveywithvalidData" duration-ms="37427" started-at="2014-11-24T15:21:12Z" data-provider="SurveywithValid" finished-at="2014-11-24T15:21:49Z">
          <params>
            <param index="0">
              <value>
                <![CDATA[puhtaloom27]]>
              </value>
            </param>
            <param index="1">
              <value>
                <![CDATA[testime11]]>
              </value>
            </param>
            <param index="2">
              <value>
                <![CDATA[Loomaed]]>
              </value>
            </param>
            <param index="3">
              <value>
                <![CDATA[Kas Loomaias on loomi? Põhjenda?]]>
              </value>
            </param>
            <param index="4">
              <value>
                <![CDATA[Jah. Sest seda kutsutakse aiaks kus elavad loomad]]>
              </value>
            </param>
            <param index="5">
              <value>
                <![CDATA[Keda leidub loomaaias]]>
              </value>
            </param>
            <param index="6">
              <value>
                <![CDATA[gorilla]]>
              </value>
            </param>
            <param index="7">
              <value>
                <![CDATA[mammut]]>
              </value>
            </param>
            <param index="8">
              <value>
                <![CDATA[yeti]]>
              </value>
            </param>
            <param index="9">
              <value>
                <![CDATA[Mis loomad on mul kodus elanud]]>
              </value>
            </param>
            <param index="10">
              <value>
                <![CDATA[kassid]]>
              </value>
            </param>
            <param index="11">
              <value>
                <![CDATA[tsintsilja]]>
              </value>
            </param>
            <param index="12">
              <value>
                <![CDATA[tiiger]]>
              </value>
            </param>
          </params>
          <exception class="org.openqa.selenium.NoSuchElementException">
            <message>
              <![CDATA[no such element
  (Session info: chrome=38.0.2125.111)
  (Driver info: chromedriver=2.8.241075,platform=Windows NT 6.1 SP1 x86_64) (WARNING: The server did not provide any stacktrace information)
Command duration or timeout: 30.05 seconds
For documentation on this error, please visit: http://seleniumhq.org/exceptions/no_such_element.html
Build info: version: '2.43.1', revision: '5163bceef1bc36d43f3dc0b83c88998168a363a0', time: '2014-09-10 09:43:55'
System info: host: 'Madis-PC', ip: '192.168.0.109', os.name: 'Windows 7', os.arch: 'amd64', os.version: '6.1', java.version: '1.8.0_20'
Driver info: org.openqa.selenium.chrome.ChromeDriver
Capabilities [{applicationCacheEnabled=false, rotatable=false, chrome={userDataDir=C:\Users\Madis\AppData\Local\Temp\scoped_dir11852_28468}, takesHeapSnapshot=true, databaseEnabled=false, handlesAlerts=true, version=38.0.2125.111, platform=XP, browserConnectionEnabled=false, nativeEvents=true, acceptSslCerts=true, locationContextEnabled=true, webStorageEnabled=true, browserName=chrome, takesScreenshot=true, javascriptEnabled=true, cssSelectorsEnabled=true}]
Session ID: 69674673cdad61fbfd1f9bd426f08056]]>
            </message>
            <full-stacktrace>
              <![CDATA[org.openqa.selenium.NoSuchElementException: no such element
  (Session info: chrome=38.0.2125.111)
  (Driver info: chromedriver=2.8.241075,platform=Windows NT 6.1 SP1 x86_64) (WARNING: The server did not provide any stacktrace information)
Command duration or timeout: 30.05 seconds
For documentation on this error, please visit: http://seleniumhq.org/exceptions/no_such_element.html
Build info: version: '2.43.1', revision: '5163bceef1bc36d43f3dc0b83c88998168a363a0', time: '2014-09-10 09:43:55'
System info: host: 'Madis-PC', ip: '192.168.0.109', os.name: 'Windows 7', os.arch: 'amd64', os.version: '6.1', java.version: '1.8.0_20'
Driver info: org.openqa.selenium.chrome.ChromeDriver
Capabilities [{applicationCacheEnabled=false, rotatable=false, chrome={userDataDir=C:\Users\Madis\AppData\Local\Temp\scoped_dir11852_28468}, takesHeapSnapshot=true, databaseEnabled=false, handlesAlerts=true, version=38.0.2125.111, platform=XP, browserConnectionEnabled=false, nativeEvents=true, acceptSslCerts=true, locationContextEnabled=true, webStorageEnabled=true, browserName=chrome, takesScreenshot=true, javascriptEnabled=true, cssSelectorsEnabled=true}]
Session ID: 69674673cdad61fbfd1f9bd426f08056
	at sun.reflect.NativeConstructorAccessorImpl.newInstance0(Native Method)
	at sun.reflect.NativeConstructorAccessorImpl.newInstance(Unknown Source)
	at sun.reflect.DelegatingConstructorAccessorImpl.newInstance(Unknown Source)
	at java.lang.reflect.Constructor.newInstance(Unknown Source)
	at org.openqa.selenium.remote.ErrorHandler.createThrowable(ErrorHandler.java:204)
	at org.openqa.selenium.remote.ErrorHandler.throwIfResponseFailed(ErrorHandler.java:156)
	at org.openqa.selenium.remote.RemoteWebDriver.execute(RemoteWebDriver.java:599)
	at org.openqa.selenium.remote.RemoteWebDriver.findElement(RemoteWebDriver.java:352)
	at org.openqa.selenium.remote.RemoteWebDriver.findElementByCssSelector(RemoteWebDriver.java:441)
	at org.openqa.selenium.By$ByCssSelector.findElement(By.java:425)
	at org.openqa.selenium.remote.RemoteWebDriver.findElement(RemoteWebDriver.java:344)
	at PageObjects.LoggedIn.UusKysitlusWhenExisting(LoggedIn.java:184)
	at Survey.SurveyWithValidData.TestSurveywithvalidData(SurveyWithValidData.java:33)
	at sun.reflect.NativeMethodAccessorImpl.invoke0(Native Method)
	at sun.reflect.NativeMethodAccessorImpl.invoke(Unknown Source)
	at sun.reflect.DelegatingMethodAccessorImpl.invoke(Unknown Source)
	at java.lang.reflect.Method.invoke(Unknown Source)
	at org.testng.internal.MethodInvocationHelper.invokeMethod(MethodInvocationHelper.java:84)
	at org.testng.internal.Invoker.invokeMethod(Invoker.java:714)
	at org.testng.internal.Invoker.invokeTestMethod(Invoker.java:901)
	at org.testng.internal.Invoker.invokeTestMethods(Invoker.java:1231)
	at org.testng.internal.TestMethodWorker.invokeTestMethods(TestMethodWorker.java:127)
	at org.testng.internal.TestMethodWorker.run(TestMethodWorker.java:111)
	at org.testng.TestRunner.privateRun(TestRunner.java:767)
	at org.testng.TestRunner.run(TestRunner.java:617)
	at org.testng.SuiteRunner.runTest(SuiteRunner.java:348)
	at org.testng.SuiteRunner.runSequentially(SuiteRunner.java:343)
	at org.testng.SuiteRunner.privateRun(SuiteRunner.java:305)
	at org.testng.SuiteRunner.run(SuiteRunner.java:254)
	at org.testng.SuiteRunnerWorker.runSuite(SuiteRunnerWorker.java:52)
	at org.testng.SuiteRunnerWorker.run(SuiteRunnerWorker.java:86)
	at org.testng.TestNG.runSuitesSequentially(TestNG.java:1224)
	at org.testng.TestNG.runSuitesLocally(TestNG.java:1149)
	at org.testng.TestNG.run(TestNG.java:1057)
	at org.apache.maven.surefire.testng.TestNGExecutor.run(TestNGExecutor.java:295)
	at org.apache.maven.surefire.testng.TestNGXmlTestSuite.execute(TestNGXmlTestSuite.java:84)
	at org.apache.maven.surefire.testng.TestNGProvider.invoke(TestNGProvider.java:90)
	at org.apache.maven.surefire.booter.ForkedBooter.invokeProviderInSameClassLoader(ForkedBooter.java:203)
	at org.apache.maven.surefire.booter.ForkedBooter.runSuitesInProcess(ForkedBooter.java:155)
	at org.apache.maven.surefire.booter.ForkedBooter.main(ForkedBooter.java:103)
]]>
            </full-stacktrace>
          </exception> <!-- org.openqa.selenium.NoSuchElementException -->
          <reporter-output>
          </reporter-output>
        </test-method> <!-- TestSurveywithvalidData -->
        <test-method status="PASS" signature="closeBrowser()[pri:0, instance:Survey.SurveyWithValidData@6be46e8f]" name="closeBrowser" is-config="true" duration-ms="2686" started-at="2014-11-24T15:21:49Z" finished-at="2014-11-24T15:21:52Z">
          <reporter-output>
          </reporter-output>
        </test-method> <!-- closeBrowser -->
        <test-method status="PASS" signature="beforeTest(java.lang.String)[pri:0, instance:Survey.SurveyWithValidData@6be46e8f]" name="beforeTest" is-config="true" duration-ms="2991" started-at="2014-11-24T15:21:52Z" finished-at="2014-11-24T15:21:55Z">
          <params>
            <param index="0">
              <value>
                <![CDATA[chromekorras]]>
              </value>
            </param>
          </params>
          <reporter-output>
          </reporter-output>
        </test-method> <!-- beforeTest -->
        <test-method status="FAIL" signature="TestSurveywithvalidData(java.lang.String, java.lang.String, java.lang.String, java.lang.String, java.lang.String, java.lang.String, java.lang.String, java.lang.String, java.lang.String, java.lang.String, java.lang.String, java.lang.String, java.lang.String)[pri:0, instance:Survey.SurveyWithValidData@6be46e8f]" name="TestSurveywithvalidData" duration-ms="35518" started-at="2014-11-24T15:21:55Z" data-provider="SurveywithValid" finished-at="2014-11-24T15:22:30Z">
          <params>
            <param index="0">
              <value>
                <![CDATA[filmweird27]]>
              </value>
            </param>
            <param index="1">
              <value>
                <![CDATA[testime11]]>
              </value>
            </param>
            <param index="2">
              <value>
                <![CDATA[Filmid]]>
              </value>
            </param>
            <param index="3">
              <value>
                <![CDATA[Kas liiga palju järge on halb?]]>
              </value>
            </param>
            <param index="4">
              <value>
                <![CDATA[Kahjuks küll, kuid raha toovad nad sisse]]>
              </value>
            </param>
            <param index="5">
              <value>
                <![CDATA[Minu lemmikfilmi zanr]]>
              </value>
            </param>
            <param index="6">
              <value>
                <![CDATA[Comedy]]>
              </value>
            </param>
            <param index="7">
              <value>
                <![CDATA[Action]]>
              </value>
            </param>
            <param index="8">
              <value>
                <![CDATA[Draama]]>
              </value>
            </param>
            <param index="9">
              <value>
                <![CDATA[Minu lemmik filmid]]>
              </value>
            </param>
            <param index="10">
              <value>
                <![CDATA[Chinese Odyssey]]>
              </value>
            </param>
            <param index="11">
              <value>
                <![CDATA[Clerks]]>
              </value>
            </param>
            <param index="12">
              <value>
                <![CDATA[Tulnukas]]>
              </value>
            </param>
          </params>
          <exception class="org.openqa.selenium.NoSuchElementException">
            <message>
              <![CDATA[no such element
  (Session info: chrome=38.0.2125.111)
  (Driver info: chromedriver=2.8.241075,platform=Windows NT 6.1 SP1 x86_64) (WARNING: The server did not provide any stacktrace information)
Command duration or timeout: 30.03 seconds
For documentation on this error, please visit: http://seleniumhq.org/exceptions/no_such_element.html
Build info: version: '2.43.1', revision: '5163bceef1bc36d43f3dc0b83c88998168a363a0', time: '2014-09-10 09:43:55'
System info: host: 'Madis-PC', ip: '192.168.0.109', os.name: 'Windows 7', os.arch: 'amd64', os.version: '6.1', java.version: '1.8.0_20'
Driver info: org.openqa.selenium.chrome.ChromeDriver
Capabilities [{applicationCacheEnabled=false, rotatable=false, chrome={userDataDir=C:\Users\Madis\AppData\Local\Temp\scoped_dir5396_4863}, takesHeapSnapshot=true, databaseEnabled=false, handlesAlerts=true, version=38.0.2125.111, platform=XP, browserConnectionEnabled=false, nativeEvents=true, acceptSslCerts=true, locationContextEnabled=true, webStorageEnabled=true, browserName=chrome, takesScreenshot=true, javascriptEnabled=true, cssSelectorsEnabled=true}]
Session ID: 93cbbf9c717a5c8a5fb1ecee16f62839]]>
            </message>
            <full-stacktrace>
              <![CDATA[org.openqa.selenium.NoSuchElementException: no such element
  (Session info: chrome=38.0.2125.111)
  (Driver info: chromedriver=2.8.241075,platform=Windows NT 6.1 SP1 x86_64) (WARNING: The server did not provide any stacktrace information)
Command duration or timeout: 30.03 seconds
For documentation on this error, please visit: http://seleniumhq.org/exceptions/no_such_element.html
Build info: version: '2.43.1', revision: '5163bceef1bc36d43f3dc0b83c88998168a363a0', time: '2014-09-10 09:43:55'
System info: host: 'Madis-PC', ip: '192.168.0.109', os.name: 'Windows 7', os.arch: 'amd64', os.version: '6.1', java.version: '1.8.0_20'
Driver info: org.openqa.selenium.chrome.ChromeDriver
Capabilities [{applicationCacheEnabled=false, rotatable=false, chrome={userDataDir=C:\Users\Madis\AppData\Local\Temp\scoped_dir5396_4863}, takesHeapSnapshot=true, databaseEnabled=false, handlesAlerts=true, version=38.0.2125.111, platform=XP, browserConnectionEnabled=false, nativeEvents=true, acceptSslCerts=true, locationContextEnabled=true, webStorageEnabled=true, browserName=chrome, takesScreenshot=true, javascriptEnabled=true, cssSelectorsEnabled=true}]
Session ID: 93cbbf9c717a5c8a5fb1ecee16f62839
	at sun.reflect.NativeConstructorAccessorImpl.newInstance0(Native Method)
	at sun.reflect.NativeConstructorAccessorImpl.newInstance(Unknown Source)
	at sun.reflect.DelegatingConstructorAccessorImpl.newInstance(Unknown Source)
	at java.lang.reflect.Constructor.newInstance(Unknown Source)
	at org.openqa.selenium.remote.ErrorHandler.createThrowable(ErrorHandler.java:204)
	at org.openqa.selenium.remote.ErrorHandler.throwIfResponseFailed(ErrorHandler.java:156)
	at org.openqa.selenium.remote.RemoteWebDriver.execute(RemoteWebDriver.java:599)
	at org.openqa.selenium.remote.RemoteWebDriver.findElement(RemoteWebDriver.java:352)
	at org.openqa.selenium.remote.RemoteWebDriver.findElementByCssSelector(RemoteWebDriver.java:441)
	at org.openqa.selenium.By$ByCssSelector.findElement(By.java:425)
	at org.openqa.selenium.remote.RemoteWebDriver.findElement(RemoteWebDriver.java:344)
	at PageObjects.LoggedIn.UusKysitlusWhenExisting(LoggedIn.java:184)
	at Survey.SurveyWithValidData.TestSurveywithvalidData(SurveyWithValidData.java:33)
	at sun.reflect.NativeMethodAccessorImpl.invoke0(Native Method)
	at sun.reflect.NativeMethodAccessorImpl.invoke(Unknown Source)
	at sun.reflect.DelegatingMethodAccessorImpl.invoke(Unknown Source)
	at java.lang.reflect.Method.invoke(Unknown Source)
	at org.testng.internal.MethodInvocationHelper.invokeMethod(MethodInvocationHelper.java:84)
	at org.testng.internal.Invoker.invokeMethod(Invoker.java:714)
	at org.testng.internal.Invoker.invokeTestMethod(Invoker.java:901)
	at org.testng.internal.Invoker.invokeTestMethods(Invoker.java:1231)
	at org.testng.internal.TestMethodWorker.invokeTestMethods(TestMethodWorker.java:127)
	at org.testng.internal.TestMethodWorker.run(TestMethodWorker.java:111)
	at org.testng.TestRunner.privateRun(TestRunner.java:767)
	at org.testng.TestRunner.run(TestRunner.java:617)
	at org.testng.SuiteRunner.runTest(SuiteRunner.java:348)
	at org.testng.SuiteRunner.runSequentially(SuiteRunner.java:343)
	at org.testng.SuiteRunner.privateRun(SuiteRunner.java:305)
	at org.testng.SuiteRunner.run(SuiteRunner.java:254)
	at org.testng.SuiteRunnerWorker.runSuite(SuiteRunnerWorker.java:52)
	at org.testng.SuiteRunnerWorker.run(SuiteRunnerWorker.java:86)
	at org.testng.TestNG.runSuitesSequentially(TestNG.java:1224)
	at org.testng.TestNG.runSuitesLocally(TestNG.java:1149)
	at org.testng.TestNG.run(TestNG.java:1057)
	at org.apache.maven.surefire.testng.TestNGExecutor.run(TestNGExecutor.java:295)
	at org.apache.maven.surefire.testng.TestNGXmlTestSuite.execute(TestNGXmlTestSuite.java:84)
	at org.apache.maven.surefire.testng.TestNGProvider.invoke(TestNGProvider.java:90)
	at org.apache.maven.surefire.booter.ForkedBooter.invokeProviderInSameClassLoader(ForkedBooter.java:203)
	at org.apache.maven.surefire.booter.ForkedBooter.runSuitesInProcess(ForkedBooter.java:155)
	at org.apache.maven.surefire.booter.ForkedBooter.main(ForkedBooter.java:103)
]]>
            </full-stacktrace>
          </exception> <!-- org.openqa.selenium.NoSuchElementException -->
          <reporter-output>
          </reporter-output>
        </test-method> <!-- TestSurveywithvalidData -->
        <test-method status="PASS" signature="closeBrowser()[pri:0, instance:Survey.SurveyWithValidData@6be46e8f]" name="closeBrowser" is-config="true" duration-ms="2657" started-at="2014-11-24T15:22:30Z" finished-at="2014-11-24T15:22:33Z">
          <reporter-output>
          </reporter-output>
        </test-method> <!-- closeBrowser -->
      </class> <!-- Survey.SurveyWithValidData -->
      <class name="Feedback.AnswerFeedback">
        <test-method status="PASS" signature="beforeTest(java.lang.String)[pri:0, instance:Feedback.AnswerFeedback@1e67b872]" name="beforeTest" is-config="true" duration-ms="2683" started-at="2014-11-24T15:14:42Z" finished-at="2014-11-24T15:14:45Z">
          <params>
            <param index="0">
              <value>
                <![CDATA[chromekorras]]>
              </value>
            </param>
          </params>
          <reporter-output>
          </reporter-output>
        </test-method> <!-- beforeTest -->
        <test-method status="PASS" signature="TestAnswerFeedback(java.lang.String, java.lang.String, java.lang.String, java.lang.String, java.lang.String, java.lang.String, java.lang.String, java.lang.String, java.lang.String, java.lang.String, java.lang.String)[pri:0, instance:Feedback.AnswerFeedback@1e67b872]" name="TestAnswerFeedback" duration-ms="6642" started-at="2014-11-24T15:14:45Z" data-provider="FeedbackAnswer" finished-at="2014-11-24T15:14:52Z">
          <params>
            <param index="0">
              <value>
                <![CDATA[tavalinetont27]]>
              </value>
            </param>
            <param index="1">
              <value>
                <![CDATA[puhtaloom27]]>
              </value>
            </param>
            <param index="2">
              <value>
                <![CDATA[filmweird27]]>
              </value>
            </param>
            <param index="3">
              <value>
                <![CDATA[testime11]]>
              </value>
            </param>
            <param index="4">
              <value>
                <![CDATA[Anon kiidab sind]]>
              </value>
            </param>
            <param index="5">
              <value>
                <![CDATA[Oma küla vana]]>
              </value>
            </param>
            <param index="6">
              <value>
                <![CDATA[Jalgpalliäss]]>
              </value>
            </param>
            <param index="7">
              <value>
                <![CDATA[Eks sa tea paremini]]>
              </value>
            </param>
            <param index="8">
              <value>
                <![CDATA[selentest13@mailinator.com]]>
              </value>
            </param>
            <param index="9">
              <value>
                <![CDATA[selentest@hotmail.com]]>
              </value>
            </param>
            <param index="10">
              <value>
                <![CDATA[1]]>
              </value>
            </param>
          </params>
          <reporter-output>
          </reporter-output>
        </test-method> <!-- TestAnswerFeedback -->
        <test-method status="PASS" signature="closeBrowser()[pri:0, instance:Feedback.AnswerFeedback@1e67b872]" name="closeBrowser" is-config="true" duration-ms="2468" started-at="2014-11-24T15:14:52Z" finished-at="2014-11-24T15:14:54Z">
          <reporter-output>
          </reporter-output>
        </test-method> <!-- closeBrowser -->
        <test-method status="PASS" signature="beforeTest(java.lang.String)[pri:0, instance:Feedback.AnswerFeedback@1e67b872]" name="beforeTest" is-config="true" duration-ms="3088" started-at="2014-11-24T15:14:54Z" finished-at="2014-11-24T15:14:57Z">
          <params>
            <param index="0">
              <value>
                <![CDATA[chromekorras]]>
              </value>
            </param>
          </params>
          <reporter-output>
          </reporter-output>
        </test-method> <!-- beforeTest -->
        <test-method status="PASS" signature="TestAnswerFeedback(java.lang.String, java.lang.String, java.lang.String, java.lang.String, java.lang.String, java.lang.String, java.lang.String, java.lang.String, java.lang.String, java.lang.String, java.lang.String)[pri:0, instance:Feedback.AnswerFeedback@1e67b872]" name="TestAnswerFeedback" duration-ms="6131" started-at="2014-11-24T15:14:57Z" data-provider="FeedbackAnswer" finished-at="2014-11-24T15:15:03Z">
          <params>
            <param index="0">
              <value>
                <![CDATA[puhtaloom27]]>
              </value>
            </param>
            <param index="1">
              <value>
                <![CDATA[filmweird27]]>
              </value>
            </param>
            <param index="2">
              <value>
                <![CDATA[tavalinetont27]]>
              </value>
            </param>
            <param index="3">
              <value>
                <![CDATA[testime11]]>
              </value>
            </param>
            <param index="4">
              <value>
                <![CDATA[Veits imelik]]>
              </value>
            </param>
            <param index="5">
              <value>
                <![CDATA[Omamoodi]]>
              </value>
            </param>
            <param index="6">
              <value>
                <![CDATA[We meet again. Weirdo]]>
              </value>
            </param>
            <param index="7">
              <value>
                <![CDATA[Eks kaitsetöö ole kah tähtis]]>
              </value>
            </param>
            <param index="8">
              <value>
                <![CDATA[testimeauto12@mailinator.com]]>
              </value>
            </param>
            <param index="9">
              <value>
                <![CDATA[selentest@hotmail.com]]>
              </value>
            </param>
            <param index="10">
              <value>
                <![CDATA[2]]>
              </value>
            </param>
          </params>
          <reporter-output>
          </reporter-output>
        </test-method> <!-- TestAnswerFeedback -->
        <test-method status="PASS" signature="closeBrowser()[pri:0, instance:Feedback.AnswerFeedback@1e67b872]" name="closeBrowser" is-config="true" duration-ms="2419" started-at="2014-11-24T15:15:03Z" finished-at="2014-11-24T15:15:06Z">
          <reporter-output>
          </reporter-output>
        </test-method> <!-- closeBrowser -->
        <test-method status="PASS" signature="beforeTest(java.lang.String)[pri:0, instance:Feedback.AnswerFeedback@1e67b872]" name="beforeTest" is-config="true" duration-ms="3044" started-at="2014-11-24T15:15:06Z" finished-at="2014-11-24T15:15:09Z">
          <params>
            <param index="0">
              <value>
                <![CDATA[chromekorras]]>
              </value>
            </param>
          </params>
          <reporter-output>
          </reporter-output>
        </test-method> <!-- beforeTest -->
        <test-method status="PASS" signature="TestAnswerFeedback(java.lang.String, java.lang.String, java.lang.String, java.lang.String, java.lang.String, java.lang.String, java.lang.String, java.lang.String, java.lang.String, java.lang.String, java.lang.String)[pri:0, instance:Feedback.AnswerFeedback@1e67b872]" name="TestAnswerFeedback" duration-ms="6058" started-at="2014-11-24T15:15:09Z" data-provider="FeedbackAnswer" finished-at="2014-11-24T15:15:15Z">
          <params>
            <param index="0">
              <value>
                <![CDATA[filmweird27]]>
              </value>
            </param>
            <param index="1">
              <value>
                <![CDATA[tavalinetont27]]>
              </value>
            </param>
            <param index="2">
              <value>
                <![CDATA[puhtaloom27]]>
              </value>
            </param>
            <param index="3">
              <value>
                <![CDATA[testime11]]>
              </value>
            </param>
            <param index="4">
              <value>
                <![CDATA[Sa ei tea kes ma olen]]>
              </value>
            </param>
            <param index="5">
              <value>
                <![CDATA[Ma tunnen vist sind]]>
              </value>
            </param>
            <param index="6">
              <value>
                <![CDATA[Vaikne Vend]]>
              </value>
            </param>
            <param index="7">
              <value>
                <![CDATA[Indeed]]>
              </value>
            </param>
            <param index="8">
              <value>
                <![CDATA[vahekonto11@mailinator.com]]>
              </value>
            </param>
            <param index="9">
              <value>
                <![CDATA[selentest@hotmail.com]]>
              </value>
            </param>
            <param index="10">
              <value>
                <![CDATA[3]]>
              </value>
            </param>
          </params>
          <reporter-output>
          </reporter-output>
        </test-method> <!-- TestAnswerFeedback -->
        <test-method status="PASS" signature="closeBrowser()[pri:0, instance:Feedback.AnswerFeedback@1e67b872]" name="closeBrowser" is-config="true" duration-ms="2381" started-at="2014-11-24T15:15:15Z" finished-at="2014-11-24T15:15:17Z">
          <reporter-output>
          </reporter-output>
        </test-method> <!-- closeBrowser -->
      </class> <!-- Feedback.AnswerFeedback -->
      <class name="Friends.UnfollowFriends">
        <test-method status="SKIP" signature="StopFollowing(java.lang.String, java.lang.String, java.lang.String, java.lang.String, java.lang.String, java.lang.String, java.lang.String, java.lang.String)[pri:0, instance:Friends.UnfollowFriends@2d554825]" name="StopFollowing" duration-ms="0" started-at="2014-11-24T15:24:06Z" data-provider="UnFollowFriends" finished-at="2014-11-24T15:24:06Z">
          <params>
            <param index="0">
              <value>
                <![CDATA[tavalinetont27]]>
              </value>
            </param>
            <param index="1">
              <value>
                <![CDATA[Toivo Tavaline]]>
              </value>
            </param>
            <param index="2">
              <value>
                <![CDATA[puhtaloom27]]>
              </value>
            </param>
            <param index="3">
              <value>
                <![CDATA[Martin Loom]]>
              </value>
            </param>
            <param index="4">
              <value>
                <![CDATA[filmweird27]]>
              </value>
            </param>
            <param index="5">
              <value>
                <![CDATA[Toomas Film]]>
              </value>
            </param>
            <param index="6">
              <value>
                <![CDATA[testime11]]>
              </value>
            </param>
            <param index="7">
              <value>
                <![CDATA[Registration was a success]]>
              </value>
            </param>
          </params>
          <reporter-output>
          </reporter-output>
        </test-method> <!-- StopFollowing -->
        <test-method status="SKIP" signature="beforeTest(java.lang.String)[pri:0, instance:Friends.UnfollowFriends@2d554825]" name="beforeTest" is-config="true" duration-ms="0" started-at="2014-11-24T15:24:06Z" finished-at="2014-11-24T15:24:06Z">
          <reporter-output>
          </reporter-output>
        </test-method> <!-- beforeTest -->
        <test-method status="SKIP" signature="closeBrowser()[pri:0, instance:Friends.UnfollowFriends@2d554825]" name="closeBrowser" is-config="true" duration-ms="0" started-at="2014-11-24T15:24:06Z" finished-at="2014-11-24T15:24:06Z">
          <reporter-output>
          </reporter-output>
        </test-method> <!-- closeBrowser -->
      </class> <!-- Friends.UnfollowFriends -->
      <class name="Feedback.CommentPrivateFeedback">
        <test-method status="PASS" signature="beforeTest(java.lang.String)[pri:0, instance:Feedback.CommentPrivateFeedback@5315b42e]" name="beforeTest" is-config="true" duration-ms="2917" started-at="2014-11-24T15:12:28Z" finished-at="2014-11-24T15:12:30Z">
          <params>
            <param index="0">
              <value>
                <![CDATA[chromekorras]]>
              </value>
            </param>
          </params>
          <reporter-output>
          </reporter-output>
        </test-method> <!-- beforeTest -->
        <test-method status="PASS" signature="Test(java.lang.String, java.lang.String, java.lang.String, java.lang.String, java.lang.String, java.lang.String, java.lang.String)[pri:0, instance:Feedback.CommentPrivateFeedback@5315b42e]" name="Test" duration-ms="8811" started-at="2014-11-24T15:12:30Z" data-provider="CommentData" finished-at="2014-11-24T15:12:39Z">
          <params>
            <param index="0">
              <value>
                <![CDATA[tavalinetont27]]>
              </value>
            </param>
            <param index="1">
              <value>
                <![CDATA[puhtaloom27]]>
              </value>
            </param>
            <param index="2">
              <value>
                <![CDATA[testime11]]>
              </value>
            </param>
            <param index="3">
              <value>
                <![CDATA[Jalgpall on elu]]>
              </value>
            </param>
            <param index="4">
              <value>
                <![CDATA[Sinu jaoks jah]]>
              </value>
            </param>
            <param index="5">
              <value>
                <![CDATA[Väravaid oskab lüüa, kuid kaitsa ei oska]]>
              </value>
            </param>
            <param index="6">
              <value>
                <![CDATA[Jalgpalliäss]]>
              </value>
            </param>
          </params>
          <reporter-output>
          </reporter-output>
        </test-method> <!-- Test -->
        <test-method status="PASS" signature="closeBrowser()[pri:0, instance:Feedback.CommentPrivateFeedback@5315b42e]" name="closeBrowser" is-config="true" duration-ms="2703" started-at="2014-11-24T15:12:39Z" finished-at="2014-11-24T15:12:42Z">
          <reporter-output>
          </reporter-output>
        </test-method> <!-- closeBrowser -->
        <test-method status="PASS" signature="beforeTest(java.lang.String)[pri:0, instance:Feedback.CommentPrivateFeedback@5315b42e]" name="beforeTest" is-config="true" duration-ms="3083" started-at="2014-11-24T15:12:42Z" finished-at="2014-11-24T15:12:45Z">
          <params>
            <param index="0">
              <value>
                <![CDATA[chromekorras]]>
              </value>
            </param>
          </params>
          <reporter-output>
          </reporter-output>
        </test-method> <!-- beforeTest -->
        <test-method status="PASS" signature="Test(java.lang.String, java.lang.String, java.lang.String, java.lang.String, java.lang.String, java.lang.String, java.lang.String)[pri:0, instance:Feedback.CommentPrivateFeedback@5315b42e]" name="Test" duration-ms="9123" started-at="2014-11-24T15:12:45Z" data-provider="CommentData" finished-at="2014-11-24T15:12:54Z">
          <params>
            <param index="0">
              <value>
                <![CDATA[puhtaloom27]]>
              </value>
            </param>
            <param index="1">
              <value>
                <![CDATA[filmweird27]]>
              </value>
            </param>
            <param index="2">
              <value>
                <![CDATA[testime11]]>
              </value>
            </param>
            <param index="3">
              <value>
                <![CDATA[Eks me kõik oleme natuke imelikud]]>
              </value>
            </param>
            <param index="4">
              <value>
                <![CDATA[Eks ta ole jah nii]]>
              </value>
            </param>
            <param index="5">
              <value>
                <![CDATA[Teab palju imelike filme]]>
              </value>
            </param>
            <param index="6">
              <value>
                <![CDATA[We meet again. Weirdo]]>
              </value>
            </param>
          </params>
          <reporter-output>
          </reporter-output>
        </test-method> <!-- Test -->
        <test-method status="PASS" signature="closeBrowser()[pri:0, instance:Feedback.CommentPrivateFeedback@5315b42e]" name="closeBrowser" is-config="true" duration-ms="2404" started-at="2014-11-24T15:12:54Z" finished-at="2014-11-24T15:12:57Z">
          <reporter-output>
          </reporter-output>
        </test-method> <!-- closeBrowser -->
        <test-method status="PASS" signature="beforeTest(java.lang.String)[pri:0, instance:Feedback.CommentPrivateFeedback@5315b42e]" name="beforeTest" is-config="true" duration-ms="2816" started-at="2014-11-24T15:12:57Z" finished-at="2014-11-24T15:12:59Z">
          <params>
            <param index="0">
              <value>
                <![CDATA[chromekorras]]>
              </value>
            </param>
          </params>
          <reporter-output>
          </reporter-output>
        </test-method> <!-- beforeTest -->
        <test-method status="PASS" signature="Test(java.lang.String, java.lang.String, java.lang.String, java.lang.String, java.lang.String, java.lang.String, java.lang.String)[pri:0, instance:Feedback.CommentPrivateFeedback@5315b42e]" name="Test" duration-ms="9031" started-at="2014-11-24T15:12:59Z" data-provider="CommentData" finished-at="2014-11-24T15:13:08Z">
          <params>
            <param index="0">
              <value>
                <![CDATA[filmweird27]]>
              </value>
            </param>
            <param index="1">
              <value>
                <![CDATA[tavalinetont27]]>
              </value>
            </param>
            <param index="2">
              <value>
                <![CDATA[testime11]]>
              </value>
            </param>
            <param index="3">
              <value>
                <![CDATA[Asja tuleb rahulikult v6tta]]>
              </value>
            </param>
            <param index="4">
              <value>
                <![CDATA[Oleks ma nii rahulik]]>
              </value>
            </param>
            <param index="5">
              <value>
                <![CDATA[Teda ei häiri miski]]>
              </value>
            </param>
            <param index="6">
              <value>
                <![CDATA[Vaikne Vend]]>
              </value>
            </param>
          </params>
          <reporter-output>
          </reporter-output>
        </test-method> <!-- Test -->
        <test-method status="PASS" signature="closeBrowser()[pri:0, instance:Feedback.CommentPrivateFeedback@5315b42e]" name="closeBrowser" is-config="true" duration-ms="1467" started-at="2014-11-24T15:13:08Z" finished-at="2014-11-24T15:13:10Z">
          <reporter-output>
          </reporter-output>
        </test-method> <!-- closeBrowser -->
      </class> <!-- Feedback.CommentPrivateFeedback -->
      <class name="GeneralFunctions.ChangeProfilePic">
        <test-method status="SKIP" signature="TestProfilePic(java.lang.String, java.lang.String, java.lang.String, java.lang.String, java.lang.String)[pri:0, instance:GeneralFunctions.ChangeProfilePic@3567135c]" name="TestProfilePic" duration-ms="0" started-at="2014-11-24T15:24:05Z" data-provider="Upload" finished-at="2014-11-24T15:24:05Z">
          <params>
            <param index="0">
              <value>
                <![CDATA[1]]>
              </value>
            </param>
            <param index="1">
              <value>
                <![CDATA[firefox]]>
              </value>
            </param>
            <param index="2">
              <value>
                <![CDATA[1110]]>
              </value>
            </param>
            <param index="3">
              <value>
                <![CDATA[4760]]>
              </value>
            </param>
            <param index="4">
              <value>
                <![CDATA[5922]]>
              </value>
            </param>
          </params>
          <reporter-output>
          </reporter-output>
        </test-method> <!-- TestProfilePic -->
        <test-method status="SKIP" signature="beforeTest(java.lang.String)[pri:0, instance:GeneralFunctions.ChangeProfilePic@3567135c]" name="beforeTest" is-config="true" duration-ms="0" started-at="2014-11-24T15:24:05Z" finished-at="2014-11-24T15:24:05Z">
          <reporter-output>
          </reporter-output>
        </test-method> <!-- beforeTest -->
        <test-method status="SKIP" signature="TestProfilePic(java.lang.String, java.lang.String, java.lang.String, java.lang.String, java.lang.String)[pri:0, instance:GeneralFunctions.ChangeProfilePic@3567135c]" name="TestProfilePic" duration-ms="0" started-at="2014-11-24T15:24:05Z" data-provider="Upload" finished-at="2014-11-24T15:24:05Z">
          <params>
            <param index="0">
              <value>
                <![CDATA[3]]>
              </value>
            </param>
            <param index="1">
              <value>
                <![CDATA[IE]]>
              </value>
            </param>
            <param index="2">
              <value>
                <![CDATA[1900]]>
              </value>
            </param>
            <param index="3">
              <value>
                <![CDATA[10627]]>
              </value>
            </param>
            <param index="4">
              <value>
                <![CDATA[8920]]>
              </value>
            </param>
          </params>
          <reporter-output>
          </reporter-output>
        </test-method> <!-- TestProfilePic -->
        <test-method status="SKIP" signature="beforeTest(java.lang.String)[pri:0, instance:GeneralFunctions.ChangeProfilePic@3567135c]" name="beforeTest" is-config="true" duration-ms="0" started-at="2014-11-24T15:24:05Z" finished-at="2014-11-24T15:24:05Z">
          <reporter-output>
          </reporter-output>
        </test-method> <!-- beforeTest -->
        <test-method status="SKIP" signature="closeBrowser()[pri:0, instance:GeneralFunctions.ChangeProfilePic@3567135c]" name="closeBrowser" is-config="true" duration-ms="0" started-at="2014-11-24T15:24:05Z" finished-at="2014-11-24T15:24:05Z">
          <reporter-output>
          </reporter-output>
        </test-method> <!-- closeBrowser -->
        <test-method status="SKIP" signature="TestProfilePic(java.lang.String, java.lang.String, java.lang.String, java.lang.String, java.lang.String)[pri:0, instance:GeneralFunctions.ChangeProfilePic@3567135c]" name="TestProfilePic" duration-ms="0" started-at="2014-11-24T15:24:05Z" data-provider="Upload" finished-at="2014-11-24T15:24:05Z">
          <params>
            <param index="0">
              <value>
                <![CDATA[2]]>
              </value>
            </param>
            <param index="1">
              <value>
                <![CDATA[chrome]]>
              </value>
            </param>
            <param index="2">
              <value>
                <![CDATA[1047]]>
              </value>
            </param>
            <param index="3">
              <value>
                <![CDATA[6391]]>
              </value>
            </param>
            <param index="4">
              <value>
                <![CDATA[9549]]>
              </value>
            </param>
          </params>
          <reporter-output>
          </reporter-output>
        </test-method> <!-- TestProfilePic -->
        <test-method status="SKIP" signature="closeBrowser()[pri:0, instance:GeneralFunctions.ChangeProfilePic@3567135c]" name="closeBrowser" is-config="true" duration-ms="0" started-at="2014-11-24T15:24:05Z" finished-at="2014-11-24T15:24:05Z">
          <reporter-output>
          </reporter-output>
        </test-method> <!-- closeBrowser -->
        <test-method status="SKIP" signature="closeBrowser()[pri:0, instance:GeneralFunctions.ChangeProfilePic@3567135c]" name="closeBrowser" is-config="true" duration-ms="0" started-at="2014-11-24T15:24:05Z" finished-at="2014-11-24T15:24:05Z">
          <reporter-output>
          </reporter-output>
        </test-method> <!-- closeBrowser -->
        <test-method status="SKIP" signature="beforeTest(java.lang.String)[pri:0, instance:GeneralFunctions.ChangeProfilePic@3567135c]" name="beforeTest" is-config="true" duration-ms="0" started-at="2014-11-24T15:24:05Z" finished-at="2014-11-24T15:24:05Z">
          <reporter-output>
          </reporter-output>
        </test-method> <!-- beforeTest -->
      </class> <!-- GeneralFunctions.ChangeProfilePic -->
      <class name="Friends.FollowFriends">
        <test-method status="SKIP" signature="closeBrowser()[pri:0, instance:Friends.FollowFriends@5d624da6]" name="closeBrowser" is-config="true" duration-ms="0" started-at="2014-11-24T15:24:05Z" finished-at="2014-11-24T15:24:05Z">
          <reporter-output>
          </reporter-output>
        </test-method> <!-- closeBrowser -->
        <test-method status="SKIP" signature="SopradeJalgimine(java.lang.String, java.lang.String, java.lang.String, java.lang.String, java.lang.String, java.lang.String, java.lang.String, java.lang.String)[pri:0, instance:Friends.FollowFriends@5d624da6]" name="SopradeJalgimine" duration-ms="0" started-at="2014-11-24T15:24:05Z" data-provider="FollowFriendsValues" finished-at="2014-11-24T15:24:05Z">
          <params>
            <param index="0">
              <value>
                <![CDATA[tavalinetont27]]>
              </value>
            </param>
            <param index="1">
              <value>
                <![CDATA[Toivo Tavaline]]>
              </value>
            </param>
            <param index="2">
              <value>
                <![CDATA[puhtaloom27]]>
              </value>
            </param>
            <param index="3">
              <value>
                <![CDATA[Martin Loom]]>
              </value>
            </param>
            <param index="4">
              <value>
                <![CDATA[filmweird27]]>
              </value>
            </param>
            <param index="5">
              <value>
                <![CDATA[Toomas Film]]>
              </value>
            </param>
            <param index="6">
              <value>
                <![CDATA[testime11]]>
              </value>
            </param>
            <param index="7">
              <value>
                <![CDATA[Registration was a success]]>
              </value>
            </param>
          </params>
          <reporter-output>
          </reporter-output>
        </test-method> <!-- SopradeJalgimine -->
        <test-method status="SKIP" signature="beforeTest(java.lang.String)[pri:0, instance:Friends.FollowFriends@5d624da6]" name="beforeTest" is-config="true" duration-ms="0" started-at="2014-11-24T15:24:05Z" finished-at="2014-11-24T15:24:05Z">
          <reporter-output>
          </reporter-output>
        </test-method> <!-- beforeTest -->
      </class> <!-- Friends.FollowFriends -->
    </test> <!-- chrome kask6intundubkorras -->
    <test name="chrome Beta" duration-ms="0" started-at="2014-11-24T13:24:06Z" finished-at="2014-11-24T13:24:06Z">
    </test> <!-- chrome Beta -->
    <test name="chrome Live" duration-ms="0" started-at="2014-11-24T13:24:06Z" finished-at="2014-11-24T13:24:06Z">
    </test> <!-- chrome Live -->
    <test name="Firefox kask6intundubkorras" duration-ms="0" started-at="2014-11-24T13:24:06Z" finished-at="2014-11-24T13:24:06Z">
    </test> <!-- Firefox kask6intundubkorras -->
    <test name="Firefox betastaging" duration-ms="0" started-at="2014-11-24T13:24:06Z" finished-at="2014-11-24T13:24:06Z">
    </test> <!-- Firefox betastaging -->
    <test name="Firefox Live" duration-ms="0" started-at="2014-11-24T13:24:06Z" finished-at="2014-11-24T13:24:06Z">
    </test> <!-- Firefox Live -->
    <test name="IE kask6intundubkorras" duration-ms="0" started-at="2014-11-24T13:24:06Z" finished-at="2014-11-24T13:24:06Z">
    </test> <!-- IE kask6intundubkorras -->
    <test name="IE betastaging" duration-ms="0" started-at="2014-11-24T13:24:06Z" finished-at="2014-11-24T13:24:06Z">
    </test> <!-- IE betastaging -->
    <test name="IE Live" duration-ms="0" started-at="2014-11-24T13:24:06Z" finished-at="2014-11-24T13:24:06Z">
    </test> <!-- IE Live -->
  </suite> <!-- Suite -->
</testng-results>
