<?xml version="1.0" encoding="UTF-8"?>
<!-- Generated by org.testng.reporters.JUnitReportReporter -->
<testsuite hostname="Madis-PC" name="Login.LoginInval" tests="3" failures="3" timestamp="20 Nov 2014 17:07:46 GMT" time="8.685" errors="0">
  <testcase name="testLoginInval" time="6.543" classname="Login.LoginInval">
    <failure type="org.openqa.selenium.NoSuchWindowException" message="Window not found. The browser window may have been closed.
Command duration or timeout: 44 milliseconds
Build info: version: &#039;2.43.1&#039;, revision: &#039;5163bceef1bc36d43f3dc0b83c88998168a363a0&#039;, time: &#039;2014-09-10 09:43:55&#039;
System info: host: &#039;Madis-PC&#039;, ip: &#039;192.168.0.109&#039;, os.name: &#039;Windows 7&#039;, os.arch: &#039;amd64&#039;, os.version: &#039;6.1&#039;, java.version: &#039;1.8.0_20&#039;
Driver info: org.openqa.selenium.firefox.FirefoxDriver
Capabilities [{applicationCacheEnabled=true, rotatable=false, handlesAlerts=true, databaseEnabled=true, version=33.1, platform=WINDOWS, nativeEvents=false, acceptSslCerts=true, webStorageEnabled=true, locationContextEnabled=true, browserName=firefox, takesScreenshot=true, javascriptEnabled=true, cssSelectorsEnabled=true}]
Session ID: 60d394fb-d347-4d79-9328-673bd9f43d5a">
      <![CDATA[org.openqa.selenium.NoSuchWindowException: Window not found. The browser window may have been closed.
Command duration or timeout: 44 milliseconds
Build info: version: '2.43.1', revision: '5163bceef1bc36d43f3dc0b83c88998168a363a0', time: '2014-09-10 09:43:55'
System info: host: 'Madis-PC', ip: '192.168.0.109', os.name: 'Windows 7', os.arch: 'amd64', os.version: '6.1', java.version: '1.8.0_20'
Driver info: org.openqa.selenium.firefox.FirefoxDriver
Capabilities [{applicationCacheEnabled=true, rotatable=false, handlesAlerts=true, databaseEnabled=true, version=33.1, platform=WINDOWS, nativeEvents=false, acceptSslCerts=true, webStorageEnabled=true, locationContextEnabled=true, browserName=firefox, takesScreenshot=true, javascriptEnabled=true, cssSelectorsEnabled=true}]
Session ID: 60d394fb-d347-4d79-9328-673bd9f43d5a
	at sun.reflect.NativeConstructorAccessorImpl.newInstance0(Native Method)
	at sun.reflect.NativeConstructorAccessorImpl.newInstance(NativeConstructorAccessorImpl.java:62)
	at sun.reflect.DelegatingConstructorAccessorImpl.newInstance(DelegatingConstructorAccessorImpl.java:45)
	at java.lang.reflect.Constructor.newInstance(Constructor.java:408)
	at org.openqa.selenium.remote.ErrorHandler.createThrowable(ErrorHandler.java:204)
	at org.openqa.selenium.remote.ErrorHandler.throwIfResponseFailed(ErrorHandler.java:156)
	at org.openqa.selenium.remote.RemoteWebDriver.execute(RemoteWebDriver.java:599)
	at org.openqa.selenium.remote.RemoteWebDriver.execute(RemoteWebDriver.java:614)
	at org.openqa.selenium.remote.RemoteWebDriver.close(RemoteWebDriver.java:463)
	at Utils.Browser.closeBrowser(Browser.java:166)
	at sun.reflect.NativeMethodAccessorImpl.invoke0(Native Method)
	at sun.reflect.NativeMethodAccessorImpl.invoke(NativeMethodAccessorImpl.java:62)
	at sun.reflect.DelegatingMethodAccessorImpl.invoke(DelegatingMethodAccessorImpl.java:43)
	at java.lang.reflect.Method.invoke(Method.java:483)
	at org.testng.internal.MethodInvocationHelper.invokeMethod(MethodInvocationHelper.java:84)
	at org.testng.internal.Invoker.invokeConfigurationMethod(Invoker.java:564)
	at org.testng.internal.Invoker.invokeConfigurations(Invoker.java:213)
	at org.testng.internal.Invoker.invokeMethod(Invoker.java:786)
	at org.testng.internal.Invoker.invokeTestMethod(Invoker.java:901)
	at org.testng.internal.Invoker.invokeTestMethods(Invoker.java:1231)
	at org.testng.internal.TestMethodWorker.invokeTestMethods(TestMethodWorker.java:127)
	at org.testng.internal.TestMethodWorker.run(TestMethodWorker.java:111)
	at org.testng.TestRunner.privateRun(TestRunner.java:767)
	at org.testng.TestRunner.run(TestRunner.java:617)
	at org.testng.SuiteRunner.runTest(SuiteRunner.java:348)
	at org.testng.SuiteRunner.runSequentially(SuiteRunner.java:343)
	at org.testng.SuiteRunner.privateRun(SuiteRunner.java:305)
	at org.testng.SuiteRunner.run(SuiteRunner.java:254)
	at org.testng.SuiteRunnerWorker.runSuite(SuiteRunnerWorker.java:52)
	at org.testng.SuiteRunnerWorker.run(SuiteRunnerWorker.java:86)
	at org.testng.TestNG.runSuitesSequentially(TestNG.java:1224)
	at org.testng.TestNG.runSuitesLocally(TestNG.java:1149)
	at org.testng.TestNG.run(TestNG.java:1057)
	at org.apache.maven.surefire.testng.TestNGExecutor.run(TestNGExecutor.java:295)
	at org.apache.maven.surefire.testng.TestNGXmlTestSuite.execute(TestNGXmlTestSuite.java:84)
	at org.apache.maven.surefire.testng.TestNGProvider.invoke(TestNGProvider.java:90)
	at org.apache.maven.surefire.booter.ForkedBooter.invokeProviderInSameClassLoader(ForkedBooter.java:203)
	at org.apache.maven.surefire.booter.ForkedBooter.runSuitesInProcess(ForkedBooter.java:155)
	at org.apache.maven.surefire.booter.ForkedBooter.main(ForkedBooter.java:103)
Caused by: org.openqa.selenium.NoSuchWindowException: Window not found. The browser window may have been closed.
Build info: version: '2.43.1', revision: '5163bceef1bc36d43f3dc0b83c88998168a363a0', time: '2014-09-10 09:43:55'
System info: host: 'Madis-PC', ip: '192.168.0.109', os.name: 'Windows 7', os.arch: 'amd64', os.version: '6.1', java.version: '1.8.0_20'
Driver info: driver.version: unknown
	at <anonymous class>.nsCommandProcessor.prototype.execute(file:///C:/Users/Madis/AppData/Local/Temp/anonymous6173824733528469993webdriver-profile/extensions/fxdriver@googlecode.com/components/command-processor.js:11683:23)
	at <anonymous class>.Dispatcher.executeAs/<(file:///C:/Users/Madis/AppData/Local/Temp/anonymous6173824733528469993webdriver-profile/extensions/fxdriver@googlecode.com/components/driver-component.js:8430:5)
	at <anonymous class>.Resource.prototype.handle(file:///C:/Users/Madis/AppData/Local/Temp/anonymous6173824733528469993webdriver-profile/extensions/fxdriver@googlecode.com/components/driver-component.js:8577:219)
	at <anonymous class>.Dispatcher.prototype.dispatch(file:///C:/Users/Madis/AppData/Local/Temp/anonymous6173824733528469993webdriver-profile/extensions/fxdriver@googlecode.com/components/driver-component.js:8524:36)
	at <anonymous class>.WebDriverServer/<.handle(file:///C:/Users/Madis/AppData/Local/Temp/anonymous6173824733528469993webdriver-profile/extensions/fxdriver@googlecode.com/components/driver-component.js:11466:5)
	at <anonymous class>.createHandlerFunc/<(file:///C:/Users/Madis/AppData/Local/Temp/anonymous6173824733528469993webdriver-profile/extensions/fxdriver@googlecode.com/components/httpd.js:1935:41)
	at <anonymous class>.ServerHandler.prototype.handleResponse(file:///C:/Users/Madis/AppData/Local/Temp/anonymous6173824733528469993webdriver-profile/extensions/fxdriver@googlecode.com/components/httpd.js:2261:15)
	at <anonymous class>.Connection.prototype.process(file:///C:/Users/Madis/AppData/Local/Temp/anonymous6173824733528469993webdriver-profile/extensions/fxdriver@googlecode.com/components/httpd.js:1168:5)
	at <anonymous class>.RequestReader.prototype._handleResponse(file:///C:/Users/Madis/AppData/Local/Temp/anonymous6173824733528469993webdriver-profile/extensions/fxdriver@googlecode.com/components/httpd.js:1616:5)
	at <anonymous class>.RequestReader.prototype._processBody(file:///C:/Users/Madis/AppData/Local/Temp/anonymous6173824733528469993webdriver-profile/extensions/fxdriver@googlecode.com/components/httpd.js:1464:9)
	at <anonymous class>.RequestReader.prototype.onInputStreamReady(file:///C:/Users/Madis/AppData/Local/Temp/anonymous6173824733528469993webdriver-profile/extensions/fxdriver@googlecode.com/components/httpd.js:1333:9)
]]>
    </failure>
  </testcase> <!-- testLoginInval -->
  <testcase name="testLoginInval" time="2.142" classname="Login.LoginInval">
    <failure type="org.openqa.selenium.NoSuchWindowException" message="Window not found. The browser window may have been closed.
Command duration or timeout: 128 milliseconds
Build info: version: &#039;2.43.1&#039;, revision: &#039;5163bceef1bc36d43f3dc0b83c88998168a363a0&#039;, time: &#039;2014-09-10 09:43:55&#039;
System info: host: &#039;Madis-PC&#039;, ip: &#039;192.168.0.109&#039;, os.name: &#039;Windows 7&#039;, os.arch: &#039;amd64&#039;, os.version: &#039;6.1&#039;, java.version: &#039;1.8.0_20&#039;
Driver info: org.openqa.selenium.firefox.FirefoxDriver
Capabilities [{applicationCacheEnabled=true, rotatable=false, handlesAlerts=true, databaseEnabled=true, version=33.1, platform=WINDOWS, nativeEvents=false, acceptSslCerts=true, webStorageEnabled=true, locationContextEnabled=true, browserName=firefox, takesScreenshot=true, javascriptEnabled=true, cssSelectorsEnabled=true}]
Session ID: 60d394fb-d347-4d79-9328-673bd9f43d5a">
      <![CDATA[org.openqa.selenium.NoSuchWindowException: Window not found. The browser window may have been closed.
Command duration or timeout: 128 milliseconds
Build info: version: '2.43.1', revision: '5163bceef1bc36d43f3dc0b83c88998168a363a0', time: '2014-09-10 09:43:55'
System info: host: 'Madis-PC', ip: '192.168.0.109', os.name: 'Windows 7', os.arch: 'amd64', os.version: '6.1', java.version: '1.8.0_20'
Driver info: org.openqa.selenium.firefox.FirefoxDriver
Capabilities [{applicationCacheEnabled=true, rotatable=false, handlesAlerts=true, databaseEnabled=true, version=33.1, platform=WINDOWS, nativeEvents=false, acceptSslCerts=true, webStorageEnabled=true, locationContextEnabled=true, browserName=firefox, takesScreenshot=true, javascriptEnabled=true, cssSelectorsEnabled=true}]
Session ID: 60d394fb-d347-4d79-9328-673bd9f43d5a
	at sun.reflect.NativeConstructorAccessorImpl.newInstance0(Native Method)
	at sun.reflect.NativeConstructorAccessorImpl.newInstance(NativeConstructorAccessorImpl.java:62)
	at sun.reflect.DelegatingConstructorAccessorImpl.newInstance(DelegatingConstructorAccessorImpl.java:45)
	at java.lang.reflect.Constructor.newInstance(Constructor.java:408)
	at org.openqa.selenium.remote.ErrorHandler.createThrowable(ErrorHandler.java:204)
	at org.openqa.selenium.remote.ErrorHandler.throwIfResponseFailed(ErrorHandler.java:156)
	at org.openqa.selenium.remote.RemoteWebDriver.execute(RemoteWebDriver.java:599)
	at org.openqa.selenium.remote.RemoteWebDriver.findElement(RemoteWebDriver.java:352)
	at org.openqa.selenium.remote.RemoteWebDriver.findElementByCssSelector(RemoteWebDriver.java:441)
	at org.openqa.selenium.By$ByCssSelector.findElement(By.java:425)
	at org.openqa.selenium.remote.RemoteWebDriver.findElement(RemoteWebDriver.java:344)
	at PageObjects.Homepage.LoginButton(Homepage.java:255)
	at Login.LoginInval.testLoginInval(LoginInval.java:35)
	at sun.reflect.NativeMethodAccessorImpl.invoke0(Native Method)
	at sun.reflect.NativeMethodAccessorImpl.invoke(NativeMethodAccessorImpl.java:62)
	at sun.reflect.DelegatingMethodAccessorImpl.invoke(DelegatingMethodAccessorImpl.java:43)
	at java.lang.reflect.Method.invoke(Method.java:483)
	at org.testng.internal.MethodInvocationHelper.invokeMethod(MethodInvocationHelper.java:84)
	at org.testng.internal.Invoker.invokeMethod(Invoker.java:714)
	at org.testng.internal.Invoker.invokeTestMethod(Invoker.java:901)
	at org.testng.internal.Invoker.invokeTestMethods(Invoker.java:1231)
	at org.testng.internal.TestMethodWorker.invokeTestMethods(TestMethodWorker.java:127)
	at org.testng.internal.TestMethodWorker.run(TestMethodWorker.java:111)
	at org.testng.TestRunner.privateRun(TestRunner.java:767)
	at org.testng.TestRunner.run(TestRunner.java:617)
	at org.testng.SuiteRunner.runTest(SuiteRunner.java:348)
	at org.testng.SuiteRunner.runSequentially(SuiteRunner.java:343)
	at org.testng.SuiteRunner.privateRun(SuiteRunner.java:305)
	at org.testng.SuiteRunner.run(SuiteRunner.java:254)
	at org.testng.SuiteRunnerWorker.runSuite(SuiteRunnerWorker.java:52)
	at org.testng.SuiteRunnerWorker.run(SuiteRunnerWorker.java:86)
	at org.testng.TestNG.runSuitesSequentially(TestNG.java:1224)
	at org.testng.TestNG.runSuitesLocally(TestNG.java:1149)
	at org.testng.TestNG.run(TestNG.java:1057)
	at org.apache.maven.surefire.testng.TestNGExecutor.run(TestNGExecutor.java:295)
	at org.apache.maven.surefire.testng.TestNGXmlTestSuite.execute(TestNGXmlTestSuite.java:84)
	at org.apache.maven.surefire.testng.TestNGProvider.invoke(TestNGProvider.java:90)
	at org.apache.maven.surefire.booter.ForkedBooter.invokeProviderInSameClassLoader(ForkedBooter.java:203)
	at org.apache.maven.surefire.booter.ForkedBooter.runSuitesInProcess(ForkedBooter.java:155)
	at org.apache.maven.surefire.booter.ForkedBooter.main(ForkedBooter.java:103)
Caused by: org.openqa.selenium.NoSuchWindowException: Window not found. The browser window may have been closed.
Build info: version: '2.43.1', revision: '5163bceef1bc36d43f3dc0b83c88998168a363a0', time: '2014-09-10 09:43:55'
System info: host: 'Madis-PC', ip: '192.168.0.109', os.name: 'Windows 7', os.arch: 'amd64', os.version: '6.1', java.version: '1.8.0_20'
Driver info: driver.version: unknown
	at <anonymous class>.nsCommandProcessor.prototype.execute(file:///C:/Users/Madis/AppData/Local/Temp/anonymous6173824733528469993webdriver-profile/extensions/fxdriver@googlecode.com/components/command-processor.js:11683:23)
	at <anonymous class>.Dispatcher.executeAs/<(file:///C:/Users/Madis/AppData/Local/Temp/anonymous6173824733528469993webdriver-profile/extensions/fxdriver@googlecode.com/components/driver-component.js:8430:5)
	at <anonymous class>.Resource.prototype.handle(file:///C:/Users/Madis/AppData/Local/Temp/anonymous6173824733528469993webdriver-profile/extensions/fxdriver@googlecode.com/components/driver-component.js:8577:219)
	at <anonymous class>.Dispatcher.prototype.dispatch(file:///C:/Users/Madis/AppData/Local/Temp/anonymous6173824733528469993webdriver-profile/extensions/fxdriver@googlecode.com/components/driver-component.js:8524:36)
	at <anonymous class>.WebDriverServer/<.handle(file:///C:/Users/Madis/AppData/Local/Temp/anonymous6173824733528469993webdriver-profile/extensions/fxdriver@googlecode.com/components/driver-component.js:11466:5)
	at <anonymous class>.createHandlerFunc/<(file:///C:/Users/Madis/AppData/Local/Temp/anonymous6173824733528469993webdriver-profile/extensions/fxdriver@googlecode.com/components/httpd.js:1935:41)
	at <anonymous class>.ServerHandler.prototype.handleResponse(file:///C:/Users/Madis/AppData/Local/Temp/anonymous6173824733528469993webdriver-profile/extensions/fxdriver@googlecode.com/components/httpd.js:2261:15)
	at <anonymous class>.Connection.prototype.process(file:///C:/Users/Madis/AppData/Local/Temp/anonymous6173824733528469993webdriver-profile/extensions/fxdriver@googlecode.com/components/httpd.js:1168:5)
	at <anonymous class>.RequestReader.prototype._handleResponse(file:///C:/Users/Madis/AppData/Local/Temp/anonymous6173824733528469993webdriver-profile/extensions/fxdriver@googlecode.com/components/httpd.js:1616:5)
	at <anonymous class>.RequestReader.prototype._processBody(file:///C:/Users/Madis/AppData/Local/Temp/anonymous6173824733528469993webdriver-profile/extensions/fxdriver@googlecode.com/components/httpd.js:1464:9)
	at <anonymous class>.RequestReader.prototype.onInputStreamReady(file:///C:/Users/Madis/AppData/Local/Temp/anonymous6173824733528469993webdriver-profile/extensions/fxdriver@googlecode.com/components/httpd.js:1333:9)
]]>
    </failure>
  </testcase> <!-- testLoginInval -->
  <testcase name="testLoginInval" time="0.000" classname="Login.LoginInval">
    <failure type="org.openqa.selenium.NoSuchWindowException" message="Window not found. The browser window may have been closed.
Command duration or timeout: 44 milliseconds
Build info: version: &#039;2.43.1&#039;, revision: &#039;5163bceef1bc36d43f3dc0b83c88998168a363a0&#039;, time: &#039;2014-09-10 09:43:55&#039;
System info: host: &#039;Madis-PC&#039;, ip: &#039;192.168.0.109&#039;, os.name: &#039;Windows 7&#039;, os.arch: &#039;amd64&#039;, os.version: &#039;6.1&#039;, java.version: &#039;1.8.0_20&#039;
Driver info: org.openqa.selenium.firefox.FirefoxDriver
Capabilities [{applicationCacheEnabled=true, rotatable=false, handlesAlerts=true, databaseEnabled=true, version=33.1, platform=WINDOWS, nativeEvents=false, acceptSslCerts=true, webStorageEnabled=true, locationContextEnabled=true, browserName=firefox, takesScreenshot=true, javascriptEnabled=true, cssSelectorsEnabled=true}]
Session ID: 60d394fb-d347-4d79-9328-673bd9f43d5a">
      <![CDATA[org.openqa.selenium.NoSuchWindowException: Window not found. The browser window may have been closed.
Command duration or timeout: 44 milliseconds
Build info: version: '2.43.1', revision: '5163bceef1bc36d43f3dc0b83c88998168a363a0', time: '2014-09-10 09:43:55'
System info: host: 'Madis-PC', ip: '192.168.0.109', os.name: 'Windows 7', os.arch: 'amd64', os.version: '6.1', java.version: '1.8.0_20'
Driver info: org.openqa.selenium.firefox.FirefoxDriver
Capabilities [{applicationCacheEnabled=true, rotatable=false, handlesAlerts=true, databaseEnabled=true, version=33.1, platform=WINDOWS, nativeEvents=false, acceptSslCerts=true, webStorageEnabled=true, locationContextEnabled=true, browserName=firefox, takesScreenshot=true, javascriptEnabled=true, cssSelectorsEnabled=true}]
Session ID: 60d394fb-d347-4d79-9328-673bd9f43d5a
	at sun.reflect.NativeConstructorAccessorImpl.newInstance0(Native Method)
	at sun.reflect.NativeConstructorAccessorImpl.newInstance(NativeConstructorAccessorImpl.java:62)
	at sun.reflect.DelegatingConstructorAccessorImpl.newInstance(DelegatingConstructorAccessorImpl.java:45)
	at java.lang.reflect.Constructor.newInstance(Constructor.java:408)
	at org.openqa.selenium.remote.ErrorHandler.createThrowable(ErrorHandler.java:204)
	at org.openqa.selenium.remote.ErrorHandler.throwIfResponseFailed(ErrorHandler.java:156)
	at org.openqa.selenium.remote.RemoteWebDriver.execute(RemoteWebDriver.java:599)
	at org.openqa.selenium.remote.RemoteWebDriver.execute(RemoteWebDriver.java:614)
	at org.openqa.selenium.remote.RemoteWebDriver.close(RemoteWebDriver.java:463)
	at Utils.Browser.closeBrowser(Browser.java:166)
	at sun.reflect.NativeMethodAccessorImpl.invoke0(Native Method)
	at sun.reflect.NativeMethodAccessorImpl.invoke(NativeMethodAccessorImpl.java:62)
	at sun.reflect.DelegatingMethodAccessorImpl.invoke(DelegatingMethodAccessorImpl.java:43)
	at java.lang.reflect.Method.invoke(Method.java:483)
	at org.testng.internal.MethodInvocationHelper.invokeMethod(MethodInvocationHelper.java:84)
	at org.testng.internal.Invoker.invokeConfigurationMethod(Invoker.java:564)
	at org.testng.internal.Invoker.invokeConfigurations(Invoker.java:213)
	at org.testng.internal.Invoker.invokeMethod(Invoker.java:786)
	at org.testng.internal.Invoker.invokeTestMethod(Invoker.java:901)
	at org.testng.internal.Invoker.invokeTestMethods(Invoker.java:1231)
	at org.testng.internal.TestMethodWorker.invokeTestMethods(TestMethodWorker.java:127)
	at org.testng.internal.TestMethodWorker.run(TestMethodWorker.java:111)
	at org.testng.TestRunner.privateRun(TestRunner.java:767)
	at org.testng.TestRunner.run(TestRunner.java:617)
	at org.testng.SuiteRunner.runTest(SuiteRunner.java:348)
	at org.testng.SuiteRunner.runSequentially(SuiteRunner.java:343)
	at org.testng.SuiteRunner.privateRun(SuiteRunner.java:305)
	at org.testng.SuiteRunner.run(SuiteRunner.java:254)
	at org.testng.SuiteRunnerWorker.runSuite(SuiteRunnerWorker.java:52)
	at org.testng.SuiteRunnerWorker.run(SuiteRunnerWorker.java:86)
	at org.testng.TestNG.runSuitesSequentially(TestNG.java:1224)
	at org.testng.TestNG.runSuitesLocally(TestNG.java:1149)
	at org.testng.TestNG.run(TestNG.java:1057)
	at org.apache.maven.surefire.testng.TestNGExecutor.run(TestNGExecutor.java:295)
	at org.apache.maven.surefire.testng.TestNGXmlTestSuite.execute(TestNGXmlTestSuite.java:84)
	at org.apache.maven.surefire.testng.TestNGProvider.invoke(TestNGProvider.java:90)
	at org.apache.maven.surefire.booter.ForkedBooter.invokeProviderInSameClassLoader(ForkedBooter.java:203)
	at org.apache.maven.surefire.booter.ForkedBooter.runSuitesInProcess(ForkedBooter.java:155)
	at org.apache.maven.surefire.booter.ForkedBooter.main(ForkedBooter.java:103)
Caused by: org.openqa.selenium.NoSuchWindowException: Window not found. The browser window may have been closed.
Build info: version: '2.43.1', revision: '5163bceef1bc36d43f3dc0b83c88998168a363a0', time: '2014-09-10 09:43:55'
System info: host: 'Madis-PC', ip: '192.168.0.109', os.name: 'Windows 7', os.arch: 'amd64', os.version: '6.1', java.version: '1.8.0_20'
Driver info: driver.version: unknown
	at <anonymous class>.nsCommandProcessor.prototype.execute(file:///C:/Users/Madis/AppData/Local/Temp/anonymous6173824733528469993webdriver-profile/extensions/fxdriver@googlecode.com/components/command-processor.js:11683:23)
	at <anonymous class>.Dispatcher.executeAs/<(file:///C:/Users/Madis/AppData/Local/Temp/anonymous6173824733528469993webdriver-profile/extensions/fxdriver@googlecode.com/components/driver-component.js:8430:5)
	at <anonymous class>.Resource.prototype.handle(file:///C:/Users/Madis/AppData/Local/Temp/anonymous6173824733528469993webdriver-profile/extensions/fxdriver@googlecode.com/components/driver-component.js:8577:219)
	at <anonymous class>.Dispatcher.prototype.dispatch(file:///C:/Users/Madis/AppData/Local/Temp/anonymous6173824733528469993webdriver-profile/extensions/fxdriver@googlecode.com/components/driver-component.js:8524:36)
	at <anonymous class>.WebDriverServer/<.handle(file:///C:/Users/Madis/AppData/Local/Temp/anonymous6173824733528469993webdriver-profile/extensions/fxdriver@googlecode.com/components/driver-component.js:11466:5)
	at <anonymous class>.createHandlerFunc/<(file:///C:/Users/Madis/AppData/Local/Temp/anonymous6173824733528469993webdriver-profile/extensions/fxdriver@googlecode.com/components/httpd.js:1935:41)
	at <anonymous class>.ServerHandler.prototype.handleResponse(file:///C:/Users/Madis/AppData/Local/Temp/anonymous6173824733528469993webdriver-profile/extensions/fxdriver@googlecode.com/components/httpd.js:2261:15)
	at <anonymous class>.Connection.prototype.process(file:///C:/Users/Madis/AppData/Local/Temp/anonymous6173824733528469993webdriver-profile/extensions/fxdriver@googlecode.com/components/httpd.js:1168:5)
	at <anonymous class>.RequestReader.prototype._handleResponse(file:///C:/Users/Madis/AppData/Local/Temp/anonymous6173824733528469993webdriver-profile/extensions/fxdriver@googlecode.com/components/httpd.js:1616:5)
	at <anonymous class>.RequestReader.prototype._processBody(file:///C:/Users/Madis/AppData/Local/Temp/anonymous6173824733528469993webdriver-profile/extensions/fxdriver@googlecode.com/components/httpd.js:1464:9)
	at <anonymous class>.RequestReader.prototype.onInputStreamReady(file:///C:/Users/Madis/AppData/Local/Temp/anonymous6173824733528469993webdriver-profile/extensions/fxdriver@googlecode.com/components/httpd.js:1333:9)
]]>
    </failure>
  </testcase> <!-- testLoginInval -->
</testsuite> <!-- Login.LoginInval -->
